<?xml version="1.0" encoding="UTF-8"?>
<testsuites name="Shopper" time="226.961" tests="1" failures="0" errors="0">
   <testsuite name="Shopper" tests="1" failures="0" errors="0" time="226.961" timestamp="2019-11-18 10:52:18" hostname="Saringkan - Saringkan-K" id="Test Suites/Shopper">
      <properties>
         <property name="deviceName" value=""/>
         <property name="devicePlatform" value=""/>
         <property name="logFolder" value="C:\\Users\\Saringkan\\Katalon Studio\\CPN_R5\\Reports\\20191118_105215\\Shopper\\20191118_105215"/>
         <property name="logFiles" value="C:\\Users\\Saringkan\\Katalon Studio\\CPN_R5\\Reports\\20191118_105215\\Shopper\\20191118_105215\\execution0.log"/>
         <property name="attachments" value=""/>
         <property name="hostName" value="Saringkan - Saringkan-K"/>
         <property name="os" value="Windows 10 64bit"/>
         <property name="katalonVersion" value="7.0.4.1"/>
         <property name="browser" value="Chrome 78.0.3904.97"/>
         <property name="hostAddress" value="10.0.2.189"/>
         <property name="sessionId" value="780061d27dadd32e1639c7406754dae1"/>
         <property name="seleniumVersion" value="3.141.59"/>
         <property name="proxyInformation" value="ProxyInformation{proxyOption=NO_PROXY, proxyServerType=HTTP, password=, proxyServerAddress=, proxyServerPort=0}"/>
         <property name="platform" value="Windows 10"/>
      </properties>
      <testcase name="Test Cases/TC-01_CPN_Shopper" time="219.732" classname="Test Cases/TC-01_CPN_Shopper" status="PASSED">
         <system-out><![CDATA[2019-11-18 10:52:18 - [TEST_CASE][PASSED] - Test Cases/TC-01_CPN_Shopper: Test Cases/TC-01_CPN_Shopper

2019-11-18 10:52:19 - [TEST_STEP][PASSED] - closeC = " ": null

2019-11-18 10:52:19 - [TEST_STEP][PASSED] - xlsData = findTestData("Data_CPN_Shopper"): null

2019-11-18 10:52:19 - [TEST_STEP][PASSED] - checkBox = findTestObject("Object Repository/checkbox"): null

2019-11-18 10:52:19 - [TEST_STEP][PASSED] - for ([row = 1, row <= xlsData.getRowNumbers(), (row++)]): Browser is closed

2019-11-18 10:52:19 - [TEST_STEP][PASSED] - openBrowser(""): Browser is opened with url: ''

2019-11-18 10:52:20 - [MESSAGE][INFO] - Starting 'Chrome' driver

2019-11-18 10:52:20 - [MESSAGE][INFO] - Action delay is set to 0 seconds

2019-11-18 10:52:26 - [MESSAGE][PASSED] - Browser is opened with url: ''

2019-11-18 10:52:26 - [TEST_STEP][PASSED] - maximizeWindow(): Current window maximized

2019-11-18 10:52:27 - [MESSAGE][PASSED] - Current window maximized

2019-11-18 10:52:27 - [TEST_STEP][PASSED] - navigateToUrl("https://surveyconduct.feedback180.com/w6w4ie6?round=6"): Navigate to 'https://surveyconduct.feedback180.com/w6w4ie6?round=6' successfully

2019-11-18 10:52:29 - [MESSAGE][PASSED] - Navigate to 'https://surveyconduct.feedback180.com/w6w4ie6?round=6' successfully

2019-11-18 10:52:29 - [TEST_STEP][PASSED] - waitForPageLoad(time): Wait for page load successfully

2019-11-18 10:52:30 - [MESSAGE][PASSED] - Wait for page load successfully

2019-11-18 10:52:30 - [TEST_STEP][PASSED] - click(findTestObject("btn_start")): Object: 'Object Repository/btn_start' is clicked on

2019-11-18 10:52:31 - [MESSAGE][PASSED] - Object: 'Object Repository/btn_start' is clicked on

2019-11-18 10:52:31 - [TEST_STEP][PASSED] - waitForElementVisible(findTestObject("btn_next"), time): Object 'Object Repository/btn_next' is visible

2019-11-18 10:52:31 - [MESSAGE][PASSED] - Object 'Object Repository/btn_next' is visible

2019-11-18 10:52:31 - [TEST_STEP][PASSED] - click(findTestObject("btn_next")): Object: 'Object Repository/btn_next' is clicked on

2019-11-18 10:52:32 - [MESSAGE][PASSED] - Object: 'Object Repository/btn_next' is clicked on

2019-11-18 10:52:32 - [TEST_STEP][PASSED] - click(findTestObject("radio_age", ["age":xlsData.getValue("S1", row)])): Object: 'Object Repository/radio_age' is clicked on

2019-11-18 10:52:32 - [MESSAGE][PASSED] - Object: 'Object Repository/radio_age' is clicked on

2019-11-18 10:52:32 - [TEST_STEP][PASSED] - waitForElementVisible(findTestObject("btn_next"), time): Object 'Object Repository/btn_next' is visible

2019-11-18 10:52:33 - [MESSAGE][PASSED] - Object 'Object Repository/btn_next' is visible

2019-11-18 10:52:33 - [TEST_STEP][PASSED] - click(findTestObject("btn_next")): Object: 'Object Repository/btn_next' is clicked on

2019-11-18 10:52:33 - [MESSAGE][PASSED] - Object: 'Object Repository/btn_next' is clicked on

2019-11-18 10:52:33 - [TEST_STEP][PASSED] - if (getValue("S1", row).equalsIgnoreCase("1")): null

2019-11-18 10:52:33 - [TEST_STEP][PASSED] - else: Browser is closed

2019-11-18 10:52:33 - [TEST_STEP][PASSED] - ansVote = Integer.valueOf(xlsData.getValue("B1_1", row)): null

2019-11-18 10:52:33 - [TEST_STEP][PASSED] - ansVote = ansVote + 1: null

2019-11-18 10:52:33 - [TEST_STEP][PASSED] - click(findTestObject("radio_vote", ["rowNo":"2", "vote":ansVote])): Object: 'Object Repository/radio_vote' is clicked on

2019-11-18 10:52:34 - [MESSAGE][PASSED] - Object: 'Object Repository/radio_vote' is clicked on

2019-11-18 10:52:34 - [TEST_STEP][PASSED] - ansVote = Integer.valueOf(xlsData.getValue("B1_2", row)): null

2019-11-18 10:52:34 - [TEST_STEP][PASSED] - ansVote = ansVote + 1: null

2019-11-18 10:52:34 - [TEST_STEP][PASSED] - click(findTestObject("radio_vote", ["rowNo":"3", "vote":ansVote])): Object: 'Object Repository/radio_vote' is clicked on

2019-11-18 10:52:35 - [MESSAGE][PASSED] - Object: 'Object Repository/radio_vote' is clicked on

2019-11-18 10:52:35 - [TEST_STEP][PASSED] - ansVote = Integer.valueOf(xlsData.getValue("B1_3", row)): null

2019-11-18 10:52:35 - [TEST_STEP][PASSED] - ansVote = ansVote + 1: null

2019-11-18 10:52:35 - [TEST_STEP][PASSED] - click(findTestObject("radio_vote", ["rowNo":"4", "vote":ansVote])): Object: 'Object Repository/radio_vote' is clicked on

2019-11-18 10:52:35 - [MESSAGE][PASSED] - Object: 'Object Repository/radio_vote' is clicked on

2019-11-18 10:52:35 - [TEST_STEP][PASSED] - ansVote = Integer.valueOf(xlsData.getValue("B1_4", row)): null

2019-11-18 10:52:35 - [TEST_STEP][PASSED] - ansVote = ansVote + 1: null

2019-11-18 10:52:35 - [TEST_STEP][PASSED] - click(findTestObject("radio_vote", ["rowNo":"5", "vote":ansVote])): Object: 'Object Repository/radio_vote' is clicked on

2019-11-18 10:52:36 - [MESSAGE][PASSED] - Object: 'Object Repository/radio_vote' is clicked on

2019-11-18 10:52:36 - [TEST_STEP][PASSED] - ansVote = Integer.valueOf(xlsData.getValue("B1_5", row)): null

2019-11-18 10:52:36 - [TEST_STEP][PASSED] - ansVote = ansVote + 1: null

2019-11-18 10:52:36 - [TEST_STEP][PASSED] - click(findTestObject("radio_vote", ["rowNo":"6", "vote":ansVote])): Object: 'Object Repository/radio_vote' is clicked on

2019-11-18 10:52:37 - [MESSAGE][PASSED] - Object: 'Object Repository/radio_vote' is clicked on

2019-11-18 10:52:37 - [TEST_STEP][PASSED] - ansVote = Integer.valueOf(xlsData.getValue("B1_6", row)): null

2019-11-18 10:52:37 - [TEST_STEP][PASSED] - ansVote = ansVote + 1: null

2019-11-18 10:52:37 - [TEST_STEP][PASSED] - click(findTestObject("radio_vote", ["rowNo":"7", "vote":ansVote])): Object: 'Object Repository/radio_vote' is clicked on

2019-11-18 10:52:37 - [MESSAGE][PASSED] - Object: 'Object Repository/radio_vote' is clicked on

2019-11-18 10:52:37 - [TEST_STEP][PASSED] - waitForElementVisible(findTestObject("btn_next"), time): Object 'Object Repository/btn_next' is visible

2019-11-18 10:52:38 - [MESSAGE][PASSED] - Object 'Object Repository/btn_next' is visible

2019-11-18 10:52:38 - [TEST_STEP][PASSED] - click(findTestObject("btn_next")): Object: 'Object Repository/btn_next' is clicked on

2019-11-18 10:52:38 - [MESSAGE][PASSED] - Object: 'Object Repository/btn_next' is clicked on

2019-11-18 10:52:38 - [TEST_STEP][PASSED] - selectOptionByLabel(findTestObject("dropdown_region"), xlsData.getValue("B2_1", row), true): All options with label 'กรุงเทพฯ' are selected in object 'Object Repository/dropdown_region'  using regular expression

2019-11-18 10:52:40 - [MESSAGE][PASSED] - All options with label 'กรุงเทพฯ' are selected in object 'Object Repository/dropdown_region'  using regular expression

2019-11-18 10:52:40 - [TEST_STEP][PASSED] - selectOptionByLabel(findTestObject("dropdown_branch"), xlsData.getValue("B2_2", row), true): All options with label 'เซ็นทรัล วิลเลจ' are selected in object 'Object Repository/dropdown_branch'  using regular expression

2019-11-18 10:52:41 - [MESSAGE][PASSED] - All options with label 'เซ็นทรัล วิลเลจ' are selected in object 'Object Repository/dropdown_branch'  using regular expression

2019-11-18 10:52:41 - [TEST_STEP][PASSED] - waitForElementVisible(findTestObject("btn_next"), time): Object 'Object Repository/btn_next' is visible

2019-11-18 10:52:42 - [MESSAGE][PASSED] - Object 'Object Repository/btn_next' is visible

2019-11-18 10:52:42 - [TEST_STEP][PASSED] - click(findTestObject("btn_next")): Object: 'Object Repository/btn_next' is clicked on

2019-11-18 10:52:42 - [MESSAGE][PASSED] - Object: 'Object Repository/btn_next' is clicked on

2019-11-18 10:52:42 - [TEST_STEP][PASSED] - click(findTestObject("vote_score", ["rowNo":"1", "vote":xlsData.getValue("B3", row)])): Object: 'Object Repository/vote_score' is clicked on

2019-11-18 10:52:43 - [MESSAGE][PASSED] - Object: 'Object Repository/vote_score' is clicked on

2019-11-18 10:52:43 - [TEST_STEP][PASSED] - click(findTestObject("vote_score", ["rowNo":"2", "vote":xlsData.getValue("B4", row)])): Object: 'Object Repository/vote_score' is clicked on

2019-11-18 10:52:43 - [MESSAGE][PASSED] - Object: 'Object Repository/vote_score' is clicked on

2019-11-18 10:52:43 - [TEST_STEP][PASSED] - waitForElementVisible(findTestObject("btn_next"), time): Object 'Object Repository/btn_next' is visible

2019-11-18 10:52:43 - [MESSAGE][PASSED] - Object 'Object Repository/btn_next' is visible

2019-11-18 10:52:43 - [TEST_STEP][PASSED] - click(findTestObject("btn_next")): Object: 'Object Repository/btn_next' is clicked on

2019-11-18 10:52:44 - [MESSAGE][PASSED] - Object: 'Object Repository/btn_next' is clicked on

2019-11-18 10:52:44 - [TEST_STEP][PASSED] - click(findTestObject("vote_score", ["rowNo":"1", "vote":xlsData.getValue("B5_1", row)])): Object: 'Object Repository/vote_score' is clicked on

2019-11-18 10:52:44 - [MESSAGE][PASSED] - Object: 'Object Repository/vote_score' is clicked on

2019-11-18 10:52:44 - [TEST_STEP][PASSED] - click(findTestObject("vote_score", ["rowNo":"2", "vote":xlsData.getValue("B5_2", row)])): Object: 'Object Repository/vote_score' is clicked on

2019-11-18 10:52:45 - [MESSAGE][PASSED] - Object: 'Object Repository/vote_score' is clicked on

2019-11-18 10:52:45 - [TEST_STEP][PASSED] - click(findTestObject("vote_score", ["rowNo":"3", "vote":xlsData.getValue("B5_3", row)])): Object: 'Object Repository/vote_score' is clicked on

2019-11-18 10:52:45 - [MESSAGE][PASSED] - Object: 'Object Repository/vote_score' is clicked on

2019-11-18 10:52:45 - [TEST_STEP][PASSED] - click(findTestObject("vote_score", ["rowNo":"4", "vote":xlsData.getValue("B5_4", row)])): Object: 'Object Repository/vote_score' is clicked on

2019-11-18 10:52:45 - [MESSAGE][PASSED] - Object: 'Object Repository/vote_score' is clicked on

2019-11-18 10:52:45 - [TEST_STEP][PASSED] - closeC = xlsData.getValue("B5_5", row): null

2019-11-18 10:52:45 - [TEST_STEP][PASSED] - if (closeC == "close"): null

2019-11-18 10:52:45 - [TEST_STEP][PASSED] - click(findTestObject("vote_score", ["rowNo":"5", "vote":xlsData.getValue("B5_5", row)])): Object: 'Object Repository/vote_score' is clicked on

2019-11-18 10:52:46 - [MESSAGE][PASSED] - Object: 'Object Repository/vote_score' is clicked on

2019-11-18 10:52:46 - [TEST_STEP][PASSED] - waitForElementVisible(findTestObject("btn_next"), time): Object 'Object Repository/btn_next' is visible

2019-11-18 10:52:46 - [MESSAGE][PASSED] - Object 'Object Repository/btn_next' is visible

2019-11-18 10:52:46 - [TEST_STEP][PASSED] - click(findTestObject("btn_next")): Object: 'Object Repository/btn_next' is clicked on

2019-11-18 10:52:46 - [MESSAGE][PASSED] - Object: 'Object Repository/btn_next' is clicked on

2019-11-18 10:52:46 - [TEST_STEP][PASSED] - click(findTestObject("vote_score", ["rowNo":"1", "vote":xlsData.getValue("B6_1", row)])): Object: 'Object Repository/vote_score' is clicked on

2019-11-18 10:52:47 - [MESSAGE][PASSED] - Object: 'Object Repository/vote_score' is clicked on

2019-11-18 10:52:47 - [TEST_STEP][PASSED] - waitForElementVisible(findTestObject("btn_next"), time): Object 'Object Repository/btn_next' is visible

2019-11-18 10:52:47 - [MESSAGE][PASSED] - Object 'Object Repository/btn_next' is visible

2019-11-18 10:52:47 - [TEST_STEP][PASSED] - click(findTestObject("btn_next")): Object: 'Object Repository/btn_next' is clicked on

2019-11-18 10:52:48 - [MESSAGE][PASSED] - Object: 'Object Repository/btn_next' is clicked on

2019-11-18 10:52:48 - [TEST_STEP][PASSED] - click(findTestObject("vote_score", ["rowNo":"1", "vote":xlsData.getValue("B6_2", row)])): Object: 'Object Repository/vote_score' is clicked on

2019-11-18 10:52:48 - [MESSAGE][PASSED] - Object: 'Object Repository/vote_score' is clicked on

2019-11-18 10:52:48 - [TEST_STEP][PASSED] - click(findTestObject("vote_score", ["rowNo":"2", "vote":xlsData.getValue("B6_3", row)])): Object: 'Object Repository/vote_score' is clicked on

2019-11-18 10:52:49 - [MESSAGE][PASSED] - Object: 'Object Repository/vote_score' is clicked on

2019-11-18 10:52:49 - [TEST_STEP][PASSED] - click(findTestObject("vote_score", ["rowNo":"3", "vote":xlsData.getValue("B6_4", row)])): Object: 'Object Repository/vote_score' is clicked on

2019-11-18 10:52:49 - [MESSAGE][PASSED] - Object: 'Object Repository/vote_score' is clicked on

2019-11-18 10:52:49 - [TEST_STEP][PASSED] - click(findTestObject("vote_score", ["rowNo":"4", "vote":xlsData.getValue("B6_5", row)])): Object: 'Object Repository/vote_score' is clicked on

2019-11-18 10:52:49 - [MESSAGE][PASSED] - Object: 'Object Repository/vote_score' is clicked on

2019-11-18 10:52:49 - [TEST_STEP][PASSED] - scrollToElement(findTestObject("vote_score", ["rowNo":"4", "vote":xlsData.getValue("B6_5", row)]), 3): Scroll to object 'Object Repository/vote_score' successfully

2019-11-18 10:52:50 - [MESSAGE][PASSED] - Scroll to object 'Object Repository/vote_score' successfully

2019-11-18 10:52:50 - [TEST_STEP][PASSED] - if (Integer.valueOf(xlsData.getValue("B6_5", row)) < 3): Text 'Test' is set on object 'Object Repository/text_area1'

2019-11-18 10:52:50 - [TEST_STEP][PASSED] - setText(findTestObject("text_area1", ["rowNo":"1"]), xlsData.getValue("B7_1", row)): Text 'Test' is set on object 'Object Repository/text_area1'

2019-11-18 10:52:50 - [MESSAGE][PASSED] - Text 'Test' is set on object 'Object Repository/text_area1'

2019-11-18 10:52:50 - [TEST_STEP][PASSED] - click(findTestObject("vote_score", ["rowNo":"5", "vote":xlsData.getValue("B6_6", row)])): Object: 'Object Repository/vote_score' is clicked on

2019-11-18 10:52:51 - [MESSAGE][PASSED] - Object: 'Object Repository/vote_score' is clicked on

2019-11-18 10:52:51 - [TEST_STEP][PASSED] - if (Integer.valueOf(xlsData.getValue("B6_6", row)) < 3): Text 'TEST' is set on object 'Object Repository/text_area1'

2019-11-18 10:52:51 - [TEST_STEP][PASSED] - if (Integer.valueOf(xlsData.getValue("B6_5", row)) < 3): Text 'TEST' is set on object 'Object Repository/text_area1'

2019-11-18 10:52:51 - [TEST_STEP][PASSED] - setText(findTestObject("text_area1", ["rowNo":"2"]), xlsData.getValue("B7_2", row)): Text 'TEST' is set on object 'Object Repository/text_area1'

2019-11-18 10:52:52 - [MESSAGE][PASSED] - Text 'TEST' is set on object 'Object Repository/text_area1'

2019-11-18 10:52:52 - [TEST_STEP][PASSED] - waitForElementVisible(findTestObject("btn_next"), time): Object 'Object Repository/btn_next' is visible

2019-11-18 10:52:52 - [MESSAGE][PASSED] - Object 'Object Repository/btn_next' is visible

2019-11-18 10:52:52 - [TEST_STEP][PASSED] - click(findTestObject("btn_next")): Object: 'Object Repository/btn_next' is clicked on

2019-11-18 10:52:52 - [MESSAGE][PASSED] - Object: 'Object Repository/btn_next' is clicked on

2019-11-18 10:52:52 - [TEST_STEP][PASSED] - click(findTestObject("vote_score", ["rowNo":"1", "vote":xlsData.getValue("B6_7", row)])): Object: 'Object Repository/vote_score' is clicked on

2019-11-18 10:52:53 - [MESSAGE][PASSED] - Object: 'Object Repository/vote_score' is clicked on

2019-11-18 10:52:53 - [TEST_STEP][PASSED] - click(findTestObject("vote_score", ["rowNo":"2", "vote":xlsData.getValue("B6_8", row)])): Object: 'Object Repository/vote_score' is clicked on

2019-11-18 10:52:53 - [MESSAGE][PASSED] - Object: 'Object Repository/vote_score' is clicked on

2019-11-18 10:52:53 - [TEST_STEP][PASSED] - click(findTestObject("vote_score", ["rowNo":"3", "vote":xlsData.getValue("B6_9", row)])): Object: 'Object Repository/vote_score' is clicked on

2019-11-18 10:52:53 - [MESSAGE][PASSED] - Object: 'Object Repository/vote_score' is clicked on

2019-11-18 10:52:53 - [TEST_STEP][PASSED] - waitForElementVisible(findTestObject("btn_next"), time): Object 'Object Repository/btn_next' is visible

2019-11-18 10:52:54 - [MESSAGE][PASSED] - Object 'Object Repository/btn_next' is visible

2019-11-18 10:52:54 - [TEST_STEP][PASSED] - click(findTestObject("btn_next")): Object: 'Object Repository/btn_next' is clicked on

2019-11-18 10:52:54 - [MESSAGE][PASSED] - Object: 'Object Repository/btn_next' is clicked on

2019-11-18 10:52:54 - [TEST_STEP][PASSED] - click(findTestObject("vote_score", ["rowNo":"1", "vote":xlsData.getValue("B6_10", row)])): Object: 'Object Repository/vote_score' is clicked on

2019-11-18 10:52:55 - [MESSAGE][PASSED] - Object: 'Object Repository/vote_score' is clicked on

2019-11-18 10:52:55 - [TEST_STEP][PASSED] - click(findTestObject("vote_score", ["rowNo":"2", "vote":xlsData.getValue("B6_11", row)])): Object: 'Object Repository/vote_score' is clicked on

2019-11-18 10:52:55 - [MESSAGE][PASSED] - Object: 'Object Repository/vote_score' is clicked on

2019-11-18 10:52:55 - [TEST_STEP][PASSED] - closeC = xlsData.getValue("B6_12", row): null

2019-11-18 10:52:55 - [TEST_STEP][PASSED] - if (closeC == "close"): null

2019-11-18 10:52:55 - [TEST_STEP][PASSED] - click(findTestObject("vote_score", ["rowNo":"3", "vote":xlsData.getValue("B6_12", row)])): Object: 'Object Repository/vote_score' is clicked on

2019-11-18 10:52:56 - [MESSAGE][PASSED] - Object: 'Object Repository/vote_score' is clicked on

2019-11-18 10:52:56 - [TEST_STEP][PASSED] - click(findTestObject("vote_score", ["rowNo":"4", "vote":xlsData.getValue("B6_13", row)])): Object: 'Object Repository/vote_score' is clicked on

2019-11-18 10:52:56 - [MESSAGE][PASSED] - Object: 'Object Repository/vote_score' is clicked on

2019-11-18 10:52:56 - [TEST_STEP][PASSED] - waitForElementVisible(findTestObject("btn_next"), time): Object 'Object Repository/btn_next' is visible

2019-11-18 10:52:56 - [MESSAGE][PASSED] - Object 'Object Repository/btn_next' is visible

2019-11-18 10:52:56 - [TEST_STEP][PASSED] - click(findTestObject("btn_next")): Object: 'Object Repository/btn_next' is clicked on

2019-11-18 10:52:57 - [MESSAGE][PASSED] - Object: 'Object Repository/btn_next' is clicked on

2019-11-18 10:52:57 - [TEST_STEP][PASSED] - click(findTestObject("vote_score", ["rowNo":"1", "vote":xlsData.getValue("B6_14", row)])): Object: 'Object Repository/vote_score' is clicked on

2019-11-18 10:52:57 - [MESSAGE][PASSED] - Object: 'Object Repository/vote_score' is clicked on

2019-11-18 10:52:57 - [TEST_STEP][PASSED] - click(findTestObject("vote_score", ["rowNo":"2", "vote":xlsData.getValue("B6_15", row)])): Object: 'Object Repository/vote_score' is clicked on

2019-11-18 10:52:58 - [MESSAGE][PASSED] - Object: 'Object Repository/vote_score' is clicked on

2019-11-18 10:52:58 - [TEST_STEP][PASSED] - waitForElementVisible(findTestObject("btn_next"), time): Object 'Object Repository/btn_next' is visible

2019-11-18 10:52:58 - [MESSAGE][PASSED] - Object 'Object Repository/btn_next' is visible

2019-11-18 10:52:58 - [TEST_STEP][PASSED] - click(findTestObject("btn_next")): Object: 'Object Repository/btn_next' is clicked on

2019-11-18 10:52:58 - [MESSAGE][PASSED] - Object: 'Object Repository/btn_next' is clicked on

2019-11-18 10:52:58 - [TEST_STEP][PASSED] - com.fb180.utilities.MyUtilities.myCheckbox1(checkBox, xlsData.getValue("O1", row)): checkbox selected Pass

2019-11-18 10:52:59 - [MESSAGE][PASSED] - checkbox selected Pass

2019-11-18 10:52:59 - [TEST_STEP][PASSED] - if (take(2).reverse() == "ON"): null

2019-11-18 10:52:59 - [TEST_STEP][PASSED] - waitForElementVisible(findTestObject("btn_next"), time): Object 'Object Repository/btn_next' is visible

2019-11-18 10:52:59 - [MESSAGE][PASSED] - Object 'Object Repository/btn_next' is visible

2019-11-18 10:52:59 - [TEST_STEP][PASSED] - org.openqa.selenium.TakesScreenshot: null

2019-11-18 10:52:59 - [TEST_STEP][PASSED] - click(findTestObject("btn_next")): Object: 'Object Repository/btn_next' is clicked on

2019-11-18 10:53:00 - [MESSAGE][PASSED] - Object: 'Object Repository/btn_next' is clicked on

2019-11-18 10:53:00 - [TEST_STEP][PASSED] - extract1 = getValue("O1", row).split(","): null

2019-11-18 10:53:00 - [TEST_STEP][PASSED] - if (extract1[1] == "ON"): null

2019-11-18 10:53:00 - [TEST_STEP][PASSED] - com.fb180.utilities.MyUtilities.myCheckbox1(checkBox, xlsData.getValue("O2", row)): checkbox selected Pass

2019-11-18 10:53:00 - [MESSAGE][PASSED] - checkbox selected Pass

2019-11-18 10:53:00 - [TEST_STEP][PASSED] - waitForElementVisible(findTestObject("btn_next"), time): Object 'Object Repository/btn_next' is visible

2019-11-18 10:53:01 - [MESSAGE][PASSED] - Object 'Object Repository/btn_next' is visible

2019-11-18 10:53:01 - [TEST_STEP][PASSED] - click(findTestObject("btn_next")): Object: 'Object Repository/btn_next' is clicked on

2019-11-18 10:53:01 - [MESSAGE][PASSED] - Object: 'Object Repository/btn_next' is clicked on

2019-11-18 10:53:01 - [TEST_STEP][PASSED] - extract2 = getValue("O2", row).split(","): null

2019-11-18 10:53:01 - [TEST_STEP][PASSED] - if (extract2[0] == "ON"): Object: 'Object Repository/btn_next' is clicked on

2019-11-18 10:53:01 - [TEST_STEP][PASSED] - com.fb180.utilities.MyUtilities.myCheckbox1(checkBox, xlsData.getValue("O2_C1", row)): checkbox selected Pass

2019-11-18 10:53:02 - [MESSAGE][PASSED] - checkbox selected Pass

2019-11-18 10:53:02 - [TEST_STEP][PASSED] - waitForElementVisible(findTestObject("btn_next"), time): Object 'Object Repository/btn_next' is visible

2019-11-18 10:53:02 - [MESSAGE][PASSED] - Object 'Object Repository/btn_next' is visible

2019-11-18 10:53:02 - [TEST_STEP][PASSED] - click(findTestObject("btn_next")): Object: 'Object Repository/btn_next' is clicked on

2019-11-18 10:53:03 - [MESSAGE][PASSED] - Object: 'Object Repository/btn_next' is clicked on

2019-11-18 10:53:03 - [TEST_STEP][PASSED] - if (extract2[1] == "ON"): null

2019-11-18 10:53:03 - [TEST_STEP][PASSED] - if (extract2[2] == "ON"): null

2019-11-18 10:53:03 - [TEST_STEP][PASSED] - if (extract2[3] == "ON"): null

2019-11-18 10:53:03 - [TEST_STEP][PASSED] - if (extract1[2] == "ON"): null

2019-11-18 10:53:03 - [TEST_STEP][PASSED] - if (extract1[3] == "ON"): null

2019-11-18 10:53:03 - [TEST_STEP][PASSED] - setText(findTestObject("text_area2"), xlsData.getValue("S5", row)): Text 'TestTC_01_03' is set on object 'Object Repository/text_area2'

2019-11-18 10:53:03 - [MESSAGE][PASSED] - Text 'TestTC_01_03' is set on object 'Object Repository/text_area2'

2019-11-18 10:53:03 - [TEST_STEP][PASSED] - waitForElementVisible(findTestObject("btn_next"), time): Object 'Object Repository/btn_next' is visible

2019-11-18 10:53:04 - [MESSAGE][PASSED] - Object 'Object Repository/btn_next' is visible

2019-11-18 10:53:04 - [TEST_STEP][PASSED] - click(findTestObject("btn_next")): Object: 'Object Repository/btn_next' is clicked on

2019-11-18 10:53:04 - [MESSAGE][PASSED] - Object: 'Object Repository/btn_next' is clicked on

2019-11-18 10:53:04 - [TEST_STEP][PASSED] - setText(findTestObject("text_area3", ["text":"1"]), xlsData.getValue("P1_1", row)): Text 'Axxx' is set on object 'Object Repository/text_area3'

2019-11-18 10:53:05 - [MESSAGE][PASSED] - Text 'Axxx' is set on object 'Object Repository/text_area3'

2019-11-18 10:53:05 - [TEST_STEP][PASSED] - setText(findTestObject("text_area3", ["text":"2"]), xlsData.getValue("P1_2", row)): Text 'Abcd' is set on object 'Object Repository/text_area3'

2019-11-18 10:53:05 - [MESSAGE][PASSED] - Text 'Abcd' is set on object 'Object Repository/text_area3'

2019-11-18 10:53:05 - [TEST_STEP][PASSED] - setText(findTestObject("text_area3", ["text":"3"]), xlsData.getValue("P2", row)): Text '1220344549909' is set on object 'Object Repository/text_area3'

2019-11-18 10:53:06 - [MESSAGE][PASSED] - Text '1220344549909' is set on object 'Object Repository/text_area3'

2019-11-18 10:53:06 - [TEST_STEP][PASSED] - click(findTestObject("radio_sex", ["sex":xlsData.getValue("P3", row)])): Object: 'Object Repository/radio_sex' is clicked on

2019-11-18 10:53:06 - [MESSAGE][PASSED] - Object: 'Object Repository/radio_sex' is clicked on

2019-11-18 10:53:06 - [TEST_STEP][PASSED] - click(findTestObject("radio_salary", ["salary":xlsData.getValue("P4", row)])): Object: 'Object Repository/radio_salary' is clicked on

2019-11-18 10:53:07 - [MESSAGE][PASSED] - Object: 'Object Repository/radio_salary' is clicked on

2019-11-18 10:53:07 - [TEST_STEP][PASSED] - waitForElementVisible(findTestObject("btn_next"), time): Object 'Object Repository/btn_next' is visible

2019-11-18 10:53:07 - [MESSAGE][PASSED] - Object 'Object Repository/btn_next' is visible

2019-11-18 10:53:07 - [TEST_STEP][PASSED] - click(findTestObject("btn_next")): Object: 'Object Repository/btn_next' is clicked on

2019-11-18 10:53:08 - [MESSAGE][PASSED] - Object: 'Object Repository/btn_next' is clicked on

2019-11-18 10:53:08 - [TEST_STEP][PASSED] - delay(5): Delayed 5 second(s)

2019-11-18 10:53:13 - [MESSAGE][PASSED] - Delayed 5 second(s)

2019-11-18 10:53:13 - [TEST_STEP][PASSED] - closeBrowser(): Browser is closed

2019-11-18 10:53:13 - [MESSAGE][PASSED] - Browser is closed

2019-11-18 10:53:13 - [TEST_STEP][PASSED] - openBrowser(""): Browser is opened with url: ''

2019-11-18 10:53:13 - [MESSAGE][INFO] - Starting 'Chrome' driver

2019-11-18 10:53:15 - [MESSAGE][PASSED] - Browser is opened with url: ''

2019-11-18 10:53:15 - [TEST_STEP][PASSED] - maximizeWindow(): Current window maximized

2019-11-18 10:53:17 - [MESSAGE][PASSED] - Current window maximized

2019-11-18 10:53:17 - [TEST_STEP][PASSED] - navigateToUrl("https://surveyconduct.feedback180.com/w6w4ie6?round=6"): Navigate to 'https://surveyconduct.feedback180.com/w6w4ie6?round=6' successfully

2019-11-18 10:53:18 - [MESSAGE][PASSED] - Navigate to 'https://surveyconduct.feedback180.com/w6w4ie6?round=6' successfully

2019-11-18 10:53:18 - [TEST_STEP][PASSED] - waitForPageLoad(time): Wait for page load successfully

2019-11-18 10:53:18 - [MESSAGE][PASSED] - Wait for page load successfully

2019-11-18 10:53:18 - [TEST_STEP][PASSED] - click(findTestObject("btn_start")): Object: 'Object Repository/btn_start' is clicked on

2019-11-18 10:53:19 - [MESSAGE][PASSED] - Object: 'Object Repository/btn_start' is clicked on

2019-11-18 10:53:19 - [TEST_STEP][PASSED] - waitForElementVisible(findTestObject("btn_next"), time): Object 'Object Repository/btn_next' is visible

2019-11-18 10:53:20 - [MESSAGE][PASSED] - Object 'Object Repository/btn_next' is visible

2019-11-18 10:53:20 - [TEST_STEP][PASSED] - click(findTestObject("btn_next")): Object: 'Object Repository/btn_next' is clicked on

2019-11-18 10:53:20 - [MESSAGE][PASSED] - Object: 'Object Repository/btn_next' is clicked on

2019-11-18 10:53:20 - [TEST_STEP][PASSED] - click(findTestObject("radio_age", ["age":xlsData.getValue("S1", row)])): Object: 'Object Repository/radio_age' is clicked on

2019-11-18 10:53:21 - [MESSAGE][PASSED] - Object: 'Object Repository/radio_age' is clicked on

2019-11-18 10:53:21 - [TEST_STEP][PASSED] - waitForElementVisible(findTestObject("btn_next"), time): Object 'Object Repository/btn_next' is visible

2019-11-18 10:53:22 - [MESSAGE][PASSED] - Object 'Object Repository/btn_next' is visible

2019-11-18 10:53:22 - [TEST_STEP][PASSED] - click(findTestObject("btn_next")): Object: 'Object Repository/btn_next' is clicked on

2019-11-18 10:53:22 - [MESSAGE][PASSED] - Object: 'Object Repository/btn_next' is clicked on

2019-11-18 10:53:22 - [TEST_STEP][PASSED] - if (getValue("S1", row).equalsIgnoreCase("1")): null

2019-11-18 10:53:22 - [TEST_STEP][PASSED] - else: Browser is closed

2019-11-18 10:53:22 - [TEST_STEP][PASSED] - ansVote = Integer.valueOf(xlsData.getValue("B1_1", row)): null

2019-11-18 10:53:22 - [TEST_STEP][PASSED] - ansVote = ansVote + 1: null

2019-11-18 10:53:22 - [TEST_STEP][PASSED] - click(findTestObject("radio_vote", ["rowNo":"2", "vote":ansVote])): Object: 'Object Repository/radio_vote' is clicked on

2019-11-18 10:53:22 - [MESSAGE][PASSED] - Object: 'Object Repository/radio_vote' is clicked on

2019-11-18 10:53:22 - [TEST_STEP][PASSED] - ansVote = Integer.valueOf(xlsData.getValue("B1_2", row)): null

2019-11-18 10:53:22 - [TEST_STEP][PASSED] - ansVote = ansVote + 1: null

2019-11-18 10:53:22 - [TEST_STEP][PASSED] - click(findTestObject("radio_vote", ["rowNo":"3", "vote":ansVote])): Object: 'Object Repository/radio_vote' is clicked on

2019-11-18 10:53:23 - [MESSAGE][PASSED] - Object: 'Object Repository/radio_vote' is clicked on

2019-11-18 10:53:23 - [TEST_STEP][PASSED] - ansVote = Integer.valueOf(xlsData.getValue("B1_3", row)): null

2019-11-18 10:53:23 - [TEST_STEP][PASSED] - ansVote = ansVote + 1: null

2019-11-18 10:53:23 - [TEST_STEP][PASSED] - click(findTestObject("radio_vote", ["rowNo":"4", "vote":ansVote])): Object: 'Object Repository/radio_vote' is clicked on

2019-11-18 10:53:24 - [MESSAGE][PASSED] - Object: 'Object Repository/radio_vote' is clicked on

2019-11-18 10:53:24 - [TEST_STEP][PASSED] - ansVote = Integer.valueOf(xlsData.getValue("B1_4", row)): null

2019-11-18 10:53:24 - [TEST_STEP][PASSED] - ansVote = ansVote + 1: null

2019-11-18 10:53:24 - [TEST_STEP][PASSED] - click(findTestObject("radio_vote", ["rowNo":"5", "vote":ansVote])): Object: 'Object Repository/radio_vote' is clicked on

2019-11-18 10:53:25 - [MESSAGE][PASSED] - Object: 'Object Repository/radio_vote' is clicked on

2019-11-18 10:53:25 - [TEST_STEP][PASSED] - ansVote = Integer.valueOf(xlsData.getValue("B1_5", row)): null

2019-11-18 10:53:25 - [TEST_STEP][PASSED] - ansVote = ansVote + 1: null

2019-11-18 10:53:25 - [TEST_STEP][PASSED] - click(findTestObject("radio_vote", ["rowNo":"6", "vote":ansVote])): Object: 'Object Repository/radio_vote' is clicked on

2019-11-18 10:53:25 - [MESSAGE][PASSED] - Object: 'Object Repository/radio_vote' is clicked on

2019-11-18 10:53:25 - [TEST_STEP][PASSED] - ansVote = Integer.valueOf(xlsData.getValue("B1_6", row)): null

2019-11-18 10:53:25 - [TEST_STEP][PASSED] - ansVote = ansVote + 1: null

2019-11-18 10:53:25 - [TEST_STEP][PASSED] - click(findTestObject("radio_vote", ["rowNo":"7", "vote":ansVote])): Object: 'Object Repository/radio_vote' is clicked on

2019-11-18 10:53:26 - [MESSAGE][PASSED] - Object: 'Object Repository/radio_vote' is clicked on

2019-11-18 10:53:26 - [TEST_STEP][PASSED] - waitForElementVisible(findTestObject("btn_next"), time): Object 'Object Repository/btn_next' is visible

2019-11-18 10:53:26 - [MESSAGE][PASSED] - Object 'Object Repository/btn_next' is visible

2019-11-18 10:53:26 - [TEST_STEP][PASSED] - click(findTestObject("btn_next")): Object: 'Object Repository/btn_next' is clicked on

2019-11-18 10:53:27 - [MESSAGE][PASSED] - Object: 'Object Repository/btn_next' is clicked on

2019-11-18 10:53:27 - [TEST_STEP][PASSED] - selectOptionByLabel(findTestObject("dropdown_region"), xlsData.getValue("B2_1", row), true): All options with label 'กรุงเทพฯ' are selected in object 'Object Repository/dropdown_region'  using regular expression

2019-11-18 10:53:28 - [MESSAGE][PASSED] - All options with label 'กรุงเทพฯ' are selected in object 'Object Repository/dropdown_region'  using regular expression

2019-11-18 10:53:28 - [TEST_STEP][PASSED] - selectOptionByLabel(findTestObject("dropdown_branch"), xlsData.getValue("B2_2", row), true): All options with label 'เซ็นทรัลพลาซา มหาชัย' are selected in object 'Object Repository/dropdown_branch'  using regular expression

2019-11-18 10:53:29 - [MESSAGE][PASSED] - All options with label 'เซ็นทรัลพลาซา มหาชัย' are selected in object 'Object Repository/dropdown_branch'  using regular expression

2019-11-18 10:53:29 - [TEST_STEP][PASSED] - waitForElementVisible(findTestObject("btn_next"), time): Object 'Object Repository/btn_next' is visible

2019-11-18 10:53:30 - [MESSAGE][PASSED] - Object 'Object Repository/btn_next' is visible

2019-11-18 10:53:30 - [TEST_STEP][PASSED] - click(findTestObject("btn_next")): Object: 'Object Repository/btn_next' is clicked on

2019-11-18 10:53:30 - [MESSAGE][PASSED] - Object: 'Object Repository/btn_next' is clicked on

2019-11-18 10:53:30 - [TEST_STEP][PASSED] - click(findTestObject("vote_score", ["rowNo":"1", "vote":xlsData.getValue("B3", row)])): Object: 'Object Repository/vote_score' is clicked on

2019-11-18 10:53:31 - [MESSAGE][PASSED] - Object: 'Object Repository/vote_score' is clicked on

2019-11-18 10:53:31 - [TEST_STEP][PASSED] - click(findTestObject("vote_score", ["rowNo":"2", "vote":xlsData.getValue("B4", row)])): Object: 'Object Repository/vote_score' is clicked on

2019-11-18 10:53:31 - [MESSAGE][PASSED] - Object: 'Object Repository/vote_score' is clicked on

2019-11-18 10:53:31 - [TEST_STEP][PASSED] - waitForElementVisible(findTestObject("btn_next"), time): Object 'Object Repository/btn_next' is visible

2019-11-18 10:53:32 - [MESSAGE][PASSED] - Object 'Object Repository/btn_next' is visible

2019-11-18 10:53:32 - [TEST_STEP][PASSED] - click(findTestObject("btn_next")): Object: 'Object Repository/btn_next' is clicked on

2019-11-18 10:53:32 - [MESSAGE][PASSED] - Object: 'Object Repository/btn_next' is clicked on

2019-11-18 10:53:32 - [TEST_STEP][PASSED] - click(findTestObject("vote_score", ["rowNo":"1", "vote":xlsData.getValue("B5_1", row)])): Object: 'Object Repository/vote_score' is clicked on

2019-11-18 10:53:33 - [MESSAGE][PASSED] - Object: 'Object Repository/vote_score' is clicked on

2019-11-18 10:53:33 - [TEST_STEP][PASSED] - click(findTestObject("vote_score", ["rowNo":"2", "vote":xlsData.getValue("B5_2", row)])): Object: 'Object Repository/vote_score' is clicked on

2019-11-18 10:53:33 - [MESSAGE][PASSED] - Object: 'Object Repository/vote_score' is clicked on

2019-11-18 10:53:33 - [TEST_STEP][PASSED] - click(findTestObject("vote_score", ["rowNo":"3", "vote":xlsData.getValue("B5_3", row)])): Object: 'Object Repository/vote_score' is clicked on

2019-11-18 10:53:33 - [MESSAGE][PASSED] - Object: 'Object Repository/vote_score' is clicked on

2019-11-18 10:53:33 - [TEST_STEP][PASSED] - click(findTestObject("vote_score", ["rowNo":"4", "vote":xlsData.getValue("B5_4", row)])): Object: 'Object Repository/vote_score' is clicked on

2019-11-18 10:53:34 - [MESSAGE][PASSED] - Object: 'Object Repository/vote_score' is clicked on

2019-11-18 10:53:34 - [TEST_STEP][PASSED] - closeC = xlsData.getValue("B5_5", row): null

2019-11-18 10:53:34 - [TEST_STEP][PASSED] - if (closeC == "close"): null

2019-11-18 10:53:34 - [TEST_STEP][PASSED] - click(findTestObject("vote_score", ["rowNo":"5", "vote":xlsData.getValue("B5_5", row)])): Object: 'Object Repository/vote_score' is clicked on

2019-11-18 10:53:34 - [MESSAGE][PASSED] - Object: 'Object Repository/vote_score' is clicked on

2019-11-18 10:53:34 - [TEST_STEP][PASSED] - waitForElementVisible(findTestObject("btn_next"), time): Object 'Object Repository/btn_next' is visible

2019-11-18 10:53:34 - [MESSAGE][PASSED] - Object 'Object Repository/btn_next' is visible

2019-11-18 10:53:34 - [TEST_STEP][PASSED] - click(findTestObject("btn_next")): Object: 'Object Repository/btn_next' is clicked on

2019-11-18 10:53:35 - [MESSAGE][PASSED] - Object: 'Object Repository/btn_next' is clicked on

2019-11-18 10:53:35 - [TEST_STEP][PASSED] - click(findTestObject("vote_score", ["rowNo":"1", "vote":xlsData.getValue("B6_1", row)])): Object: 'Object Repository/vote_score' is clicked on

2019-11-18 10:53:35 - [MESSAGE][PASSED] - Object: 'Object Repository/vote_score' is clicked on

2019-11-18 10:53:35 - [TEST_STEP][PASSED] - waitForElementVisible(findTestObject("btn_next"), time): Object 'Object Repository/btn_next' is visible

2019-11-18 10:53:36 - [MESSAGE][PASSED] - Object 'Object Repository/btn_next' is visible

2019-11-18 10:53:36 - [TEST_STEP][PASSED] - click(findTestObject("btn_next")): Object: 'Object Repository/btn_next' is clicked on

2019-11-18 10:53:36 - [MESSAGE][PASSED] - Object: 'Object Repository/btn_next' is clicked on

2019-11-18 10:53:36 - [TEST_STEP][PASSED] - click(findTestObject("vote_score", ["rowNo":"1", "vote":xlsData.getValue("B6_2", row)])): Object: 'Object Repository/vote_score' is clicked on

2019-11-18 10:53:37 - [MESSAGE][PASSED] - Object: 'Object Repository/vote_score' is clicked on

2019-11-18 10:53:37 - [TEST_STEP][PASSED] - click(findTestObject("vote_score", ["rowNo":"2", "vote":xlsData.getValue("B6_3", row)])): Object: 'Object Repository/vote_score' is clicked on

2019-11-18 10:53:37 - [MESSAGE][PASSED] - Object: 'Object Repository/vote_score' is clicked on

2019-11-18 10:53:37 - [TEST_STEP][PASSED] - click(findTestObject("vote_score", ["rowNo":"3", "vote":xlsData.getValue("B6_4", row)])): Object: 'Object Repository/vote_score' is clicked on

2019-11-18 10:53:37 - [MESSAGE][PASSED] - Object: 'Object Repository/vote_score' is clicked on

2019-11-18 10:53:37 - [TEST_STEP][PASSED] - click(findTestObject("vote_score", ["rowNo":"4", "vote":xlsData.getValue("B6_5", row)])): Object: 'Object Repository/vote_score' is clicked on

2019-11-18 10:53:38 - [MESSAGE][PASSED] - Object: 'Object Repository/vote_score' is clicked on

2019-11-18 10:53:38 - [TEST_STEP][PASSED] - scrollToElement(findTestObject("vote_score", ["rowNo":"4", "vote":xlsData.getValue("B6_5", row)]), 3): Scroll to object 'Object Repository/vote_score' successfully

2019-11-18 10:53:38 - [MESSAGE][PASSED] - Scroll to object 'Object Repository/vote_score' successfully

2019-11-18 10:53:38 - [TEST_STEP][PASSED] - if (Integer.valueOf(xlsData.getValue("B6_5", row)) < 3): Text 'TEST' is set on object 'Object Repository/text_area1'

2019-11-18 10:53:38 - [TEST_STEP][PASSED] - setText(findTestObject("text_area1", ["rowNo":"1"]), xlsData.getValue("B7_1", row)): Text 'TEST' is set on object 'Object Repository/text_area1'

2019-11-18 10:53:39 - [MESSAGE][PASSED] - Text 'TEST' is set on object 'Object Repository/text_area1'

2019-11-18 10:53:39 - [TEST_STEP][PASSED] - click(findTestObject("vote_score", ["rowNo":"5", "vote":xlsData.getValue("B6_6", row)])): Object: 'Object Repository/vote_score' is clicked on

2019-11-18 10:53:39 - [MESSAGE][PASSED] - Object: 'Object Repository/vote_score' is clicked on

2019-11-18 10:53:39 - [TEST_STEP][PASSED] - if (Integer.valueOf(xlsData.getValue("B6_6", row)) < 3): Text 'TEST' is set on object 'Object Repository/text_area1'

2019-11-18 10:53:39 - [TEST_STEP][PASSED] - if (Integer.valueOf(xlsData.getValue("B6_5", row)) < 3): Text 'TEST' is set on object 'Object Repository/text_area1'

2019-11-18 10:53:39 - [TEST_STEP][PASSED] - setText(findTestObject("text_area1", ["rowNo":"2"]), xlsData.getValue("B7_2", row)): Text 'TEST' is set on object 'Object Repository/text_area1'

2019-11-18 10:53:40 - [MESSAGE][PASSED] - Text 'TEST' is set on object 'Object Repository/text_area1'

2019-11-18 10:53:40 - [TEST_STEP][PASSED] - waitForElementVisible(findTestObject("btn_next"), time): Object 'Object Repository/btn_next' is visible

2019-11-18 10:53:40 - [MESSAGE][PASSED] - Object 'Object Repository/btn_next' is visible

2019-11-18 10:53:40 - [TEST_STEP][PASSED] - click(findTestObject("btn_next")): Object: 'Object Repository/btn_next' is clicked on

2019-11-18 10:53:41 - [MESSAGE][PASSED] - Object: 'Object Repository/btn_next' is clicked on

2019-11-18 10:53:41 - [TEST_STEP][PASSED] - click(findTestObject("vote_score", ["rowNo":"1", "vote":xlsData.getValue("B6_7", row)])): Object: 'Object Repository/vote_score' is clicked on

2019-11-18 10:53:41 - [MESSAGE][PASSED] - Object: 'Object Repository/vote_score' is clicked on

2019-11-18 10:53:41 - [TEST_STEP][PASSED] - click(findTestObject("vote_score", ["rowNo":"2", "vote":xlsData.getValue("B6_8", row)])): Object: 'Object Repository/vote_score' is clicked on

2019-11-18 10:53:42 - [MESSAGE][PASSED] - Object: 'Object Repository/vote_score' is clicked on

2019-11-18 10:53:42 - [TEST_STEP][PASSED] - click(findTestObject("vote_score", ["rowNo":"3", "vote":xlsData.getValue("B6_9", row)])): Object: 'Object Repository/vote_score' is clicked on

2019-11-18 10:53:42 - [MESSAGE][PASSED] - Object: 'Object Repository/vote_score' is clicked on

2019-11-18 10:53:42 - [TEST_STEP][PASSED] - waitForElementVisible(findTestObject("btn_next"), time): Object 'Object Repository/btn_next' is visible

2019-11-18 10:53:42 - [MESSAGE][PASSED] - Object 'Object Repository/btn_next' is visible

2019-11-18 10:53:42 - [TEST_STEP][PASSED] - click(findTestObject("btn_next")): Object: 'Object Repository/btn_next' is clicked on

2019-11-18 10:53:43 - [MESSAGE][PASSED] - Object: 'Object Repository/btn_next' is clicked on

2019-11-18 10:53:43 - [TEST_STEP][PASSED] - click(findTestObject("vote_score", ["rowNo":"1", "vote":xlsData.getValue("B6_10", row)])): Object: 'Object Repository/vote_score' is clicked on

2019-11-18 10:53:43 - [MESSAGE][PASSED] - Object: 'Object Repository/vote_score' is clicked on

2019-11-18 10:53:43 - [TEST_STEP][PASSED] - click(findTestObject("vote_score", ["rowNo":"2", "vote":xlsData.getValue("B6_11", row)])): Object: 'Object Repository/vote_score' is clicked on

2019-11-18 10:53:44 - [MESSAGE][PASSED] - Object: 'Object Repository/vote_score' is clicked on

2019-11-18 10:53:44 - [TEST_STEP][PASSED] - closeC = xlsData.getValue("B6_12", row): null

2019-11-18 10:53:44 - [TEST_STEP][PASSED] - if (closeC == "close"): null

2019-11-18 10:53:44 - [TEST_STEP][PASSED] - click(findTestObject("vote_score", ["rowNo":"3", "vote":xlsData.getValue("B6_12", row)])): Object: 'Object Repository/vote_score' is clicked on

2019-11-18 10:53:44 - [MESSAGE][PASSED] - Object: 'Object Repository/vote_score' is clicked on

2019-11-18 10:53:44 - [TEST_STEP][PASSED] - click(findTestObject("vote_score", ["rowNo":"4", "vote":xlsData.getValue("B6_13", row)])): Object: 'Object Repository/vote_score' is clicked on

2019-11-18 10:53:44 - [MESSAGE][PASSED] - Object: 'Object Repository/vote_score' is clicked on

2019-11-18 10:53:44 - [TEST_STEP][PASSED] - waitForElementVisible(findTestObject("btn_next"), time): Object 'Object Repository/btn_next' is visible

2019-11-18 10:53:45 - [MESSAGE][PASSED] - Object 'Object Repository/btn_next' is visible

2019-11-18 10:53:45 - [TEST_STEP][PASSED] - click(findTestObject("btn_next")): Object: 'Object Repository/btn_next' is clicked on

2019-11-18 10:53:45 - [MESSAGE][PASSED] - Object: 'Object Repository/btn_next' is clicked on

2019-11-18 10:53:45 - [TEST_STEP][PASSED] - click(findTestObject("vote_score", ["rowNo":"1", "vote":xlsData.getValue("B6_14", row)])): Object: 'Object Repository/vote_score' is clicked on

2019-11-18 10:53:46 - [MESSAGE][PASSED] - Object: 'Object Repository/vote_score' is clicked on

2019-11-18 10:53:46 - [TEST_STEP][PASSED] - click(findTestObject("vote_score", ["rowNo":"2", "vote":xlsData.getValue("B6_15", row)])): Object: 'Object Repository/vote_score' is clicked on

2019-11-18 10:53:46 - [MESSAGE][PASSED] - Object: 'Object Repository/vote_score' is clicked on

2019-11-18 10:53:46 - [TEST_STEP][PASSED] - waitForElementVisible(findTestObject("btn_next"), time): Object 'Object Repository/btn_next' is visible

2019-11-18 10:53:46 - [MESSAGE][PASSED] - Object 'Object Repository/btn_next' is visible

2019-11-18 10:53:46 - [TEST_STEP][PASSED] - click(findTestObject("btn_next")): Object: 'Object Repository/btn_next' is clicked on

2019-11-18 10:53:47 - [MESSAGE][PASSED] - Object: 'Object Repository/btn_next' is clicked on

2019-11-18 10:53:47 - [TEST_STEP][PASSED] - com.fb180.utilities.MyUtilities.myCheckbox1(checkBox, xlsData.getValue("O1", row)): checkbox selected Pass

2019-11-18 10:53:47 - [MESSAGE][PASSED] - checkbox selected Pass

2019-11-18 10:53:47 - [TEST_STEP][PASSED] - if (take(2).reverse() == "ON"): null

2019-11-18 10:53:47 - [TEST_STEP][PASSED] - waitForElementVisible(findTestObject("btn_next"), time): Object 'Object Repository/btn_next' is visible

2019-11-18 10:53:48 - [MESSAGE][PASSED] - Object 'Object Repository/btn_next' is visible

2019-11-18 10:53:48 - [TEST_STEP][PASSED] - org.openqa.selenium.TakesScreenshot: null

2019-11-18 10:53:48 - [TEST_STEP][PASSED] - click(findTestObject("btn_next")): Object: 'Object Repository/btn_next' is clicked on

2019-11-18 10:53:48 - [MESSAGE][PASSED] - Object: 'Object Repository/btn_next' is clicked on

2019-11-18 10:53:48 - [TEST_STEP][PASSED] - extract1 = getValue("O1", row).split(","): null

2019-11-18 10:53:48 - [TEST_STEP][PASSED] - if (extract1[1] == "ON"): null

2019-11-18 10:53:48 - [TEST_STEP][PASSED] - com.fb180.utilities.MyUtilities.myCheckbox1(checkBox, xlsData.getValue("O2", row)): checkbox selected Pass

2019-11-18 10:53:49 - [MESSAGE][PASSED] - checkbox selected Pass

2019-11-18 10:53:49 - [TEST_STEP][PASSED] - waitForElementVisible(findTestObject("btn_next"), time): Object 'Object Repository/btn_next' is visible

2019-11-18 10:53:49 - [MESSAGE][PASSED] - Object 'Object Repository/btn_next' is visible

2019-11-18 10:53:49 - [TEST_STEP][PASSED] - click(findTestObject("btn_next")): Object: 'Object Repository/btn_next' is clicked on

2019-11-18 10:53:50 - [MESSAGE][PASSED] - Object: 'Object Repository/btn_next' is clicked on

2019-11-18 10:53:50 - [TEST_STEP][PASSED] - extract2 = getValue("O2", row).split(","): null

2019-11-18 10:53:50 - [TEST_STEP][PASSED] - if (extract2[0] == "ON"): Object: 'Object Repository/btn_next' is clicked on

2019-11-18 10:53:50 - [TEST_STEP][PASSED] - com.fb180.utilities.MyUtilities.myCheckbox1(checkBox, xlsData.getValue("O2_C1", row)): checkbox selected Pass

2019-11-18 10:53:50 - [MESSAGE][PASSED] - checkbox selected Pass

2019-11-18 10:53:50 - [TEST_STEP][PASSED] - waitForElementVisible(findTestObject("btn_next"), time): Object 'Object Repository/btn_next' is visible

2019-11-18 10:53:51 - [MESSAGE][PASSED] - Object 'Object Repository/btn_next' is visible

2019-11-18 10:53:51 - [TEST_STEP][PASSED] - click(findTestObject("btn_next")): Object: 'Object Repository/btn_next' is clicked on

2019-11-18 10:53:51 - [MESSAGE][PASSED] - Object: 'Object Repository/btn_next' is clicked on

2019-11-18 10:53:51 - [TEST_STEP][PASSED] - if (extract2[1] == "ON"): Object: 'Object Repository/btn_next' is clicked on

2019-11-18 10:53:51 - [TEST_STEP][PASSED] - com.fb180.utilities.MyUtilities.myCheckbox1(checkBox, xlsData.getValue("O2_C2", row)): checkbox selected Pass

2019-11-18 10:53:52 - [MESSAGE][PASSED] - checkbox selected Pass

2019-11-18 10:53:52 - [TEST_STEP][PASSED] - waitForElementVisible(findTestObject("btn_next"), time): Object 'Object Repository/btn_next' is visible

2019-11-18 10:53:52 - [MESSAGE][PASSED] - Object 'Object Repository/btn_next' is visible

2019-11-18 10:53:52 - [TEST_STEP][PASSED] - click(findTestObject("btn_next")): Object: 'Object Repository/btn_next' is clicked on

2019-11-18 10:53:53 - [MESSAGE][PASSED] - Object: 'Object Repository/btn_next' is clicked on

2019-11-18 10:53:53 - [TEST_STEP][PASSED] - if (extract2[2] == "ON"): null

2019-11-18 10:53:53 - [TEST_STEP][PASSED] - if (extract2[3] == "ON"): null

2019-11-18 10:53:53 - [TEST_STEP][PASSED] - if (extract1[2] == "ON"): null

2019-11-18 10:53:53 - [TEST_STEP][PASSED] - if (extract1[3] == "ON"): null

2019-11-18 10:53:53 - [TEST_STEP][PASSED] - setText(findTestObject("text_area2"), xlsData.getValue("S5", row)): Text 'ทดสอบระบบ TC_01_02' is set on object 'Object Repository/text_area2'

2019-11-18 10:53:53 - [MESSAGE][PASSED] - Text 'ทดสอบระบบ TC_01_02' is set on object 'Object Repository/text_area2'

2019-11-18 10:53:53 - [TEST_STEP][PASSED] - waitForElementVisible(findTestObject("btn_next"), time): Object 'Object Repository/btn_next' is visible

2019-11-18 10:53:54 - [MESSAGE][PASSED] - Object 'Object Repository/btn_next' is visible

2019-11-18 10:53:54 - [TEST_STEP][PASSED] - click(findTestObject("btn_next")): Object: 'Object Repository/btn_next' is clicked on

2019-11-18 10:53:54 - [MESSAGE][PASSED] - Object: 'Object Repository/btn_next' is clicked on

2019-11-18 10:53:54 - [TEST_STEP][PASSED] - setText(findTestObject("text_area3", ["text":"1"]), xlsData.getValue("P1_1", row)): Text 'Testrequire' is set on object 'Object Repository/text_area3'

2019-11-18 10:53:55 - [MESSAGE][PASSED] - Text 'Testrequire' is set on object 'Object Repository/text_area3'

2019-11-18 10:53:55 - [TEST_STEP][PASSED] - setText(findTestObject("text_area3", ["text":"2"]), xlsData.getValue("P1_2", row)): Text 'Test' is set on object 'Object Repository/text_area3'

2019-11-18 10:53:55 - [MESSAGE][PASSED] - Text 'Test' is set on object 'Object Repository/text_area3'

2019-11-18 10:53:55 - [TEST_STEP][PASSED] - setText(findTestObject("text_area3", ["text":"3"]), xlsData.getValue("P2", row)): Text '1000102010301' is set on object 'Object Repository/text_area3'

2019-11-18 10:53:56 - [MESSAGE][PASSED] - Text '1000102010301' is set on object 'Object Repository/text_area3'

2019-11-18 10:53:56 - [TEST_STEP][PASSED] - click(findTestObject("radio_sex", ["sex":xlsData.getValue("P3", row)])): Object: 'Object Repository/radio_sex' is clicked on

2019-11-18 10:53:56 - [MESSAGE][PASSED] - Object: 'Object Repository/radio_sex' is clicked on

2019-11-18 10:53:56 - [TEST_STEP][PASSED] - click(findTestObject("radio_salary", ["salary":xlsData.getValue("P4", row)])): Object: 'Object Repository/radio_salary' is clicked on

2019-11-18 10:53:57 - [MESSAGE][PASSED] - Object: 'Object Repository/radio_salary' is clicked on

2019-11-18 10:53:57 - [TEST_STEP][PASSED] - waitForElementVisible(findTestObject("btn_next"), time): Object 'Object Repository/btn_next' is visible

2019-11-18 10:53:57 - [MESSAGE][PASSED] - Object 'Object Repository/btn_next' is visible

2019-11-18 10:53:57 - [TEST_STEP][PASSED] - click(findTestObject("btn_next")): Object: 'Object Repository/btn_next' is clicked on

2019-11-18 10:53:58 - [MESSAGE][PASSED] - Object: 'Object Repository/btn_next' is clicked on

2019-11-18 10:53:58 - [TEST_STEP][PASSED] - delay(5): Delayed 5 second(s)

2019-11-18 10:54:03 - [MESSAGE][PASSED] - Delayed 5 second(s)

2019-11-18 10:54:03 - [TEST_STEP][PASSED] - closeBrowser(): Browser is closed

2019-11-18 10:54:03 - [MESSAGE][PASSED] - Browser is closed

2019-11-18 10:54:03 - [TEST_STEP][PASSED] - openBrowser(""): Browser is opened with url: ''

2019-11-18 10:54:03 - [MESSAGE][INFO] - Starting 'Chrome' driver

2019-11-18 10:54:05 - [MESSAGE][PASSED] - Browser is opened with url: ''

2019-11-18 10:54:05 - [TEST_STEP][PASSED] - maximizeWindow(): Current window maximized

2019-11-18 10:54:07 - [MESSAGE][PASSED] - Current window maximized

2019-11-18 10:54:07 - [TEST_STEP][PASSED] - navigateToUrl("https://surveyconduct.feedback180.com/w6w4ie6?round=6"): Navigate to 'https://surveyconduct.feedback180.com/w6w4ie6?round=6' successfully

2019-11-18 10:54:08 - [MESSAGE][PASSED] - Navigate to 'https://surveyconduct.feedback180.com/w6w4ie6?round=6' successfully

2019-11-18 10:54:08 - [TEST_STEP][PASSED] - waitForPageLoad(time): Wait for page load successfully

2019-11-18 10:54:08 - [MESSAGE][PASSED] - Wait for page load successfully

2019-11-18 10:54:08 - [TEST_STEP][PASSED] - click(findTestObject("btn_start")): Object: 'Object Repository/btn_start' is clicked on

2019-11-18 10:54:09 - [MESSAGE][PASSED] - Object: 'Object Repository/btn_start' is clicked on

2019-11-18 10:54:09 - [TEST_STEP][PASSED] - waitForElementVisible(findTestObject("btn_next"), time): Object 'Object Repository/btn_next' is visible

2019-11-18 10:54:09 - [MESSAGE][PASSED] - Object 'Object Repository/btn_next' is visible

2019-11-18 10:54:09 - [TEST_STEP][PASSED] - click(findTestObject("btn_next")): Object: 'Object Repository/btn_next' is clicked on

2019-11-18 10:54:10 - [MESSAGE][PASSED] - Object: 'Object Repository/btn_next' is clicked on

2019-11-18 10:54:10 - [TEST_STEP][PASSED] - click(findTestObject("radio_age", ["age":xlsData.getValue("S1", row)])): Object: 'Object Repository/radio_age' is clicked on

2019-11-18 10:54:10 - [MESSAGE][PASSED] - Object: 'Object Repository/radio_age' is clicked on

2019-11-18 10:54:10 - [TEST_STEP][PASSED] - waitForElementVisible(findTestObject("btn_next"), time): Object 'Object Repository/btn_next' is visible

2019-11-18 10:54:11 - [MESSAGE][PASSED] - Object 'Object Repository/btn_next' is visible

2019-11-18 10:54:11 - [TEST_STEP][PASSED] - click(findTestObject("btn_next")): Object: 'Object Repository/btn_next' is clicked on

2019-11-18 10:54:11 - [MESSAGE][PASSED] - Object: 'Object Repository/btn_next' is clicked on

2019-11-18 10:54:11 - [TEST_STEP][PASSED] - if (getValue("S1", row).equalsIgnoreCase("1")): null

2019-11-18 10:54:11 - [TEST_STEP][PASSED] - else: Browser is closed

2019-11-18 10:54:11 - [TEST_STEP][PASSED] - ansVote = Integer.valueOf(xlsData.getValue("B1_1", row)): null

2019-11-18 10:54:11 - [TEST_STEP][PASSED] - ansVote = ansVote + 1: null

2019-11-18 10:54:11 - [TEST_STEP][PASSED] - click(findTestObject("radio_vote", ["rowNo":"2", "vote":ansVote])): Object: 'Object Repository/radio_vote' is clicked on

2019-11-18 10:54:12 - [MESSAGE][PASSED] - Object: 'Object Repository/radio_vote' is clicked on

2019-11-18 10:54:12 - [TEST_STEP][PASSED] - ansVote = Integer.valueOf(xlsData.getValue("B1_2", row)): null

2019-11-18 10:54:12 - [TEST_STEP][PASSED] - ansVote = ansVote + 1: null

2019-11-18 10:54:12 - [TEST_STEP][PASSED] - click(findTestObject("radio_vote", ["rowNo":"3", "vote":ansVote])): Object: 'Object Repository/radio_vote' is clicked on

2019-11-18 10:54:13 - [MESSAGE][PASSED] - Object: 'Object Repository/radio_vote' is clicked on

2019-11-18 10:54:13 - [TEST_STEP][PASSED] - ansVote = Integer.valueOf(xlsData.getValue("B1_3", row)): null

2019-11-18 10:54:13 - [TEST_STEP][PASSED] - ansVote = ansVote + 1: null

2019-11-18 10:54:13 - [TEST_STEP][PASSED] - click(findTestObject("radio_vote", ["rowNo":"4", "vote":ansVote])): Object: 'Object Repository/radio_vote' is clicked on

2019-11-18 10:54:13 - [MESSAGE][PASSED] - Object: 'Object Repository/radio_vote' is clicked on

2019-11-18 10:54:13 - [TEST_STEP][PASSED] - ansVote = Integer.valueOf(xlsData.getValue("B1_4", row)): null

2019-11-18 10:54:13 - [TEST_STEP][PASSED] - ansVote = ansVote + 1: null

2019-11-18 10:54:13 - [TEST_STEP][PASSED] - click(findTestObject("radio_vote", ["rowNo":"5", "vote":ansVote])): Object: 'Object Repository/radio_vote' is clicked on

2019-11-18 10:54:14 - [MESSAGE][PASSED] - Object: 'Object Repository/radio_vote' is clicked on

2019-11-18 10:54:14 - [TEST_STEP][PASSED] - ansVote = Integer.valueOf(xlsData.getValue("B1_5", row)): null

2019-11-18 10:54:14 - [TEST_STEP][PASSED] - ansVote = ansVote + 1: null

2019-11-18 10:54:14 - [TEST_STEP][PASSED] - click(findTestObject("radio_vote", ["rowNo":"6", "vote":ansVote])): Object: 'Object Repository/radio_vote' is clicked on

2019-11-18 10:54:15 - [MESSAGE][PASSED] - Object: 'Object Repository/radio_vote' is clicked on

2019-11-18 10:54:15 - [TEST_STEP][PASSED] - ansVote = Integer.valueOf(xlsData.getValue("B1_6", row)): null

2019-11-18 10:54:15 - [TEST_STEP][PASSED] - ansVote = ansVote + 1: null

2019-11-18 10:54:15 - [TEST_STEP][PASSED] - click(findTestObject("radio_vote", ["rowNo":"7", "vote":ansVote])): Object: 'Object Repository/radio_vote' is clicked on

2019-11-18 10:54:15 - [MESSAGE][PASSED] - Object: 'Object Repository/radio_vote' is clicked on

2019-11-18 10:54:15 - [TEST_STEP][PASSED] - waitForElementVisible(findTestObject("btn_next"), time): Object 'Object Repository/btn_next' is visible

2019-11-18 10:54:16 - [MESSAGE][PASSED] - Object 'Object Repository/btn_next' is visible

2019-11-18 10:54:16 - [TEST_STEP][PASSED] - click(findTestObject("btn_next")): Object: 'Object Repository/btn_next' is clicked on

2019-11-18 10:54:16 - [MESSAGE][PASSED] - Object: 'Object Repository/btn_next' is clicked on

2019-11-18 10:54:16 - [TEST_STEP][PASSED] - selectOptionByLabel(findTestObject("dropdown_region"), xlsData.getValue("B2_1", row), true): All options with label 'กรุงเทพฯ' are selected in object 'Object Repository/dropdown_region'  using regular expression

2019-11-18 10:54:18 - [MESSAGE][PASSED] - All options with label 'กรุงเทพฯ' are selected in object 'Object Repository/dropdown_region'  using regular expression

2019-11-18 10:54:18 - [TEST_STEP][PASSED] - selectOptionByLabel(findTestObject("dropdown_branch"), xlsData.getValue("B2_2", row), true): All options with label 'เซ็นทรัลพลาซา  บางนา' are selected in object 'Object Repository/dropdown_branch'  using regular expression

2019-11-18 10:54:19 - [MESSAGE][PASSED] - All options with label 'เซ็นทรัลพลาซา  บางนา' are selected in object 'Object Repository/dropdown_branch'  using regular expression

2019-11-18 10:54:19 - [TEST_STEP][PASSED] - waitForElementVisible(findTestObject("btn_next"), time): Object 'Object Repository/btn_next' is visible

2019-11-18 10:54:19 - [MESSAGE][PASSED] - Object 'Object Repository/btn_next' is visible

2019-11-18 10:54:19 - [TEST_STEP][PASSED] - click(findTestObject("btn_next")): Object: 'Object Repository/btn_next' is clicked on

2019-11-18 10:54:20 - [MESSAGE][PASSED] - Object: 'Object Repository/btn_next' is clicked on

2019-11-18 10:54:20 - [TEST_STEP][PASSED] - click(findTestObject("vote_score", ["rowNo":"1", "vote":xlsData.getValue("B3", row)])): Object: 'Object Repository/vote_score' is clicked on

2019-11-18 10:54:20 - [MESSAGE][PASSED] - Object: 'Object Repository/vote_score' is clicked on

2019-11-18 10:54:20 - [TEST_STEP][PASSED] - click(findTestObject("vote_score", ["rowNo":"2", "vote":xlsData.getValue("B4", row)])): Object: 'Object Repository/vote_score' is clicked on

2019-11-18 10:54:21 - [MESSAGE][PASSED] - Object: 'Object Repository/vote_score' is clicked on

2019-11-18 10:54:21 - [TEST_STEP][PASSED] - waitForElementVisible(findTestObject("btn_next"), time): Object 'Object Repository/btn_next' is visible

2019-11-18 10:54:21 - [MESSAGE][PASSED] - Object 'Object Repository/btn_next' is visible

2019-11-18 10:54:21 - [TEST_STEP][PASSED] - click(findTestObject("btn_next")): Object: 'Object Repository/btn_next' is clicked on

2019-11-18 10:54:21 - [MESSAGE][PASSED] - Object: 'Object Repository/btn_next' is clicked on

2019-11-18 10:54:21 - [TEST_STEP][PASSED] - click(findTestObject("vote_score", ["rowNo":"1", "vote":xlsData.getValue("B5_1", row)])): Object: 'Object Repository/vote_score' is clicked on

2019-11-18 10:54:22 - [MESSAGE][PASSED] - Object: 'Object Repository/vote_score' is clicked on

2019-11-18 10:54:22 - [TEST_STEP][PASSED] - click(findTestObject("vote_score", ["rowNo":"2", "vote":xlsData.getValue("B5_2", row)])): Object: 'Object Repository/vote_score' is clicked on

2019-11-18 10:54:22 - [MESSAGE][PASSED] - Object: 'Object Repository/vote_score' is clicked on

2019-11-18 10:54:22 - [TEST_STEP][PASSED] - click(findTestObject("vote_score", ["rowNo":"3", "vote":xlsData.getValue("B5_3", row)])): Object: 'Object Repository/vote_score' is clicked on

2019-11-18 10:54:23 - [MESSAGE][PASSED] - Object: 'Object Repository/vote_score' is clicked on

2019-11-18 10:54:23 - [TEST_STEP][PASSED] - click(findTestObject("vote_score", ["rowNo":"4", "vote":xlsData.getValue("B5_4", row)])): Object: 'Object Repository/vote_score' is clicked on

2019-11-18 10:54:23 - [MESSAGE][PASSED] - Object: 'Object Repository/vote_score' is clicked on

2019-11-18 10:54:23 - [TEST_STEP][PASSED] - closeC = xlsData.getValue("B5_5", row): null

2019-11-18 10:54:23 - [TEST_STEP][PASSED] - if (closeC == "close"): null

2019-11-18 10:54:23 - [TEST_STEP][PASSED] - click(findTestObject("vote_score", ["rowNo":"5", "vote":xlsData.getValue("B5_5", row)])): Object: 'Object Repository/vote_score' is clicked on

2019-11-18 10:54:23 - [MESSAGE][PASSED] - Object: 'Object Repository/vote_score' is clicked on

2019-11-18 10:54:23 - [TEST_STEP][PASSED] - waitForElementVisible(findTestObject("btn_next"), time): Object 'Object Repository/btn_next' is visible

2019-11-18 10:54:24 - [MESSAGE][PASSED] - Object 'Object Repository/btn_next' is visible

2019-11-18 10:54:24 - [TEST_STEP][PASSED] - click(findTestObject("btn_next")): Object: 'Object Repository/btn_next' is clicked on

2019-11-18 10:54:24 - [MESSAGE][PASSED] - Object: 'Object Repository/btn_next' is clicked on

2019-11-18 10:54:24 - [TEST_STEP][PASSED] - click(findTestObject("vote_score", ["rowNo":"1", "vote":xlsData.getValue("B6_1", row)])): Object: 'Object Repository/vote_score' is clicked on

2019-11-18 10:54:25 - [MESSAGE][PASSED] - Object: 'Object Repository/vote_score' is clicked on

2019-11-18 10:54:25 - [TEST_STEP][PASSED] - waitForElementVisible(findTestObject("btn_next"), time): Object 'Object Repository/btn_next' is visible

2019-11-18 10:54:25 - [MESSAGE][PASSED] - Object 'Object Repository/btn_next' is visible

2019-11-18 10:54:25 - [TEST_STEP][PASSED] - click(findTestObject("btn_next")): Object: 'Object Repository/btn_next' is clicked on

2019-11-18 10:54:25 - [MESSAGE][PASSED] - Object: 'Object Repository/btn_next' is clicked on

2019-11-18 10:54:25 - [TEST_STEP][PASSED] - click(findTestObject("vote_score", ["rowNo":"1", "vote":xlsData.getValue("B6_2", row)])): Object: 'Object Repository/vote_score' is clicked on

2019-11-18 10:54:26 - [MESSAGE][PASSED] - Object: 'Object Repository/vote_score' is clicked on

2019-11-18 10:54:26 - [TEST_STEP][PASSED] - click(findTestObject("vote_score", ["rowNo":"2", "vote":xlsData.getValue("B6_3", row)])): Object: 'Object Repository/vote_score' is clicked on

2019-11-18 10:54:26 - [MESSAGE][PASSED] - Object: 'Object Repository/vote_score' is clicked on

2019-11-18 10:54:26 - [TEST_STEP][PASSED] - click(findTestObject("vote_score", ["rowNo":"3", "vote":xlsData.getValue("B6_4", row)])): Object: 'Object Repository/vote_score' is clicked on

2019-11-18 10:54:27 - [MESSAGE][PASSED] - Object: 'Object Repository/vote_score' is clicked on

2019-11-18 10:54:27 - [TEST_STEP][PASSED] - click(findTestObject("vote_score", ["rowNo":"4", "vote":xlsData.getValue("B6_5", row)])): Object: 'Object Repository/vote_score' is clicked on

2019-11-18 10:54:27 - [MESSAGE][PASSED] - Object: 'Object Repository/vote_score' is clicked on

2019-11-18 10:54:27 - [TEST_STEP][PASSED] - scrollToElement(findTestObject("vote_score", ["rowNo":"4", "vote":xlsData.getValue("B6_5", row)]), 3): Scroll to object 'Object Repository/vote_score' successfully

2019-11-18 10:54:28 - [MESSAGE][PASSED] - Scroll to object 'Object Repository/vote_score' successfully

2019-11-18 10:54:28 - [TEST_STEP][PASSED] - if (Integer.valueOf(xlsData.getValue("B6_5", row)) < 3): Text 'ทดสอบ' is set on object 'Object Repository/text_area1'

2019-11-18 10:54:28 - [TEST_STEP][PASSED] - setText(findTestObject("text_area1", ["rowNo":"1"]), xlsData.getValue("B7_1", row)): Text 'ทดสอบ' is set on object 'Object Repository/text_area1'

2019-11-18 10:54:28 - [MESSAGE][PASSED] - Text 'ทดสอบ' is set on object 'Object Repository/text_area1'

2019-11-18 10:54:28 - [TEST_STEP][PASSED] - click(findTestObject("vote_score", ["rowNo":"5", "vote":xlsData.getValue("B6_6", row)])): Object: 'Object Repository/vote_score' is clicked on

2019-11-18 10:54:28 - [MESSAGE][PASSED] - Object: 'Object Repository/vote_score' is clicked on

2019-11-18 10:54:28 - [TEST_STEP][PASSED] - if (Integer.valueOf(xlsData.getValue("B6_6", row)) < 3): Text 'ทดสอบ' is set on object 'Object Repository/text_area1'

2019-11-18 10:54:28 - [TEST_STEP][PASSED] - if (Integer.valueOf(xlsData.getValue("B6_5", row)) < 3): Text 'ทดสอบ' is set on object 'Object Repository/text_area1'

2019-11-18 10:54:28 - [TEST_STEP][PASSED] - setText(findTestObject("text_area1", ["rowNo":"2"]), xlsData.getValue("B7_2", row)): Text 'ทดสอบ' is set on object 'Object Repository/text_area1'

2019-11-18 10:54:29 - [MESSAGE][PASSED] - Text 'ทดสอบ' is set on object 'Object Repository/text_area1'

2019-11-18 10:54:29 - [TEST_STEP][PASSED] - waitForElementVisible(findTestObject("btn_next"), time): Object 'Object Repository/btn_next' is visible

2019-11-18 10:54:29 - [MESSAGE][PASSED] - Object 'Object Repository/btn_next' is visible

2019-11-18 10:54:29 - [TEST_STEP][PASSED] - click(findTestObject("btn_next")): Object: 'Object Repository/btn_next' is clicked on

2019-11-18 10:54:30 - [MESSAGE][PASSED] - Object: 'Object Repository/btn_next' is clicked on

2019-11-18 10:54:30 - [TEST_STEP][PASSED] - click(findTestObject("vote_score", ["rowNo":"1", "vote":xlsData.getValue("B6_7", row)])): Object: 'Object Repository/vote_score' is clicked on

2019-11-18 10:54:30 - [MESSAGE][PASSED] - Object: 'Object Repository/vote_score' is clicked on

2019-11-18 10:54:30 - [TEST_STEP][PASSED] - click(findTestObject("vote_score", ["rowNo":"2", "vote":xlsData.getValue("B6_8", row)])): Object: 'Object Repository/vote_score' is clicked on

2019-11-18 10:54:31 - [MESSAGE][PASSED] - Object: 'Object Repository/vote_score' is clicked on

2019-11-18 10:54:31 - [TEST_STEP][PASSED] - click(findTestObject("vote_score", ["rowNo":"3", "vote":xlsData.getValue("B6_9", row)])): Object: 'Object Repository/vote_score' is clicked on

2019-11-18 10:54:31 - [MESSAGE][PASSED] - Object: 'Object Repository/vote_score' is clicked on

2019-11-18 10:54:31 - [TEST_STEP][PASSED] - waitForElementVisible(findTestObject("btn_next"), time): Object 'Object Repository/btn_next' is visible

2019-11-18 10:54:31 - [MESSAGE][PASSED] - Object 'Object Repository/btn_next' is visible

2019-11-18 10:54:31 - [TEST_STEP][PASSED] - click(findTestObject("btn_next")): Object: 'Object Repository/btn_next' is clicked on

2019-11-18 10:54:32 - [MESSAGE][PASSED] - Object: 'Object Repository/btn_next' is clicked on

2019-11-18 10:54:32 - [TEST_STEP][PASSED] - click(findTestObject("vote_score", ["rowNo":"1", "vote":xlsData.getValue("B6_10", row)])): Object: 'Object Repository/vote_score' is clicked on

2019-11-18 10:54:32 - [MESSAGE][PASSED] - Object: 'Object Repository/vote_score' is clicked on

2019-11-18 10:54:32 - [TEST_STEP][PASSED] - click(findTestObject("vote_score", ["rowNo":"2", "vote":xlsData.getValue("B6_11", row)])): Object: 'Object Repository/vote_score' is clicked on

2019-11-18 10:54:33 - [MESSAGE][PASSED] - Object: 'Object Repository/vote_score' is clicked on

2019-11-18 10:54:33 - [TEST_STEP][PASSED] - closeC = xlsData.getValue("B6_12", row): null

2019-11-18 10:54:33 - [TEST_STEP][PASSED] - if (closeC == "close"): null

2019-11-18 10:54:33 - [TEST_STEP][PASSED] - click(findTestObject("vote_score", ["rowNo":"3", "vote":xlsData.getValue("B6_12", row)])): Object: 'Object Repository/vote_score' is clicked on

2019-11-18 10:54:33 - [MESSAGE][PASSED] - Object: 'Object Repository/vote_score' is clicked on

2019-11-18 10:54:33 - [TEST_STEP][PASSED] - click(findTestObject("vote_score", ["rowNo":"4", "vote":xlsData.getValue("B6_13", row)])): Object: 'Object Repository/vote_score' is clicked on

2019-11-18 10:54:33 - [MESSAGE][PASSED] - Object: 'Object Repository/vote_score' is clicked on

2019-11-18 10:54:33 - [TEST_STEP][PASSED] - waitForElementVisible(findTestObject("btn_next"), time): Object 'Object Repository/btn_next' is visible

2019-11-18 10:54:34 - [MESSAGE][PASSED] - Object 'Object Repository/btn_next' is visible

2019-11-18 10:54:34 - [TEST_STEP][PASSED] - click(findTestObject("btn_next")): Object: 'Object Repository/btn_next' is clicked on

2019-11-18 10:54:34 - [MESSAGE][PASSED] - Object: 'Object Repository/btn_next' is clicked on

2019-11-18 10:54:34 - [TEST_STEP][PASSED] - click(findTestObject("vote_score", ["rowNo":"1", "vote":xlsData.getValue("B6_14", row)])): Object: 'Object Repository/vote_score' is clicked on

2019-11-18 10:54:35 - [MESSAGE][PASSED] - Object: 'Object Repository/vote_score' is clicked on

2019-11-18 10:54:35 - [TEST_STEP][PASSED] - click(findTestObject("vote_score", ["rowNo":"2", "vote":xlsData.getValue("B6_15", row)])): Object: 'Object Repository/vote_score' is clicked on

2019-11-18 10:54:35 - [MESSAGE][PASSED] - Object: 'Object Repository/vote_score' is clicked on

2019-11-18 10:54:35 - [TEST_STEP][PASSED] - waitForElementVisible(findTestObject("btn_next"), time): Object 'Object Repository/btn_next' is visible

2019-11-18 10:54:35 - [MESSAGE][PASSED] - Object 'Object Repository/btn_next' is visible

2019-11-18 10:54:35 - [TEST_STEP][PASSED] - click(findTestObject("btn_next")): Object: 'Object Repository/btn_next' is clicked on

2019-11-18 10:54:36 - [MESSAGE][PASSED] - Object: 'Object Repository/btn_next' is clicked on

2019-11-18 10:54:36 - [TEST_STEP][PASSED] - com.fb180.utilities.MyUtilities.myCheckbox1(checkBox, xlsData.getValue("O1", row)): checkbox selected Pass

2019-11-18 10:54:36 - [MESSAGE][PASSED] - checkbox selected Pass

2019-11-18 10:54:36 - [TEST_STEP][PASSED] - if (take(2).reverse() == "ON"): null

2019-11-18 10:54:36 - [TEST_STEP][PASSED] - waitForElementVisible(findTestObject("btn_next"), time): Object 'Object Repository/btn_next' is visible

2019-11-18 10:54:37 - [MESSAGE][PASSED] - Object 'Object Repository/btn_next' is visible

2019-11-18 10:54:37 - [TEST_STEP][PASSED] - org.openqa.selenium.TakesScreenshot: null

2019-11-18 10:54:37 - [TEST_STEP][PASSED] - click(findTestObject("btn_next")): Object: 'Object Repository/btn_next' is clicked on

2019-11-18 10:54:37 - [MESSAGE][PASSED] - Object: 'Object Repository/btn_next' is clicked on

2019-11-18 10:54:37 - [TEST_STEP][PASSED] - extract1 = getValue("O1", row).split(","): null

2019-11-18 10:54:37 - [TEST_STEP][PASSED] - if (extract1[1] == "ON"): null

2019-11-18 10:54:37 - [TEST_STEP][PASSED] - com.fb180.utilities.MyUtilities.myCheckbox1(checkBox, xlsData.getValue("O2", row)): checkbox selected Pass

2019-11-18 10:54:38 - [MESSAGE][PASSED] - checkbox selected Pass

2019-11-18 10:54:38 - [TEST_STEP][PASSED] - waitForElementVisible(findTestObject("btn_next"), time): Object 'Object Repository/btn_next' is visible

2019-11-18 10:54:39 - [MESSAGE][PASSED] - Object 'Object Repository/btn_next' is visible

2019-11-18 10:54:39 - [TEST_STEP][PASSED] - click(findTestObject("btn_next")): Object: 'Object Repository/btn_next' is clicked on

2019-11-18 10:54:39 - [MESSAGE][PASSED] - Object: 'Object Repository/btn_next' is clicked on

2019-11-18 10:54:39 - [TEST_STEP][PASSED] - extract2 = getValue("O2", row).split(","): null

2019-11-18 10:54:39 - [TEST_STEP][PASSED] - if (extract2[0] == "ON"): Object: 'Object Repository/btn_next' is clicked on

2019-11-18 10:54:39 - [TEST_STEP][PASSED] - com.fb180.utilities.MyUtilities.myCheckbox1(checkBox, xlsData.getValue("O2_C1", row)): checkbox selected Pass

2019-11-18 10:54:39 - [MESSAGE][PASSED] - checkbox selected Pass

2019-11-18 10:54:39 - [TEST_STEP][PASSED] - waitForElementVisible(findTestObject("btn_next"), time): Object 'Object Repository/btn_next' is visible

2019-11-18 10:54:40 - [MESSAGE][PASSED] - Object 'Object Repository/btn_next' is visible

2019-11-18 10:54:40 - [TEST_STEP][PASSED] - click(findTestObject("btn_next")): Object: 'Object Repository/btn_next' is clicked on

2019-11-18 10:54:40 - [MESSAGE][PASSED] - Object: 'Object Repository/btn_next' is clicked on

2019-11-18 10:54:40 - [TEST_STEP][PASSED] - if (extract2[1] == "ON"): Object: 'Object Repository/btn_next' is clicked on

2019-11-18 10:54:40 - [TEST_STEP][PASSED] - com.fb180.utilities.MyUtilities.myCheckbox1(checkBox, xlsData.getValue("O2_C2", row)): checkbox selected Pass

2019-11-18 10:54:41 - [MESSAGE][PASSED] - checkbox selected Pass

2019-11-18 10:54:41 - [TEST_STEP][PASSED] - waitForElementVisible(findTestObject("btn_next"), time): Object 'Object Repository/btn_next' is visible

2019-11-18 10:54:42 - [MESSAGE][PASSED] - Object 'Object Repository/btn_next' is visible

2019-11-18 10:54:42 - [TEST_STEP][PASSED] - click(findTestObject("btn_next")): Object: 'Object Repository/btn_next' is clicked on

2019-11-18 10:54:42 - [MESSAGE][PASSED] - Object: 'Object Repository/btn_next' is clicked on

2019-11-18 10:54:42 - [TEST_STEP][PASSED] - if (extract2[2] == "ON"): Object: 'Object Repository/btn_next' is clicked on

2019-11-18 10:54:42 - [TEST_STEP][PASSED] - com.fb180.utilities.MyUtilities.myCheckbox1(checkBox, xlsData.getValue("O2_C3", row)): checkbox selected Pass

2019-11-18 10:54:43 - [MESSAGE][PASSED] - checkbox selected Pass

2019-11-18 10:54:43 - [TEST_STEP][PASSED] - waitForElementVisible(findTestObject("btn_next"), time): Object 'Object Repository/btn_next' is visible

2019-11-18 10:54:43 - [MESSAGE][PASSED] - Object 'Object Repository/btn_next' is visible

2019-11-18 10:54:43 - [TEST_STEP][PASSED] - click(findTestObject("btn_next")): Object: 'Object Repository/btn_next' is clicked on

2019-11-18 10:54:43 - [MESSAGE][PASSED] - Object: 'Object Repository/btn_next' is clicked on

2019-11-18 10:54:43 - [TEST_STEP][PASSED] - if (extract2[3] == "ON"): null

2019-11-18 10:54:43 - [TEST_STEP][PASSED] - if (extract1[2] == "ON"): null

2019-11-18 10:54:43 - [TEST_STEP][PASSED] - if (extract1[3] == "ON"): null

2019-11-18 10:54:43 - [TEST_STEP][PASSED] - setText(findTestObject("text_area2"), xlsData.getValue("S5", row)): Text 'ทดสอบ' is set on object 'Object Repository/text_area2'

2019-11-18 10:54:44 - [MESSAGE][PASSED] - Text 'ทดสอบ' is set on object 'Object Repository/text_area2'

2019-11-18 10:54:44 - [TEST_STEP][PASSED] - waitForElementVisible(findTestObject("btn_next"), time): Object 'Object Repository/btn_next' is visible

2019-11-18 10:54:44 - [MESSAGE][PASSED] - Object 'Object Repository/btn_next' is visible

2019-11-18 10:54:44 - [TEST_STEP][PASSED] - click(findTestObject("btn_next")): Object: 'Object Repository/btn_next' is clicked on

2019-11-18 10:54:45 - [MESSAGE][PASSED] - Object: 'Object Repository/btn_next' is clicked on

2019-11-18 10:54:45 - [TEST_STEP][PASSED] - setText(findTestObject("text_area3", ["text":"1"]), xlsData.getValue("P1_1", row)): Text 'Tccc' is set on object 'Object Repository/text_area3'

2019-11-18 10:54:45 - [MESSAGE][PASSED] - Text 'Tccc' is set on object 'Object Repository/text_area3'

2019-11-18 10:54:45 - [TEST_STEP][PASSED] - setText(findTestObject("text_area3", ["text":"2"]), xlsData.getValue("P1_2", row)): Text 'Tc' is set on object 'Object Repository/text_area3'

2019-11-18 10:54:46 - [MESSAGE][PASSED] - Text 'Tc' is set on object 'Object Repository/text_area3'

2019-11-18 10:54:46 - [TEST_STEP][PASSED] - setText(findTestObject("text_area3", ["text":"3"]), xlsData.getValue("P2", row)): Text '1010101010101' is set on object 'Object Repository/text_area3'

2019-11-18 10:54:46 - [MESSAGE][PASSED] - Text '1010101010101' is set on object 'Object Repository/text_area3'

2019-11-18 10:54:46 - [TEST_STEP][PASSED] - click(findTestObject("radio_sex", ["sex":xlsData.getValue("P3", row)])): Object: 'Object Repository/radio_sex' is clicked on

2019-11-18 10:54:47 - [MESSAGE][PASSED] - Object: 'Object Repository/radio_sex' is clicked on

2019-11-18 10:54:47 - [TEST_STEP][PASSED] - click(findTestObject("radio_salary", ["salary":xlsData.getValue("P4", row)])): Object: 'Object Repository/radio_salary' is clicked on

2019-11-18 10:54:47 - [MESSAGE][PASSED] - Object: 'Object Repository/radio_salary' is clicked on

2019-11-18 10:54:47 - [TEST_STEP][PASSED] - waitForElementVisible(findTestObject("btn_next"), time): Object 'Object Repository/btn_next' is visible

2019-11-18 10:54:48 - [MESSAGE][PASSED] - Object 'Object Repository/btn_next' is visible

2019-11-18 10:54:48 - [TEST_STEP][PASSED] - click(findTestObject("btn_next")): Object: 'Object Repository/btn_next' is clicked on

2019-11-18 10:54:48 - [MESSAGE][PASSED] - Object: 'Object Repository/btn_next' is clicked on

2019-11-18 10:54:48 - [TEST_STEP][PASSED] - delay(5): Delayed 5 second(s)

2019-11-18 10:54:53 - [MESSAGE][PASSED] - Delayed 5 second(s)

2019-11-18 10:54:53 - [TEST_STEP][PASSED] - closeBrowser(): Browser is closed

2019-11-18 10:54:54 - [MESSAGE][PASSED] - Browser is closed

2019-11-18 10:54:54 - [TEST_STEP][PASSED] - openBrowser(""): Browser is opened with url: ''

2019-11-18 10:54:54 - [MESSAGE][INFO] - Starting 'Chrome' driver

2019-11-18 10:54:56 - [MESSAGE][PASSED] - Browser is opened with url: ''

2019-11-18 10:54:56 - [TEST_STEP][PASSED] - maximizeWindow(): Current window maximized

2019-11-18 10:54:57 - [MESSAGE][PASSED] - Current window maximized

2019-11-18 10:54:57 - [TEST_STEP][PASSED] - navigateToUrl("https://surveyconduct.feedback180.com/w6w4ie6?round=6"): Navigate to 'https://surveyconduct.feedback180.com/w6w4ie6?round=6' successfully

2019-11-18 10:54:58 - [MESSAGE][PASSED] - Navigate to 'https://surveyconduct.feedback180.com/w6w4ie6?round=6' successfully

2019-11-18 10:54:58 - [TEST_STEP][PASSED] - waitForPageLoad(time): Wait for page load successfully

2019-11-18 10:54:58 - [MESSAGE][PASSED] - Wait for page load successfully

2019-11-18 10:54:58 - [TEST_STEP][PASSED] - click(findTestObject("btn_start")): Object: 'Object Repository/btn_start' is clicked on

2019-11-18 10:54:59 - [MESSAGE][PASSED] - Object: 'Object Repository/btn_start' is clicked on

2019-11-18 10:54:59 - [TEST_STEP][PASSED] - waitForElementVisible(findTestObject("btn_next"), time): Object 'Object Repository/btn_next' is visible

2019-11-18 10:55:00 - [MESSAGE][PASSED] - Object 'Object Repository/btn_next' is visible

2019-11-18 10:55:00 - [TEST_STEP][PASSED] - click(findTestObject("btn_next")): Object: 'Object Repository/btn_next' is clicked on

2019-11-18 10:55:00 - [MESSAGE][PASSED] - Object: 'Object Repository/btn_next' is clicked on

2019-11-18 10:55:00 - [TEST_STEP][PASSED] - click(findTestObject("radio_age", ["age":xlsData.getValue("S1", row)])): Object: 'Object Repository/radio_age' is clicked on

2019-11-18 10:55:01 - [MESSAGE][PASSED] - Object: 'Object Repository/radio_age' is clicked on

2019-11-18 10:55:01 - [TEST_STEP][PASSED] - waitForElementVisible(findTestObject("btn_next"), time): Object 'Object Repository/btn_next' is visible

2019-11-18 10:55:02 - [MESSAGE][PASSED] - Object 'Object Repository/btn_next' is visible

2019-11-18 10:55:02 - [TEST_STEP][PASSED] - click(findTestObject("btn_next")): Object: 'Object Repository/btn_next' is clicked on

2019-11-18 10:55:02 - [MESSAGE][PASSED] - Object: 'Object Repository/btn_next' is clicked on

2019-11-18 10:55:02 - [TEST_STEP][PASSED] - if (getValue("S1", row).equalsIgnoreCase("1")): null

2019-11-18 10:55:02 - [TEST_STEP][PASSED] - else: Browser is closed

2019-11-18 10:55:02 - [TEST_STEP][PASSED] - ansVote = Integer.valueOf(xlsData.getValue("B1_1", row)): null

2019-11-18 10:55:02 - [TEST_STEP][PASSED] - ansVote = ansVote + 1: null

2019-11-18 10:55:02 - [TEST_STEP][PASSED] - click(findTestObject("radio_vote", ["rowNo":"2", "vote":ansVote])): Object: 'Object Repository/radio_vote' is clicked on

2019-11-18 10:55:03 - [MESSAGE][PASSED] - Object: 'Object Repository/radio_vote' is clicked on

2019-11-18 10:55:03 - [TEST_STEP][PASSED] - ansVote = Integer.valueOf(xlsData.getValue("B1_2", row)): null

2019-11-18 10:55:03 - [TEST_STEP][PASSED] - ansVote = ansVote + 1: null

2019-11-18 10:55:03 - [TEST_STEP][PASSED] - click(findTestObject("radio_vote", ["rowNo":"3", "vote":ansVote])): Object: 'Object Repository/radio_vote' is clicked on

2019-11-18 10:55:03 - [MESSAGE][PASSED] - Object: 'Object Repository/radio_vote' is clicked on

2019-11-18 10:55:03 - [TEST_STEP][PASSED] - ansVote = Integer.valueOf(xlsData.getValue("B1_3", row)): null

[...]

2019-11-18 10:55:15 - [MESSAGE][PASSED] - Object: 'Object Repository/btn_next' is clicked on

2019-11-18 10:55:15 - [TEST_STEP][PASSED] - click(findTestObject("vote_score", ["rowNo":"1", "vote":xlsData.getValue("B6_1", row)])): Object: 'Object Repository/vote_score' is clicked on

2019-11-18 10:55:15 - [MESSAGE][PASSED] - Object: 'Object Repository/vote_score' is clicked on

2019-11-18 10:55:15 - [TEST_STEP][PASSED] - waitForElementVisible(findTestObject("btn_next"), time): Object 'Object Repository/btn_next' is visible

2019-11-18 10:55:16 - [MESSAGE][PASSED] - Object 'Object Repository/btn_next' is visible

2019-11-18 10:55:16 - [TEST_STEP][PASSED] - click(findTestObject("btn_next")): Object: 'Object Repository/btn_next' is clicked on

2019-11-18 10:55:16 - [MESSAGE][PASSED] - Object: 'Object Repository/btn_next' is clicked on

2019-11-18 10:55:16 - [TEST_STEP][PASSED] - click(findTestObject("vote_score", ["rowNo":"1", "vote":xlsData.getValue("B6_2", row)])): Object: 'Object Repository/vote_score' is clicked on

2019-11-18 10:55:17 - [MESSAGE][PASSED] - Object: 'Object Repository/vote_score' is clicked on

2019-11-18 10:55:17 - [TEST_STEP][PASSED] - click(findTestObject("vote_score", ["rowNo":"2", "vote":xlsData.getValue("B6_3", row)])): Object: 'Object Repository/vote_score' is clicked on

2019-11-18 10:55:17 - [MESSAGE][PASSED] - Object: 'Object Repository/vote_score' is clicked on

2019-11-18 10:55:17 - [TEST_STEP][PASSED] - click(findTestObject("vote_score", ["rowNo":"3", "vote":xlsData.getValue("B6_4", row)])): Object: 'Object Repository/vote_score' is clicked on

2019-11-18 10:55:17 - [MESSAGE][PASSED] - Object: 'Object Repository/vote_score' is clicked on

2019-11-18 10:55:17 - [TEST_STEP][PASSED] - click(findTestObject("vote_score", ["rowNo":"4", "vote":xlsData.getValue("B6_5", row)])): Object: 'Object Repository/vote_score' is clicked on

2019-11-18 10:55:18 - [MESSAGE][PASSED] - Object: 'Object Repository/vote_score' is clicked on

2019-11-18 10:55:18 - [TEST_STEP][PASSED] - scrollToElement(findTestObject("vote_score", ["rowNo":"4", "vote":xlsData.getValue("B6_5", row)]), 3): Scroll to object 'Object Repository/vote_score' successfully

2019-11-18 10:55:18 - [MESSAGE][PASSED] - Scroll to object 'Object Repository/vote_score' successfully

2019-11-18 10:55:18 - [TEST_STEP][PASSED] - if (Integer.valueOf(xlsData.getValue("B6_5", row)) < 3): null

2019-11-18 10:55:18 - [TEST_STEP][PASSED] - click(findTestObject("vote_score", ["rowNo":"5", "vote":xlsData.getValue("B6_6", row)])): Object: 'Object Repository/vote_score' is clicked on

2019-11-18 10:55:18 - [MESSAGE][PASSED] - Object: 'Object Repository/vote_score' is clicked on

2019-11-18 10:55:18 - [TEST_STEP][PASSED] - if (Integer.valueOf(xlsData.getValue("B6_6", row)) < 3): null

2019-11-18 10:55:18 - [TEST_STEP][PASSED] - waitForElementVisible(findTestObject("btn_next"), time): Object 'Object Repository/btn_next' is visible

2019-11-18 10:55:19 - [MESSAGE][PASSED] - Object 'Object Repository/btn_next' is visible

2019-11-18 10:55:19 - [TEST_STEP][PASSED] - click(findTestObject("btn_next")): Object: 'Object Repository/btn_next' is clicked on

2019-11-18 10:55:19 - [MESSAGE][PASSED] - Object: 'Object Repository/btn_next' is clicked on

2019-11-18 10:55:19 - [TEST_STEP][PASSED] - click(findTestObject("vote_score", ["rowNo":"1", "vote":xlsData.getValue("B6_7", row)])): Object: 'Object Repository/vote_score' is clicked on

2019-11-18 10:55:20 - [MESSAGE][PASSED] - Object: 'Object Repository/vote_score' is clicked on

2019-11-18 10:55:20 - [TEST_STEP][PASSED] - click(findTestObject("vote_score", ["rowNo":"2", "vote":xlsData.getValue("B6_8", row)])): Object: 'Object Repository/vote_score' is clicked on

2019-11-18 10:55:20 - [MESSAGE][PASSED] - Object: 'Object Repository/vote_score' is clicked on

2019-11-18 10:55:20 - [TEST_STEP][PASSED] - click(findTestObject("vote_score", ["rowNo":"3", "vote":xlsData.getValue("B6_9", row)])): Object: 'Object Repository/vote_score' is clicked on

2019-11-18 10:55:20 - [MESSAGE][PASSED] - Object: 'Object Repository/vote_score' is clicked on

2019-11-18 10:55:20 - [TEST_STEP][PASSED] - waitForElementVisible(findTestObject("btn_next"), time): Object 'Object Repository/btn_next' is visible

2019-11-18 10:55:21 - [MESSAGE][PASSED] - Object 'Object Repository/btn_next' is visible

2019-11-18 10:55:21 - [TEST_STEP][PASSED] - click(findTestObject("btn_next")): Object: 'Object Repository/btn_next' is clicked on

2019-11-18 10:55:21 - [MESSAGE][PASSED] - Object: 'Object Repository/btn_next' is clicked on

2019-11-18 10:55:21 - [TEST_STEP][PASSED] - click(findTestObject("vote_score", ["rowNo":"1", "vote":xlsData.getValue("B6_10", row)])): Object: 'Object Repository/vote_score' is clicked on

2019-11-18 10:55:22 - [MESSAGE][PASSED] - Object: 'Object Repository/vote_score' is clicked on

2019-11-18 10:55:22 - [TEST_STEP][PASSED] - click(findTestObject("vote_score", ["rowNo":"2", "vote":xlsData.getValue("B6_11", row)])): Object: 'Object Repository/vote_score' is clicked on

2019-11-18 10:55:22 - [MESSAGE][PASSED] - Object: 'Object Repository/vote_score' is clicked on

2019-11-18 10:55:22 - [TEST_STEP][PASSED] - closeC = xlsData.getValue("B6_12", row): null

2019-11-18 10:55:22 - [TEST_STEP][PASSED] - if (closeC == "close"): null

2019-11-18 10:55:22 - [TEST_STEP][PASSED] - click(findTestObject("vote_score", ["rowNo":"3", "vote":xlsData.getValue("B6_12", row)])): Object: 'Object Repository/vote_score' is clicked on

2019-11-18 10:55:22 - [MESSAGE][PASSED] - Object: 'Object Repository/vote_score' is clicked on

2019-11-18 10:55:22 - [TEST_STEP][PASSED] - click(findTestObject("vote_score", ["rowNo":"4", "vote":xlsData.getValue("B6_13", row)])): Object: 'Object Repository/vote_score' is clicked on

2019-11-18 10:55:23 - [MESSAGE][PASSED] - Object: 'Object Repository/vote_score' is clicked on

2019-11-18 10:55:23 - [TEST_STEP][PASSED] - waitForElementVisible(findTestObject("btn_next"), time): Object 'Object Repository/btn_next' is visible

2019-11-18 10:55:23 - [MESSAGE][PASSED] - Object 'Object Repository/btn_next' is visible

2019-11-18 10:55:23 - [TEST_STEP][PASSED] - click(findTestObject("btn_next")): Object: 'Object Repository/btn_next' is clicked on

2019-11-18 10:55:23 - [MESSAGE][PASSED] - Object: 'Object Repository/btn_next' is clicked on

2019-11-18 10:55:23 - [TEST_STEP][PASSED] - click(findTestObject("vote_score", ["rowNo":"1", "vote":xlsData.getValue("B6_14", row)])): Object: 'Object Repository/vote_score' is clicked on

2019-11-18 10:55:24 - [MESSAGE][PASSED] - Object: 'Object Repository/vote_score' is clicked on

2019-11-18 10:55:24 - [TEST_STEP][PASSED] - click(findTestObject("vote_score", ["rowNo":"2", "vote":xlsData.getValue("B6_15", row)])): Object: 'Object Repository/vote_score' is clicked on

2019-11-18 10:55:24 - [MESSAGE][PASSED] - Object: 'Object Repository/vote_score' is clicked on

2019-11-18 10:55:24 - [TEST_STEP][PASSED] - waitForElementVisible(findTestObject("btn_next"), time): Object 'Object Repository/btn_next' is visible

2019-11-18 10:55:25 - [MESSAGE][PASSED] - Object 'Object Repository/btn_next' is visible

2019-11-18 10:55:25 - [TEST_STEP][PASSED] - click(findTestObject("btn_next")): Object: 'Object Repository/btn_next' is clicked on

2019-11-18 10:55:25 - [MESSAGE][PASSED] - Object: 'Object Repository/btn_next' is clicked on

2019-11-18 10:55:25 - [TEST_STEP][PASSED] - com.fb180.utilities.MyUtilities.myCheckbox1(checkBox, xlsData.getValue("O1", row)): checkbox selected Pass

2019-11-18 10:55:26 - [MESSAGE][PASSED] - checkbox selected Pass

2019-11-18 10:55:26 - [TEST_STEP][PASSED] - if (take(2).reverse() == "ON"): null

2019-11-18 10:55:26 - [TEST_STEP][PASSED] - waitForElementVisible(findTestObject("btn_next"), time): Object 'Object Repository/btn_next' is visible

2019-11-18 10:55:26 - [MESSAGE][PASSED] - Object 'Object Repository/btn_next' is visible

2019-11-18 10:55:26 - [TEST_STEP][PASSED] - org.openqa.selenium.TakesScreenshot: null

2019-11-18 10:55:26 - [TEST_STEP][PASSED] - click(findTestObject("btn_next")): Object: 'Object Repository/btn_next' is clicked on

2019-11-18 10:55:26 - [MESSAGE][PASSED] - Object: 'Object Repository/btn_next' is clicked on

2019-11-18 10:55:26 - [TEST_STEP][PASSED] - extract1 = getValue("O1", row).split(","): null

2019-11-18 10:55:26 - [TEST_STEP][PASSED] - if (extract1[1] == "ON"): Object: 'Object Repository/btn_next' is clicked on

2019-11-18 10:55:26 - [TEST_STEP][PASSED] - com.fb180.utilities.MyUtilities.myCheckbox1(checkBox, xlsData.getValue("O2", row)): checkbox selected Pass

2019-11-18 10:55:27 - [MESSAGE][PASSED] - checkbox selected Pass

2019-11-18 10:55:27 - [TEST_STEP][PASSED] - waitForElementVisible(findTestObject("btn_next"), time): Object 'Object Repository/btn_next' is visible

2019-11-18 10:55:28 - [MESSAGE][PASSED] - Object 'Object Repository/btn_next' is visible

2019-11-18 10:55:28 - [TEST_STEP][PASSED] - click(findTestObject("btn_next")): Object: 'Object Repository/btn_next' is clicked on

2019-11-18 10:55:28 - [MESSAGE][PASSED] - Object: 'Object Repository/btn_next' is clicked on

2019-11-18 10:55:28 - [TEST_STEP][PASSED] - extract2 = getValue("O2", row).split(","): null

2019-11-18 10:55:28 - [TEST_STEP][PASSED] - if (extract2[0] == "ON"): Object: 'Object Repository/btn_next' is clicked on

2019-11-18 10:55:28 - [TEST_STEP][PASSED] - com.fb180.utilities.MyUtilities.myCheckbox1(checkBox, xlsData.getValue("O2_C1", row)): checkbox selected Pass

2019-11-18 10:55:29 - [MESSAGE][PASSED] - checkbox selected Pass

2019-11-18 10:55:29 - [TEST_STEP][PASSED] - waitForElementVisible(findTestObject("btn_next"), time): Object 'Object Repository/btn_next' is visible

2019-11-18 10:55:29 - [MESSAGE][PASSED] - Object 'Object Repository/btn_next' is visible

2019-11-18 10:55:29 - [TEST_STEP][PASSED] - click(findTestObject("btn_next")): Object: 'Object Repository/btn_next' is clicked on

2019-11-18 10:55:30 - [MESSAGE][PASSED] - Object: 'Object Repository/btn_next' is clicked on

2019-11-18 10:55:30 - [TEST_STEP][PASSED] - if (extract2[1] == "ON"): Object: 'Object Repository/btn_next' is clicked on

2019-11-18 10:55:30 - [TEST_STEP][PASSED] - com.fb180.utilities.MyUtilities.myCheckbox1(checkBox, xlsData.getValue("O2_C2", row)): checkbox selected Pass

2019-11-18 10:55:30 - [MESSAGE][PASSED] - checkbox selected Pass

2019-11-18 10:55:30 - [TEST_STEP][PASSED] - waitForElementVisible(findTestObject("btn_next"), time): Object 'Object Repository/btn_next' is visible

2019-11-18 10:55:31 - [MESSAGE][PASSED] - Object 'Object Repository/btn_next' is visible

2019-11-18 10:55:31 - [TEST_STEP][PASSED] - click(findTestObject("btn_next")): Object: 'Object Repository/btn_next' is clicked on

2019-11-18 10:55:31 - [MESSAGE][PASSED] - Object: 'Object Repository/btn_next' is clicked on

2019-11-18 10:55:31 - [TEST_STEP][PASSED] - if (extract2[2] == "ON"): Object: 'Object Repository/btn_next' is clicked on

2019-11-18 10:55:31 - [TEST_STEP][PASSED] - com.fb180.utilities.MyUtilities.myCheckbox1(checkBox, xlsData.getValue("O2_C3", row)): checkbox selected Pass

2019-11-18 10:55:32 - [MESSAGE][PASSED] - checkbox selected Pass

2019-11-18 10:55:32 - [TEST_STEP][PASSED] - waitForElementVisible(findTestObject("btn_next"), time): Object 'Object Repository/btn_next' is visible

2019-11-18 10:55:32 - [MESSAGE][PASSED] - Object 'Object Repository/btn_next' is visible

2019-11-18 10:55:32 - [TEST_STEP][PASSED] - click(findTestObject("btn_next")): Object: 'Object Repository/btn_next' is clicked on

2019-11-18 10:55:33 - [MESSAGE][PASSED] - Object: 'Object Repository/btn_next' is clicked on

2019-11-18 10:55:33 - [TEST_STEP][PASSED] - if (extract2[3] == "ON"): Object: 'Object Repository/btn_next' is clicked on

2019-11-18 10:55:33 - [TEST_STEP][PASSED] - com.fb180.utilities.MyUtilities.myCheckbox1(checkBox, xlsData.getValue("O2_C4", row)): checkbox selected Pass

2019-11-18 10:55:33 - [MESSAGE][PASSED] - checkbox selected Pass

2019-11-18 10:55:33 - [TEST_STEP][PASSED] - waitForElementVisible(findTestObject("btn_next"), time): Object 'Object Repository/btn_next' is visible

2019-11-18 10:55:34 - [MESSAGE][PASSED] - Object 'Object Repository/btn_next' is visible

2019-11-18 10:55:34 - [TEST_STEP][PASSED] - click(findTestObject("btn_next")): Object: 'Object Repository/btn_next' is clicked on

2019-11-18 10:55:34 - [MESSAGE][PASSED] - Object: 'Object Repository/btn_next' is clicked on

2019-11-18 10:55:34 - [TEST_STEP][PASSED] - if (extract1[2] == "ON"): Object: 'Object Repository/btn_next' is clicked on

2019-11-18 10:55:34 - [TEST_STEP][PASSED] - com.fb180.utilities.MyUtilities.myCheckbox1(checkBox, xlsData.getValue("O3", row)): checkbox selected Pass

2019-11-18 10:55:35 - [MESSAGE][PASSED] - checkbox selected Pass

2019-11-18 10:55:35 - [TEST_STEP][PASSED] - waitForElementVisible(findTestObject("btn_next"), time): Object 'Object Repository/btn_next' is visible

2019-11-18 10:55:35 - [MESSAGE][PASSED] - Object 'Object Repository/btn_next' is visible

2019-11-18 10:55:35 - [TEST_STEP][PASSED] - click(findTestObject("btn_next")): Object: 'Object Repository/btn_next' is clicked on

2019-11-18 10:55:36 - [MESSAGE][PASSED] - Object: 'Object Repository/btn_next' is clicked on

2019-11-18 10:55:36 - [TEST_STEP][PASSED] - com.fb180.utilities.MyUtilities.myCheckbox1(checkBox, xlsData.getValue("O3_1", row)): checkbox selected Pass

2019-11-18 10:55:36 - [MESSAGE][PASSED] - checkbox selected Pass

2019-11-18 10:55:36 - [TEST_STEP][PASSED] - waitForElementVisible(findTestObject("btn_next"), time): Object 'Object Repository/btn_next' is visible

2019-11-18 10:55:37 - [MESSAGE][PASSED] - Object 'Object Repository/btn_next' is visible

2019-11-18 10:55:37 - [TEST_STEP][PASSED] - click(findTestObject("btn_next")): Object: 'Object Repository/btn_next' is clicked on

2019-11-18 10:55:37 - [MESSAGE][PASSED] - Object: 'Object Repository/btn_next' is clicked on

2019-11-18 10:55:37 - [TEST_STEP][PASSED] - if (extract1[3] == "ON"): null

2019-11-18 10:55:37 - [TEST_STEP][PASSED] - setText(findTestObject("text_area2"), xlsData.getValue("S5", row)): Text 'ไม่กรอก' is set on object 'Object Repository/text_area2'

2019-11-18 10:55:38 - [MESSAGE][PASSED] - Text 'ไม่กรอก' is set on object 'Object Repository/text_area2'

2019-11-18 10:55:38 - [TEST_STEP][PASSED] - waitForElementVisible(findTestObject("btn_next"), time): Object 'Object Repository/btn_next' is visible

2019-11-18 10:55:38 - [MESSAGE][PASSED] - Object 'Object Repository/btn_next' is visible

2019-11-18 10:55:38 - [TEST_STEP][PASSED] - click(findTestObject("btn_next")): Object: 'Object Repository/btn_next' is clicked on

2019-11-18 10:55:39 - [MESSAGE][PASSED] - Object: 'Object Repository/btn_next' is clicked on

2019-11-18 10:55:39 - [TEST_STEP][PASSED] - setText(findTestObject("text_area3", ["text":"1"]), xlsData.getValue("P1_1", row)): Text 'Faaaam' is set on object 'Object Repository/text_area3'

2019-11-18 10:55:39 - [MESSAGE][PASSED] - Text 'Faaaam' is set on object 'Object Repository/text_area3'

2019-11-18 10:55:39 - [TEST_STEP][PASSED] - setText(findTestObject("text_area3", ["text":"2"]), xlsData.getValue("P1_2", row)): Text 'Fammmmm' is set on object 'Object Repository/text_area3'

2019-11-18 10:55:40 - [MESSAGE][PASSED] - Text 'Fammmmm' is set on object 'Object Repository/text_area3'

2019-11-18 10:55:40 - [TEST_STEP][PASSED] - setText(findTestObject("text_area3", ["text":"3"]), xlsData.getValue("P2", row)): Text '3400129880456' is set on object 'Object Repository/text_area3'

2019-11-18 10:55:40 - [MESSAGE][PASSED] - Text '3400129880456' is set on object 'Object Repository/text_area3'

2019-11-18 10:55:40 - [TEST_STEP][PASSED] - click(findTestObject("radio_sex", ["sex":xlsData.getValue("P3", row)])): Object: 'Object Repository/radio_sex' is clicked on

2019-11-18 10:55:40 - [MESSAGE][PASSED] - Object: 'Object Repository/radio_sex' is clicked on

2019-11-18 10:55:40 - [TEST_STEP][PASSED] - click(findTestObject("radio_salary", ["salary":xlsData.getValue("P4", row)])): Object: 'Object Repository/radio_salary' is clicked on

2019-11-18 10:55:41 - [MESSAGE][PASSED] - Object: 'Object Repository/radio_salary' is clicked on

2019-11-18 10:55:41 - [TEST_STEP][PASSED] - waitForElementVisible(findTestObject("btn_next"), time): Object 'Object Repository/btn_next' is visible

2019-11-18 10:55:42 - [MESSAGE][PASSED] - Object 'Object Repository/btn_next' is visible

2019-11-18 10:55:42 - [TEST_STEP][PASSED] - click(findTestObject("btn_next")): Object: 'Object Repository/btn_next' is clicked on

2019-11-18 10:55:42 - [MESSAGE][PASSED] - Object: 'Object Repository/btn_next' is clicked on

2019-11-18 10:55:42 - [TEST_STEP][PASSED] - delay(5): Delayed 5 second(s)

2019-11-18 10:55:47 - [MESSAGE][PASSED] - Delayed 5 second(s)

2019-11-18 10:55:47 - [TEST_STEP][PASSED] - closeBrowser(): Browser is closed

2019-11-18 10:55:48 - [MESSAGE][PASSED] - Browser is closed

2019-11-18 10:55:48 - [TEST_STEP][PASSED] - openBrowser(""): Browser is opened with url: ''

2019-11-18 10:55:48 - [MESSAGE][INFO] - Starting 'Chrome' driver

2019-11-18 10:55:50 - [MESSAGE][PASSED] - Browser is opened with url: ''

2019-11-18 10:55:50 - [TEST_STEP][PASSED] - maximizeWindow(): Current window maximized

2019-11-18 10:55:51 - [MESSAGE][PASSED] - Current window maximized

2019-11-18 10:55:51 - [TEST_STEP][PASSED] - navigateToUrl("https://surveyconduct.feedback180.com/w6w4ie6?round=6"): Navigate to 'https://surveyconduct.feedback180.com/w6w4ie6?round=6' successfully

2019-11-18 10:55:52 - [MESSAGE][PASSED] - Navigate to 'https://surveyconduct.feedback180.com/w6w4ie6?round=6' successfully

2019-11-18 10:55:52 - [TEST_STEP][PASSED] - waitForPageLoad(time): Wait for page load successfully

2019-11-18 10:55:52 - [MESSAGE][PASSED] - Wait for page load successfully

2019-11-18 10:55:52 - [TEST_STEP][PASSED] - click(findTestObject("btn_start")): Object: 'Object Repository/btn_start' is clicked on

2019-11-18 10:55:54 - [MESSAGE][PASSED] - Object: 'Object Repository/btn_start' is clicked on

2019-11-18 10:55:54 - [TEST_STEP][PASSED] - waitForElementVisible(findTestObject("btn_next"), time): Object 'Object Repository/btn_next' is visible

2019-11-18 10:55:54 - [MESSAGE][PASSED] - Object 'Object Repository/btn_next' is visible

2019-11-18 10:55:54 - [TEST_STEP][PASSED] - click(findTestObject("btn_next")): Object: 'Object Repository/btn_next' is clicked on

2019-11-18 10:55:54 - [MESSAGE][PASSED] - Object: 'Object Repository/btn_next' is clicked on

2019-11-18 10:55:55 - [TEST_STEP][PASSED] - click(findTestObject("radio_age", ["age":xlsData.getValue("S1", row)])): Object: 'Object Repository/radio_age' is clicked on

2019-11-18 10:55:55 - [MESSAGE][PASSED] - Object: 'Object Repository/radio_age' is clicked on

2019-11-18 10:55:55 - [TEST_STEP][PASSED] - waitForElementVisible(findTestObject("btn_next"), time): Object 'Object Repository/btn_next' is visible

2019-11-18 10:55:56 - [MESSAGE][PASSED] - Object 'Object Repository/btn_next' is visible

2019-11-18 10:55:56 - [TEST_STEP][PASSED] - click(findTestObject("btn_next")): Object: 'Object Repository/btn_next' is clicked on

2019-11-18 10:55:56 - [MESSAGE][PASSED] - Object: 'Object Repository/btn_next' is clicked on

2019-11-18 10:55:56 - [TEST_STEP][PASSED] - if (getValue("S1", row).equalsIgnoreCase("1")): Browser is closed

2019-11-18 10:55:56 - [TEST_STEP][PASSED] - delay(1): Delayed 1 second(s)

2019-11-18 10:55:57 - [MESSAGE][PASSED] - Delayed 1 second(s)

2019-11-18 10:55:57 - [TEST_STEP][PASSED] - closeBrowser(): Browser is closed

2019-11-18 10:55:58 - [MESSAGE][PASSED] - Browser is closed]]></system-out>
         <system-err><![CDATA[]]></system-err>
      </testcase>
      <system-out><![CDATA[2019-11-18 10:52:18 - [TEST_SUITE][PASSED] - Shopper: Test Cases/TC-01_CPN_Shopper]]></system-out>
      <system-err><![CDATA[]]></system-err>
   </testsuite>
</testsuites>
