<?xml version="1.0" encoding="UTF-8" standalone="yes"?>
<testsuites name="TC-01" time="98" tests="1" failures="0" errors="0">
    <testsuite name="TC-01" tests="1" failures="0" errors="0" time="98" timestamp="2019-09-09 00:02:50" hostname="natty - 192.168.1.7" id="Test Suites/TC-01">
        <properties>
            <property name="deviceName" value=""/>
            <property name="devicePlatform" value=""/>
            <property name="logFolder" value="/Users/natty/Katalon Studio/CPN_R5/Reports/TC-01/20190909_000248"/>
            <property name="logFiles" value="/Users/natty/Katalon Studio/CPN_R5/Reports/TC-01/20190909_000248/execution0.log"/>
            <property name="attachments" value=""/>
            <property name="hostName" value="natty - 192.168.1.7"/>
            <property name="os" value="Mac OS X 64bit"/>
            <property name="katalonVersion" value="6.1.5.3"/>
            <property name="browser" value="Chrome 76.0.3809.132"/>
            <property name="hostAddress" value="192.168.1.7"/>
            <property name="sessionId" value="7e77c82256fa897438d64346b2e0e255"/>
            <property name="seleniumVersion" value="3.7.1"/>
            <property name="proxyInformation" value="ProxyInformation{proxyOption=NO_PROXY, proxyServerType=HTTP, password=, proxyServerAddress=, proxyServerPort=0}"/>
            <property name="platform" value="Mac OS X"/>
        </properties>
        <testcase name="Test Cases/TC-01_CPN_Shopper" classname="Test Cases/TC-01_CPN_Shopper" status="PASSED">
            <system-out>2019-09-09 00:02:50 - [TEST_CASE][PASSED] - Test Cases/TC-01_CPN_Shopper: Test Cases/TC-01_CPN_Shopper

2019-09-09 00:02:51 - [TEST_STEP][PASSED] - xlsData = findTestData("Data_CPN_Shopper"): null

2019-09-09 00:02:52 - [TEST_STEP][PASSED] - checkBox = findTestObject("Object Repository/checkbox"): null

2019-09-09 00:02:52 - [TEST_STEP][PASSED] - for ([row = 1, row &lt;= xlsData.getRowNumbers(), (row++)]): Browser is closed

2019-09-09 00:02:52 - [TEST_STEP][PASSED] - openBrowser(""): Browser is opened with url: ''

2019-09-09 00:02:52 - [MESSAGE][INFO] - Starting 'Chrome' driver

2019-09-09 00:02:52 - [MESSAGE][INFO] - Action delay is set to 0 seconds

2019-09-09 00:02:53 - [MESSAGE][PASSED] - Browser is opened with url: ''

2019-09-09 00:02:53 - [TEST_STEP][PASSED] - maximizeWindow(): Current window maximized

2019-09-09 00:02:54 - [MESSAGE][PASSED] - Current window maximized

2019-09-09 00:02:54 - [TEST_STEP][PASSED] - navigateToUrl("https://surveyconduct.feedback180.com/2lopi32?round=5"): Navigate to 'https://surveyconduct.feedback180.com/2lopi32?round=5' successfully

2019-09-09 00:02:55 - [MESSAGE][PASSED] - Navigate to 'https://surveyconduct.feedback180.com/2lopi32?round=5' successfully

2019-09-09 00:02:55 - [TEST_STEP][PASSED] - waitForPageLoad(time): Wait for page load successfully

2019-09-09 00:02:55 - [MESSAGE][PASSED] - Wait for page load successfully

2019-09-09 00:02:55 - [TEST_STEP][PASSED] - click(findTestObject("btn_start")): Object: 'Object Repository/btn_start' is clicked on

2019-09-09 00:02:56 - [MESSAGE][PASSED] - Object: 'Object Repository/btn_start' is clicked on

2019-09-09 00:02:56 - [TEST_STEP][PASSED] - waitForElementVisible(findTestObject("btn_next"), time): Object 'Object Repository/btn_next' is visible

2019-09-09 00:02:56 - [MESSAGE][PASSED] - Object 'Object Repository/btn_next' is visible

2019-09-09 00:02:56 - [TEST_STEP][PASSED] - click(findTestObject("btn_next")): Object: 'Object Repository/btn_next' is clicked on

2019-09-09 00:02:56 - [MESSAGE][PASSED] - Object: 'Object Repository/btn_next' is clicked on

2019-09-09 00:02:56 - [TEST_STEP][PASSED] - click(findTestObject("radio_age", ["age":xlsData.getValue("S1", row)])): Object: 'Object Repository/radio_age' is clicked on

2019-09-09 00:02:56 - [MESSAGE][PASSED] - Object: 'Object Repository/radio_age' is clicked on

2019-09-09 00:02:56 - [TEST_STEP][PASSED] - waitForElementVisible(findTestObject("btn_next"), time): Object 'Object Repository/btn_next' is visible

2019-09-09 00:02:56 - [MESSAGE][PASSED] - Object 'Object Repository/btn_next' is visible

2019-09-09 00:02:56 - [TEST_STEP][PASSED] - click(findTestObject("btn_next")): Object: 'Object Repository/btn_next' is clicked on

2019-09-09 00:02:56 - [MESSAGE][PASSED] - Object: 'Object Repository/btn_next' is clicked on

2019-09-09 00:02:56 - [TEST_STEP][PASSED] - if (getValue("S1", row).equalsIgnoreCase("1")): null

2019-09-09 00:02:56 - [TEST_STEP][PASSED] - else: Browser is closed

2019-09-09 00:02:56 - [TEST_STEP][PASSED] - ansVote = Integer.valueOf(xlsData.getValue("B1_1", row)): null

2019-09-09 00:02:56 - [TEST_STEP][PASSED] - ansVote = ansVote + 1: null

2019-09-09 00:02:56 - [TEST_STEP][PASSED] - click(findTestObject("radio_vote", ["rowNo":"2", "vote":ansVote])): Object: 'Object Repository/radio_vote' is clicked on

2019-09-09 00:02:56 - [MESSAGE][PASSED] - Object: 'Object Repository/radio_vote' is clicked on

2019-09-09 00:02:56 - [TEST_STEP][PASSED] - ansVote = Integer.valueOf(xlsData.getValue("B1_2", row)): null

2019-09-09 00:02:56 - [TEST_STEP][PASSED] - ansVote = ansVote + 1: null

2019-09-09 00:02:56 - [TEST_STEP][PASSED] - click(findTestObject("radio_vote", ["rowNo":"3", "vote":ansVote])): Object: 'Object Repository/radio_vote' is clicked on

2019-09-09 00:02:56 - [MESSAGE][PASSED] - Object: 'Object Repository/radio_vote' is clicked on

2019-09-09 00:02:56 - [TEST_STEP][PASSED] - ansVote = Integer.valueOf(xlsData.getValue("B1_3", row)): null

2019-09-09 00:02:56 - [TEST_STEP][PASSED] - ansVote = ansVote + 1: null

2019-09-09 00:02:56 - [TEST_STEP][PASSED] - click(findTestObject("radio_vote", ["rowNo":"4", "vote":ansVote])): Object: 'Object Repository/radio_vote' is clicked on

2019-09-09 00:02:56 - [MESSAGE][PASSED] - Object: 'Object Repository/radio_vote' is clicked on

2019-09-09 00:02:56 - [TEST_STEP][PASSED] - ansVote = Integer.valueOf(xlsData.getValue("B1_4", row)): null

2019-09-09 00:02:56 - [TEST_STEP][PASSED] - ansVote = ansVote + 1: null

2019-09-09 00:02:56 - [TEST_STEP][PASSED] - click(findTestObject("radio_vote", ["rowNo":"5", "vote":ansVote])): Object: 'Object Repository/radio_vote' is clicked on

2019-09-09 00:02:56 - [MESSAGE][PASSED] - Object: 'Object Repository/radio_vote' is clicked on

2019-09-09 00:02:56 - [TEST_STEP][PASSED] - ansVote = Integer.valueOf(xlsData.getValue("B1_5", row)): null

2019-09-09 00:02:56 - [TEST_STEP][PASSED] - ansVote = ansVote + 1: null

2019-09-09 00:02:56 - [TEST_STEP][PASSED] - click(findTestObject("radio_vote", ["rowNo":"6", "vote":ansVote])): Object: 'Object Repository/radio_vote' is clicked on

2019-09-09 00:02:56 - [MESSAGE][PASSED] - Object: 'Object Repository/radio_vote' is clicked on

2019-09-09 00:02:56 - [TEST_STEP][PASSED] - ansVote = Integer.valueOf(xlsData.getValue("B1_6", row)): null

2019-09-09 00:02:56 - [TEST_STEP][PASSED] - ansVote = ansVote + 1: null

2019-09-09 00:02:56 - [TEST_STEP][PASSED] - click(findTestObject("radio_vote", ["rowNo":"7", "vote":ansVote])): Object: 'Object Repository/radio_vote' is clicked on

2019-09-09 00:02:56 - [MESSAGE][PASSED] - Object: 'Object Repository/radio_vote' is clicked on

2019-09-09 00:02:56 - [TEST_STEP][PASSED] - waitForElementVisible(findTestObject("btn_next"), time): Object 'Object Repository/btn_next' is visible

2019-09-09 00:02:57 - [MESSAGE][PASSED] - Object 'Object Repository/btn_next' is visible

2019-09-09 00:02:57 - [TEST_STEP][PASSED] - click(findTestObject("btn_next")): Object: 'Object Repository/btn_next' is clicked on

2019-09-09 00:02:57 - [MESSAGE][PASSED] - Object: 'Object Repository/btn_next' is clicked on

2019-09-09 00:02:57 - [TEST_STEP][PASSED] - selectOptionByLabel(findTestObject("dropdown_region"), xlsData.getValue("B2_1", row), true): All options with label 'กรุงเทพฯ' are selected in object 'Object Repository/dropdown_region'  using regular expression

2019-09-09 00:02:57 - [MESSAGE][PASSED] - All options with label 'กรุงเทพฯ' are selected in object 'Object Repository/dropdown_region'  using regular expression

2019-09-09 00:02:57 - [TEST_STEP][PASSED] - selectOptionByLabel(findTestObject("dropdown_branch"), xlsData.getValue("B2_2", row), true): All options with label 'เซ็นทรัลพลาซา มหาชัย' are selected in object 'Object Repository/dropdown_branch'  using regular expression

2019-09-09 00:02:57 - [MESSAGE][PASSED] - All options with label 'เซ็นทรัลพลาซา มหาชัย' are selected in object 'Object Repository/dropdown_branch'  using regular expression

2019-09-09 00:02:57 - [TEST_STEP][PASSED] - waitForElementVisible(findTestObject("btn_next"), time): Object 'Object Repository/btn_next' is visible

2019-09-09 00:02:57 - [MESSAGE][PASSED] - Object 'Object Repository/btn_next' is visible

2019-09-09 00:02:57 - [TEST_STEP][PASSED] - click(findTestObject("btn_next")): Object: 'Object Repository/btn_next' is clicked on

2019-09-09 00:02:57 - [MESSAGE][PASSED] - Object: 'Object Repository/btn_next' is clicked on

2019-09-09 00:02:57 - [TEST_STEP][PASSED] - click(findTestObject("vote_score", ["rowNo":"1", "vote":xlsData.getValue("B3", row)])): Object: 'Object Repository/vote_score' is clicked on

2019-09-09 00:02:57 - [MESSAGE][PASSED] - Object: 'Object Repository/vote_score' is clicked on

2019-09-09 00:02:57 - [TEST_STEP][PASSED] - click(findTestObject("vote_score", ["rowNo":"2", "vote":xlsData.getValue("B4", row)])): Object: 'Object Repository/vote_score' is clicked on

2019-09-09 00:02:57 - [MESSAGE][PASSED] - Object: 'Object Repository/vote_score' is clicked on

2019-09-09 00:02:57 - [TEST_STEP][PASSED] - waitForElementVisible(findTestObject("btn_next"), time): Object 'Object Repository/btn_next' is visible

2019-09-09 00:02:57 - [MESSAGE][PASSED] - Object 'Object Repository/btn_next' is visible

2019-09-09 00:02:57 - [TEST_STEP][PASSED] - click(findTestObject("btn_next")): Object: 'Object Repository/btn_next' is clicked on

2019-09-09 00:02:57 - [MESSAGE][PASSED] - Object: 'Object Repository/btn_next' is clicked on

2019-09-09 00:02:57 - [TEST_STEP][PASSED] - click(findTestObject("vote_score", ["rowNo":"1", "vote":xlsData.getValue("B5_1", row)])): Object: 'Object Repository/vote_score' is clicked on

2019-09-09 00:02:58 - [MESSAGE][PASSED] - Object: 'Object Repository/vote_score' is clicked on

2019-09-09 00:02:58 - [TEST_STEP][PASSED] - click(findTestObject("vote_score", ["rowNo":"2", "vote":xlsData.getValue("B5_2", row)])): Object: 'Object Repository/vote_score' is clicked on

2019-09-09 00:02:58 - [MESSAGE][PASSED] - Object: 'Object Repository/vote_score' is clicked on

2019-09-09 00:02:58 - [TEST_STEP][PASSED] - click(findTestObject("vote_score", ["rowNo":"3", "vote":xlsData.getValue("B5_3", row)])): Object: 'Object Repository/vote_score' is clicked on

2019-09-09 00:02:58 - [MESSAGE][PASSED] - Object: 'Object Repository/vote_score' is clicked on

2019-09-09 00:02:58 - [TEST_STEP][PASSED] - click(findTestObject("vote_score", ["rowNo":"4", "vote":xlsData.getValue("B5_4", row)])): Object: 'Object Repository/vote_score' is clicked on

2019-09-09 00:02:58 - [MESSAGE][PASSED] - Object: 'Object Repository/vote_score' is clicked on

2019-09-09 00:02:58 - [TEST_STEP][PASSED] - click(findTestObject("vote_score", ["rowNo":"5", "vote":xlsData.getValue("B5_5", row)])): Object: 'Object Repository/vote_score' is clicked on

2019-09-09 00:02:58 - [MESSAGE][PASSED] - Object: 'Object Repository/vote_score' is clicked on

2019-09-09 00:02:58 - [TEST_STEP][PASSED] - waitForElementVisible(findTestObject("btn_next"), time): Object 'Object Repository/btn_next' is visible

2019-09-09 00:02:58 - [MESSAGE][PASSED] - Object 'Object Repository/btn_next' is visible

2019-09-09 00:02:58 - [TEST_STEP][PASSED] - click(findTestObject("btn_next")): Object: 'Object Repository/btn_next' is clicked on

2019-09-09 00:02:58 - [MESSAGE][PASSED] - Object: 'Object Repository/btn_next' is clicked on

2019-09-09 00:02:58 - [TEST_STEP][PASSED] - click(findTestObject("vote_score", ["rowNo":"1", "vote":xlsData.getValue("B6_1", row)])): Object: 'Object Repository/vote_score' is clicked on

2019-09-09 00:02:58 - [MESSAGE][PASSED] - Object: 'Object Repository/vote_score' is clicked on

2019-09-09 00:02:58 - [TEST_STEP][PASSED] - waitForElementVisible(findTestObject("btn_next"), time): Object 'Object Repository/btn_next' is visible

2019-09-09 00:02:58 - [MESSAGE][PASSED] - Object 'Object Repository/btn_next' is visible

2019-09-09 00:02:58 - [TEST_STEP][PASSED] - click(findTestObject("btn_next")): Object: 'Object Repository/btn_next' is clicked on

2019-09-09 00:02:58 - [MESSAGE][PASSED] - Object: 'Object Repository/btn_next' is clicked on

2019-09-09 00:02:58 - [TEST_STEP][PASSED] - click(findTestObject("vote_score", ["rowNo":"1", "vote":xlsData.getValue("B6_2", row)])): Object: 'Object Repository/vote_score' is clicked on

2019-09-09 00:02:58 - [MESSAGE][PASSED] - Object: 'Object Repository/vote_score' is clicked on

2019-09-09 00:02:58 - [TEST_STEP][PASSED] - click(findTestObject("vote_score", ["rowNo":"2", "vote":xlsData.getValue("B6_3", row)])): Object: 'Object Repository/vote_score' is clicked on

2019-09-09 00:02:58 - [MESSAGE][PASSED] - Object: 'Object Repository/vote_score' is clicked on

2019-09-09 00:02:58 - [TEST_STEP][PASSED] - click(findTestObject("vote_score", ["rowNo":"3", "vote":xlsData.getValue("B6_4", row)])): Object: 'Object Repository/vote_score' is clicked on

2019-09-09 00:02:58 - [MESSAGE][PASSED] - Object: 'Object Repository/vote_score' is clicked on

2019-09-09 00:02:58 - [TEST_STEP][PASSED] - click(findTestObject("vote_score", ["rowNo":"4", "vote":xlsData.getValue("B6_5", row)])): Object: 'Object Repository/vote_score' is clicked on

2019-09-09 00:02:58 - [MESSAGE][PASSED] - Object: 'Object Repository/vote_score' is clicked on

2019-09-09 00:02:58 - [TEST_STEP][PASSED] - scrollToElement(findTestObject("vote_score", ["rowNo":"4", "vote":xlsData.getValue("B6_5", row)]), 3): Scroll to object 'Object Repository/vote_score' successfully

2019-09-09 00:02:58 - [MESSAGE][PASSED] - Scroll to object 'Object Repository/vote_score' successfully

2019-09-09 00:02:58 - [TEST_STEP][PASSED] - if (Integer.valueOf(xlsData.getValue("B6_5", row)) &lt; 3): null

2019-09-09 00:02:58 - [TEST_STEP][PASSED] - click(findTestObject("vote_score", ["rowNo":"5", "vote":xlsData.getValue("B6_6", row)])): Object: 'Object Repository/vote_score' is clicked on

2019-09-09 00:02:58 - [MESSAGE][PASSED] - Object: 'Object Repository/vote_score' is clicked on

2019-09-09 00:02:58 - [TEST_STEP][PASSED] - if (Integer.valueOf(xlsData.getValue("B6_6", row)) &lt; 3): null

2019-09-09 00:02:58 - [TEST_STEP][PASSED] - waitForElementVisible(findTestObject("btn_next"), time): Object 'Object Repository/btn_next' is visible

2019-09-09 00:02:58 - [MESSAGE][PASSED] - Object 'Object Repository/btn_next' is visible

2019-09-09 00:02:58 - [TEST_STEP][PASSED] - click(findTestObject("btn_next")): Object: 'Object Repository/btn_next' is clicked on

2019-09-09 00:02:58 - [MESSAGE][PASSED] - Object: 'Object Repository/btn_next' is clicked on

2019-09-09 00:02:58 - [TEST_STEP][PASSED] - click(findTestObject("vote_score", ["rowNo":"1", "vote":xlsData.getValue("B6_7", row)])): Object: 'Object Repository/vote_score' is clicked on

2019-09-09 00:02:58 - [MESSAGE][PASSED] - Object: 'Object Repository/vote_score' is clicked on

2019-09-09 00:02:58 - [TEST_STEP][PASSED] - click(findTestObject("vote_score", ["rowNo":"2", "vote":xlsData.getValue("B6_8", row)])): Object: 'Object Repository/vote_score' is clicked on

2019-09-09 00:02:59 - [MESSAGE][PASSED] - Object: 'Object Repository/vote_score' is clicked on

2019-09-09 00:02:59 - [TEST_STEP][PASSED] - click(findTestObject("vote_score", ["rowNo":"3", "vote":xlsData.getValue("B6_9", row)])): Object: 'Object Repository/vote_score' is clicked on

2019-09-09 00:02:59 - [MESSAGE][PASSED] - Object: 'Object Repository/vote_score' is clicked on

2019-09-09 00:02:59 - [TEST_STEP][PASSED] - waitForElementVisible(findTestObject("btn_next"), time): Object 'Object Repository/btn_next' is visible

2019-09-09 00:02:59 - [MESSAGE][PASSED] - Object 'Object Repository/btn_next' is visible

2019-09-09 00:02:59 - [TEST_STEP][PASSED] - click(findTestObject("btn_next")): Object: 'Object Repository/btn_next' is clicked on

2019-09-09 00:02:59 - [MESSAGE][PASSED] - Object: 'Object Repository/btn_next' is clicked on

2019-09-09 00:02:59 - [TEST_STEP][PASSED] - click(findTestObject("vote_score", ["rowNo":"1", "vote":xlsData.getValue("B6_10", row)])): Object: 'Object Repository/vote_score' is clicked on

2019-09-09 00:02:59 - [MESSAGE][PASSED] - Object: 'Object Repository/vote_score' is clicked on

2019-09-09 00:02:59 - [TEST_STEP][PASSED] - click(findTestObject("vote_score", ["rowNo":"2", "vote":xlsData.getValue("B6_11", row)])): Object: 'Object Repository/vote_score' is clicked on

2019-09-09 00:02:59 - [MESSAGE][PASSED] - Object: 'Object Repository/vote_score' is clicked on

2019-09-09 00:02:59 - [TEST_STEP][PASSED] - click(findTestObject("vote_score", ["rowNo":"3", "vote":xlsData.getValue("B6_12", row)])): Object: 'Object Repository/vote_score' is clicked on

2019-09-09 00:02:59 - [MESSAGE][PASSED] - Object: 'Object Repository/vote_score' is clicked on

2019-09-09 00:02:59 - [TEST_STEP][PASSED] - click(findTestObject("vote_score", ["rowNo":"4", "vote":xlsData.getValue("B6_13", row)])): Object: 'Object Repository/vote_score' is clicked on

2019-09-09 00:02:59 - [MESSAGE][PASSED] - Object: 'Object Repository/vote_score' is clicked on

2019-09-09 00:02:59 - [TEST_STEP][PASSED] - waitForElementVisible(findTestObject("btn_next"), time): Object 'Object Repository/btn_next' is visible

2019-09-09 00:02:59 - [MESSAGE][PASSED] - Object 'Object Repository/btn_next' is visible

2019-09-09 00:02:59 - [TEST_STEP][PASSED] - click(findTestObject("btn_next")): Object: 'Object Repository/btn_next' is clicked on

2019-09-09 00:02:59 - [MESSAGE][PASSED] - Object: 'Object Repository/btn_next' is clicked on

2019-09-09 00:02:59 - [TEST_STEP][PASSED] - click(findTestObject("vote_score", ["rowNo":"1", "vote":xlsData.getValue("B6_14", row)])): Object: 'Object Repository/vote_score' is clicked on

2019-09-09 00:02:59 - [MESSAGE][PASSED] - Object: 'Object Repository/vote_score' is clicked on

2019-09-09 00:02:59 - [TEST_STEP][PASSED] - click(findTestObject("vote_score", ["rowNo":"2", "vote":xlsData.getValue("B6_15", row)])): Object: 'Object Repository/vote_score' is clicked on

2019-09-09 00:02:59 - [MESSAGE][PASSED] - Object: 'Object Repository/vote_score' is clicked on

2019-09-09 00:02:59 - [TEST_STEP][PASSED] - waitForElementVisible(findTestObject("btn_next"), time): Object 'Object Repository/btn_next' is visible

2019-09-09 00:02:59 - [MESSAGE][PASSED] - Object 'Object Repository/btn_next' is visible

2019-09-09 00:02:59 - [TEST_STEP][PASSED] - click(findTestObject("btn_next")): Object: 'Object Repository/btn_next' is clicked on

2019-09-09 00:02:59 - [MESSAGE][PASSED] - Object: 'Object Repository/btn_next' is clicked on

2019-09-09 00:02:59 - [TEST_STEP][PASSED] - com.fb180.utilities.MyUtilities.myCheckbox1(checkBox, xlsData.getValue("O1", row)): checkbox selected Pass

2019-09-09 00:02:59 - [MESSAGE][PASSED] - checkbox selected Pass

2019-09-09 00:02:59 - [TEST_STEP][PASSED] - if (take(2).reverse() == "ON"): null

2019-09-09 00:02:59 - [TEST_STEP][PASSED] - waitForElementVisible(findTestObject("btn_next"), time): Object 'Object Repository/btn_next' is visible

2019-09-09 00:02:59 - [MESSAGE][PASSED] - Object 'Object Repository/btn_next' is visible

2019-09-09 00:02:59 - [TEST_STEP][PASSED] - org.openqa.selenium.TakesScreenshot: null

2019-09-09 00:02:59 - [TEST_STEP][PASSED] - click(findTestObject("btn_next")): Object: 'Object Repository/btn_next' is clicked on

2019-09-09 00:02:59 - [MESSAGE][PASSED] - Object: 'Object Repository/btn_next' is clicked on

2019-09-09 00:02:59 - [TEST_STEP][PASSED] - extract1 = getValue("O1", row).split(","): null

2019-09-09 00:02:59 - [TEST_STEP][PASSED] - if (extract1[1] == "ON"): null

2019-09-09 00:02:59 - [TEST_STEP][PASSED] - if (extract1[2] == "ON"): Object: 'Object Repository/btn_next' is clicked on

2019-09-09 00:02:59 - [TEST_STEP][PASSED] - com.fb180.utilities.MyUtilities.myCheckbox1(checkBox, xlsData.getValue("O3", row)): checkbox selected Pass

2019-09-09 00:03:00 - [MESSAGE][PASSED] - checkbox selected Pass

2019-09-09 00:03:00 - [TEST_STEP][PASSED] - waitForElementVisible(findTestObject("btn_next"), time): Object 'Object Repository/btn_next' is visible

2019-09-09 00:03:00 - [MESSAGE][PASSED] - Object 'Object Repository/btn_next' is visible

2019-09-09 00:03:00 - [TEST_STEP][PASSED] - click(findTestObject("btn_next")): Object: 'Object Repository/btn_next' is clicked on

2019-09-09 00:03:00 - [MESSAGE][PASSED] - Object: 'Object Repository/btn_next' is clicked on

2019-09-09 00:03:00 - [TEST_STEP][PASSED] - com.fb180.utilities.MyUtilities.myCheckbox1(checkBox, xlsData.getValue("O3_1", row)): checkbox selected Pass

2019-09-09 00:03:00 - [MESSAGE][PASSED] - checkbox selected Pass

2019-09-09 00:03:00 - [TEST_STEP][PASSED] - waitForElementVisible(findTestObject("btn_next"), time): Object 'Object Repository/btn_next' is visible

2019-09-09 00:03:00 - [MESSAGE][PASSED] - Object 'Object Repository/btn_next' is visible

2019-09-09 00:03:00 - [TEST_STEP][PASSED] - click(findTestObject("btn_next")): Object: 'Object Repository/btn_next' is clicked on

2019-09-09 00:03:00 - [MESSAGE][PASSED] - Object: 'Object Repository/btn_next' is clicked on

2019-09-09 00:03:00 - [TEST_STEP][PASSED] - if (extract1[3] == "ON"): Object: 'Object Repository/btn_next' is clicked on

2019-09-09 00:03:00 - [TEST_STEP][PASSED] - com.fb180.utilities.MyUtilities.myCheckbox1(checkBox, xlsData.getValue("O4", row)): checkbox selected Pass

2019-09-09 00:03:00 - [MESSAGE][PASSED] - checkbox selected Pass

2019-09-09 00:03:00 - [TEST_STEP][PASSED] - waitForElementVisible(findTestObject("btn_next"), time): Object 'Object Repository/btn_next' is visible

2019-09-09 00:03:00 - [MESSAGE][PASSED] - Object 'Object Repository/btn_next' is visible

2019-09-09 00:03:00 - [TEST_STEP][PASSED] - click(findTestObject("btn_next")): Object: 'Object Repository/btn_next' is clicked on

2019-09-09 00:03:00 - [MESSAGE][PASSED] - Object: 'Object Repository/btn_next' is clicked on

2019-09-09 00:03:00 - [TEST_STEP][PASSED] - setText(findTestObject("text_area2"), xlsData.getValue("S5", row)): Text 'Test TC2' is set on object 'Object Repository/text_area2'

2019-09-09 00:03:01 - [MESSAGE][PASSED] - Text 'Test TC2' is set on object 'Object Repository/text_area2'

2019-09-09 00:03:01 - [TEST_STEP][PASSED] - waitForElementVisible(findTestObject("btn_next"), time): Object 'Object Repository/btn_next' is visible

2019-09-09 00:03:01 - [MESSAGE][PASSED] - Object 'Object Repository/btn_next' is visible

2019-09-09 00:03:01 - [TEST_STEP][PASSED] - click(findTestObject("btn_next")): Object: 'Object Repository/btn_next' is clicked on

2019-09-09 00:03:01 - [MESSAGE][PASSED] - Object: 'Object Repository/btn_next' is clicked on

2019-09-09 00:03:01 - [TEST_STEP][PASSED] - setText(findTestObject("text_area3", ["text":"1"]), xlsData.getValue("P1_1", row)): Text 'Tester2' is set on object 'Object Repository/text_area3'

2019-09-09 00:03:01 - [MESSAGE][PASSED] - Text 'Tester2' is set on object 'Object Repository/text_area3'

2019-09-09 00:03:01 - [TEST_STEP][PASSED] - setText(findTestObject("text_area3", ["text":"2"]), xlsData.getValue("P1_2", row)): Text 'Testing2' is set on object 'Object Repository/text_area3'

2019-09-09 00:03:01 - [MESSAGE][PASSED] - Text 'Testing2' is set on object 'Object Repository/text_area3'

2019-09-09 00:03:01 - [TEST_STEP][PASSED] - setText(findTestObject("text_area3", ["text":"3"]), xlsData.getValue("P2", row)): Text '1000000000000' is set on object 'Object Repository/text_area3'

2019-09-09 00:03:01 - [MESSAGE][PASSED] - Text '1000000000000' is set on object 'Object Repository/text_area3'

2019-09-09 00:03:01 - [TEST_STEP][PASSED] - click(findTestObject("radio_sex", ["sex":findTestData("Data_CPN_Shopper").getValue("P3", row)])): Object: 'Object Repository/radio_sex' is clicked on

2019-09-09 00:03:01 - [MESSAGE][PASSED] - Object: 'Object Repository/radio_sex' is clicked on

2019-09-09 00:03:01 - [TEST_STEP][PASSED] - click(findTestObject("radio_salary", ["salary":findTestData("Data_CPN_Shopper").getValue("P4", row)])): Object: 'Object Repository/radio_salary' is clicked on

2019-09-09 00:03:01 - [MESSAGE][PASSED] - Object: 'Object Repository/radio_salary' is clicked on

2019-09-09 00:03:01 - [TEST_STEP][PASSED] - waitForElementVisible(findTestObject("btn_next"), time): Object 'Object Repository/btn_next' is visible

2019-09-09 00:03:02 - [MESSAGE][PASSED] - Object 'Object Repository/btn_next' is visible

2019-09-09 00:03:02 - [TEST_STEP][PASSED] - click(findTestObject("btn_next")): Object: 'Object Repository/btn_next' is clicked on

2019-09-09 00:03:02 - [MESSAGE][PASSED] - Object: 'Object Repository/btn_next' is clicked on

2019-09-09 00:03:02 - [TEST_STEP][PASSED] - closeBrowser(): Browser is closed

2019-09-09 00:03:02 - [MESSAGE][PASSED] - Browser is closed

2019-09-09 00:03:02 - [TEST_STEP][PASSED] - openBrowser(""): Browser is opened with url: ''

2019-09-09 00:03:02 - [MESSAGE][INFO] - Starting 'Chrome' driver

2019-09-09 00:03:03 - [MESSAGE][PASSED] - Browser is opened with url: ''

2019-09-09 00:03:03 - [TEST_STEP][PASSED] - maximizeWindow(): Current window maximized

2019-09-09 00:03:03 - [MESSAGE][PASSED] - Current window maximized

2019-09-09 00:03:03 - [TEST_STEP][PASSED] - navigateToUrl("https://surveyconduct.feedback180.com/2lopi32?round=5"): Navigate to 'https://surveyconduct.feedback180.com/2lopi32?round=5' successfully

2019-09-09 00:03:04 - [MESSAGE][PASSED] - Navigate to 'https://surveyconduct.feedback180.com/2lopi32?round=5' successfully

2019-09-09 00:03:04 - [TEST_STEP][PASSED] - waitForPageLoad(time): Wait for page load successfully

2019-09-09 00:03:04 - [MESSAGE][PASSED] - Wait for page load successfully

2019-09-09 00:03:04 - [TEST_STEP][PASSED] - click(findTestObject("btn_start")): Object: 'Object Repository/btn_start' is clicked on

2019-09-09 00:03:05 - [MESSAGE][PASSED] - Object: 'Object Repository/btn_start' is clicked on

2019-09-09 00:03:05 - [TEST_STEP][PASSED] - waitForElementVisible(findTestObject("btn_next"), time): Object 'Object Repository/btn_next' is visible

2019-09-09 00:03:05 - [MESSAGE][PASSED] - Object 'Object Repository/btn_next' is visible

2019-09-09 00:03:05 - [TEST_STEP][PASSED] - click(findTestObject("btn_next")): Object: 'Object Repository/btn_next' is clicked on

2019-09-09 00:03:05 - [MESSAGE][PASSED] - Object: 'Object Repository/btn_next' is clicked on

2019-09-09 00:03:05 - [TEST_STEP][PASSED] - click(findTestObject("radio_age", ["age":xlsData.getValue("S1", row)])): Object: 'Object Repository/radio_age' is clicked on

2019-09-09 00:03:05 - [MESSAGE][PASSED] - Object: 'Object Repository/radio_age' is clicked on

2019-09-09 00:03:05 - [TEST_STEP][PASSED] - waitForElementVisible(findTestObject("btn_next"), time): Object 'Object Repository/btn_next' is visible

2019-09-09 00:03:05 - [MESSAGE][PASSED] - Object 'Object Repository/btn_next' is visible

2019-09-09 00:03:05 - [TEST_STEP][PASSED] - click(findTestObject("btn_next")): Object: 'Object Repository/btn_next' is clicked on

2019-09-09 00:03:05 - [MESSAGE][PASSED] - Object: 'Object Repository/btn_next' is clicked on

2019-09-09 00:03:05 - [TEST_STEP][PASSED] - if (getValue("S1", row).equalsIgnoreCase("1")): null

2019-09-09 00:03:05 - [TEST_STEP][PASSED] - else: Browser is closed

2019-09-09 00:03:05 - [TEST_STEP][PASSED] - ansVote = Integer.valueOf(xlsData.getValue("B1_1", row)): null

2019-09-09 00:03:05 - [TEST_STEP][PASSED] - ansVote = ansVote + 1: null

2019-09-09 00:03:05 - [TEST_STEP][PASSED] - click(findTestObject("radio_vote", ["rowNo":"2", "vote":ansVote])): Object: 'Object Repository/radio_vote' is clicked on

2019-09-09 00:03:05 - [MESSAGE][PASSED] - Object: 'Object Repository/radio_vote' is clicked on

2019-09-09 00:03:05 - [TEST_STEP][PASSED] - ansVote = Integer.valueOf(xlsData.getValue("B1_2", row)): null

2019-09-09 00:03:05 - [TEST_STEP][PASSED] - ansVote = ansVote + 1: null

2019-09-09 00:03:05 - [TEST_STEP][PASSED] - click(findTestObject("radio_vote", ["rowNo":"3", "vote":ansVote])): Object: 'Object Repository/radio_vote' is clicked on

2019-09-09 00:03:05 - [MESSAGE][PASSED] - Object: 'Object Repository/radio_vote' is clicked on

2019-09-09 00:03:05 - [TEST_STEP][PASSED] - ansVote = Integer.valueOf(xlsData.getValue("B1_3", row)): null

2019-09-09 00:03:05 - [TEST_STEP][PASSED] - ansVote = ansVote + 1: null

2019-09-09 00:03:05 - [TEST_STEP][PASSED] - click(findTestObject("radio_vote", ["rowNo":"4", "vote":ansVote])): Object: 'Object Repository/radio_vote' is clicked on

2019-09-09 00:03:05 - [MESSAGE][PASSED] - Object: 'Object Repository/radio_vote' is clicked on

2019-09-09 00:03:05 - [TEST_STEP][PASSED] - ansVote = Integer.valueOf(xlsData.getValue("B1_4", row)): null

2019-09-09 00:03:05 - [TEST_STEP][PASSED] - ansVote = ansVote + 1: null

2019-09-09 00:03:05 - [TEST_STEP][PASSED] - click(findTestObject("radio_vote", ["rowNo":"5", "vote":ansVote])): Object: 'Object Repository/radio_vote' is clicked on

2019-09-09 00:03:05 - [MESSAGE][PASSED] - Object: 'Object Repository/radio_vote' is clicked on

2019-09-09 00:03:05 - [TEST_STEP][PASSED] - ansVote = Integer.valueOf(xlsData.getValue("B1_5", row)): null

2019-09-09 00:03:05 - [TEST_STEP][PASSED] - ansVote = ansVote + 1: null

2019-09-09 00:03:05 - [TEST_STEP][PASSED] - click(findTestObject("radio_vote", ["rowNo":"6", "vote":ansVote])): Object: 'Object Repository/radio_vote' is clicked on

2019-09-09 00:03:06 - [MESSAGE][PASSED] - Object: 'Object Repository/radio_vote' is clicked on

2019-09-09 00:03:06 - [TEST_STEP][PASSED] - ansVote = Integer.valueOf(xlsData.getValue("B1_6", row)): null

2019-09-09 00:03:06 - [TEST_STEP][PASSED] - ansVote = ansVote + 1: null

2019-09-09 00:03:06 - [TEST_STEP][PASSED] - click(findTestObject("radio_vote", ["rowNo":"7", "vote":ansVote])): Object: 'Object Repository/radio_vote' is clicked on

2019-09-09 00:03:06 - [MESSAGE][PASSED] - Object: 'Object Repository/radio_vote' is clicked on

2019-09-09 00:03:06 - [TEST_STEP][PASSED] - waitForElementVisible(findTestObject("btn_next"), time): Object 'Object Repository/btn_next' is visible

2019-09-09 00:03:06 - [MESSAGE][PASSED] - Object 'Object Repository/btn_next' is visible

2019-09-09 00:03:06 - [TEST_STEP][PASSED] - click(findTestObject("btn_next")): Object: 'Object Repository/btn_next' is clicked on

2019-09-09 00:03:06 - [MESSAGE][PASSED] - Object: 'Object Repository/btn_next' is clicked on

2019-09-09 00:03:06 - [TEST_STEP][PASSED] - selectOptionByLabel(findTestObject("dropdown_region"), xlsData.getValue("B2_1", row), true): All options with label 'ภาคเหนือ' are selected in object 'Object Repository/dropdown_region'  using regular expression

2019-09-09 00:03:06 - [MESSAGE][PASSED] - All options with label 'ภาคเหนือ' are selected in object 'Object Repository/dropdown_region'  using regular expression

2019-09-09 00:03:06 - [TEST_STEP][PASSED] - selectOptionByLabel(findTestObject("dropdown_branch"), xlsData.getValue("B2_2", row), true): All options with label 'เซ็นทรัลเฟสติวัล เชียงใหม่' are selected in object 'Object Repository/dropdown_branch'  using regular expression

2019-09-09 00:03:06 - [MESSAGE][PASSED] - All options with label 'เซ็นทรัลเฟสติวัล เชียงใหม่' are selected in object 'Object Repository/dropdown_branch'  using regular expression

2019-09-09 00:03:06 - [TEST_STEP][PASSED] - waitForElementVisible(findTestObject("btn_next"), time): Object 'Object Repository/btn_next' is visible

2019-09-09 00:03:06 - [MESSAGE][PASSED] - Object 'Object Repository/btn_next' is visible

2019-09-09 00:03:06 - [TEST_STEP][PASSED] - click(findTestObject("btn_next")): Object: 'Object Repository/btn_next' is clicked on

2019-09-09 00:03:06 - [MESSAGE][PASSED] - Object: 'Object Repository/btn_next' is clicked on

2019-09-09 00:03:06 - [TEST_STEP][PASSED] - click(findTestObject("vote_score", ["rowNo":"1", "vote":xlsData.getValue("B3", row)])): Object: 'Object Repository/vote_score' is clicked on

2019-09-09 00:03:06 - [MESSAGE][PASSED] - Object: 'Object Repository/vote_score' is clicked on

2019-09-09 00:03:06 - [TEST_STEP][PASSED] - click(findTestObject("vote_score", ["rowNo":"2", "vote":xlsData.getValue("B4", row)])): Object: 'Object Repository/vote_score' is clicked on

2019-09-09 00:03:06 - [MESSAGE][PASSED] - Object: 'Object Repository/vote_score' is clicked on

2019-09-09 00:03:06 - [TEST_STEP][PASSED] - waitForElementVisible(findTestObject("btn_next"), time): Object 'Object Repository/btn_next' is visible

2019-09-09 00:03:06 - [MESSAGE][PASSED] - Object 'Object Repository/btn_next' is visible

2019-09-09 00:03:06 - [TEST_STEP][PASSED] - click(findTestObject("btn_next")): Object: 'Object Repository/btn_next' is clicked on

2019-09-09 00:03:07 - [MESSAGE][PASSED] - Object: 'Object Repository/btn_next' is clicked on

2019-09-09 00:03:07 - [TEST_STEP][PASSED] - click(findTestObject("vote_score", ["rowNo":"1", "vote":xlsData.getValue("B5_1", row)])): Object: 'Object Repository/vote_score' is clicked on

2019-09-09 00:03:07 - [MESSAGE][PASSED] - Object: 'Object Repository/vote_score' is clicked on

2019-09-09 00:03:07 - [TEST_STEP][PASSED] - click(findTestObject("vote_score", ["rowNo":"2", "vote":xlsData.getValue("B5_2", row)])): Object: 'Object Repository/vote_score' is clicked on

2019-09-09 00:03:07 - [MESSAGE][PASSED] - Object: 'Object Repository/vote_score' is clicked on

2019-09-09 00:03:07 - [TEST_STEP][PASSED] - click(findTestObject("vote_score", ["rowNo":"3", "vote":xlsData.getValue("B5_3", row)])): Object: 'Object Repository/vote_score' is clicked on

2019-09-09 00:03:07 - [MESSAGE][PASSED] - Object: 'Object Repository/vote_score' is clicked on

2019-09-09 00:03:07 - [TEST_STEP][PASSED] - click(findTestObject("vote_score", ["rowNo":"4", "vote":xlsData.getValue("B5_4", row)])): Object: 'Object Repository/vote_score' is clicked on

2019-09-09 00:03:07 - [MESSAGE][PASSED] - Object: 'Object Repository/vote_score' is clicked on

2019-09-09 00:03:07 - [TEST_STEP][PASSED] - click(findTestObject("vote_score", ["rowNo":"5", "vote":xlsData.getValue("B5_5", row)])): Object: 'Object Repository/vote_score' is clicked on

2019-09-09 00:03:07 - [MESSAGE][PASSED] - Object: 'Object Repository/vote_score' is clicked on

2019-09-09 00:03:07 - [TEST_STEP][PASSED] - waitForElementVisible(findTestObject("btn_next"), time): Object 'Object Repository/btn_next' is visible

2019-09-09 00:03:07 - [MESSAGE][PASSED] - Object 'Object Repository/btn_next' is visible

2019-09-09 00:03:07 - [TEST_STEP][PASSED] - click(findTestObject("btn_next")): Object: 'Object Repository/btn_next' is clicked on

2019-09-09 00:03:07 - [MESSAGE][PASSED] - Object: 'Object Repository/btn_next' is clicked on

2019-09-09 00:03:07 - [TEST_STEP][PASSED] - click(findTestObject("vote_score", ["rowNo":"1", "vote":xlsData.getValue("B6_1", row)])): Object: 'Object Repository/vote_score' is clicked on

2019-09-09 00:03:07 - [MESSAGE][PASSED] - Object: 'Object Repository/vote_score' is clicked on

2019-09-09 00:03:07 - [TEST_STEP][PASSED] - waitForElementVisible(findTestObject("btn_next"), time): Object 'Object Repository/btn_next' is visible

2019-09-09 00:03:07 - [MESSAGE][PASSED] - Object 'Object Repository/btn_next' is visible

2019-09-09 00:03:07 - [TEST_STEP][PASSED] - click(findTestObject("btn_next")): Object: 'Object Repository/btn_next' is clicked on

2019-09-09 00:03:07 - [MESSAGE][PASSED] - Object: 'Object Repository/btn_next' is clicked on

2019-09-09 00:03:07 - [TEST_STEP][PASSED] - click(findTestObject("vote_score", ["rowNo":"1", "vote":xlsData.getValue("B6_2", row)])): Object: 'Object Repository/vote_score' is clicked on

2019-09-09 00:03:07 - [MESSAGE][PASSED] - Object: 'Object Repository/vote_score' is clicked on

2019-09-09 00:03:07 - [TEST_STEP][PASSED] - click(findTestObject("vote_score", ["rowNo":"2", "vote":xlsData.getValue("B6_3", row)])): Object: 'Object Repository/vote_score' is clicked on

2019-09-09 00:03:07 - [MESSAGE][PASSED] - Object: 'Object Repository/vote_score' is clicked on

2019-09-09 00:03:07 - [TEST_STEP][PASSED] - click(findTestObject("vote_score", ["rowNo":"3", "vote":xlsData.getValue("B6_4", row)])): Object: 'Object Repository/vote_score' is clicked on

2019-09-09 00:03:07 - [MESSAGE][PASSED] - Object: 'Object Repository/vote_score' is clicked on

2019-09-09 00:03:07 - [TEST_STEP][PASSED] - click(findTestObject("vote_score", ["rowNo":"4", "vote":xlsData.getValue("B6_5", row)])): Object: 'Object Repository/vote_score' is clicked on

2019-09-09 00:03:07 - [MESSAGE][PASSED] - Object: 'Object Repository/vote_score' is clicked on

2019-09-09 00:03:07 - [TEST_STEP][PASSED] - scrollToElement(findTestObject("vote_score", ["rowNo":"4", "vote":xlsData.getValue("B6_5", row)]), 3): Scroll to object 'Object Repository/vote_score' successfully

2019-09-09 00:03:07 - [MESSAGE][PASSED] - Scroll to object 'Object Repository/vote_score' successfully

2019-09-09 00:03:07 - [TEST_STEP][PASSED] - if (Integer.valueOf(xlsData.getValue("B6_5", row)) &lt; 3): null

2019-09-09 00:03:07 - [TEST_STEP][PASSED] - click(findTestObject("vote_score", ["rowNo":"5", "vote":xlsData.getValue("B6_6", row)])): Object: 'Object Repository/vote_score' is clicked on

2019-09-09 00:03:08 - [MESSAGE][PASSED] - Object: 'Object Repository/vote_score' is clicked on

2019-09-09 00:03:08 - [TEST_STEP][PASSED] - if (Integer.valueOf(xlsData.getValue("B6_6", row)) &lt; 3): null

2019-09-09 00:03:08 - [TEST_STEP][PASSED] - waitForElementVisible(findTestObject("btn_next"), time): Object 'Object Repository/btn_next' is visible

2019-09-09 00:03:08 - [MESSAGE][PASSED] - Object 'Object Repository/btn_next' is visible

2019-09-09 00:03:08 - [TEST_STEP][PASSED] - click(findTestObject("btn_next")): Object: 'Object Repository/btn_next' is clicked on

2019-09-09 00:03:08 - [MESSAGE][PASSED] - Object: 'Object Repository/btn_next' is clicked on

2019-09-09 00:03:08 - [TEST_STEP][PASSED] - click(findTestObject("vote_score", ["rowNo":"1", "vote":xlsData.getValue("B6_7", row)])): Object: 'Object Repository/vote_score' is clicked on

2019-09-09 00:03:08 - [MESSAGE][PASSED] - Object: 'Object Repository/vote_score' is clicked on

2019-09-09 00:03:08 - [TEST_STEP][PASSED] - click(findTestObject("vote_score", ["rowNo":"2", "vote":xlsData.getValue("B6_8", row)])): Object: 'Object Repository/vote_score' is clicked on

2019-09-09 00:03:08 - [MESSAGE][PASSED] - Object: 'Object Repository/vote_score' is clicked on

2019-09-09 00:03:08 - [TEST_STEP][PASSED] - click(findTestObject("vote_score", ["rowNo":"3", "vote":xlsData.getValue("B6_9", row)])): Object: 'Object Repository/vote_score' is clicked on

2019-09-09 00:03:08 - [MESSAGE][PASSED] - Object: 'Object Repository/vote_score' is clicked on

2019-09-09 00:03:08 - [TEST_STEP][PASSED] - waitForElementVisible(findTestObject("btn_next"), time): Object 'Object Repository/btn_next' is visible

2019-09-09 00:03:08 - [MESSAGE][PASSED] - Object 'Object Repository/btn_next' is visible

2019-09-09 00:03:08 - [TEST_STEP][PASSED] - click(findTestObject("btn_next")): Object: 'Object Repository/btn_next' is clicked on

2019-09-09 00:03:08 - [MESSAGE][PASSED] - Object: 'Object Repository/btn_next' is clicked on

2019-09-09 00:03:08 - [TEST_STEP][PASSED] - click(findTestObject("vote_score", ["rowNo":"1", "vote":xlsData.getValue("B6_10", row)])): Object: 'Object Repository/vote_score' is clicked on

2019-09-09 00:03:08 - [MESSAGE][PASSED] - Object: 'Object Repository/vote_score' is clicked on

2019-09-09 00:03:08 - [TEST_STEP][PASSED] - click(findTestObject("vote_score", ["rowNo":"2", "vote":xlsData.getValue("B6_11", row)])): Object: 'Object Repository/vote_score' is clicked on

2019-09-09 00:03:08 - [MESSAGE][PASSED] - Object: 'Object Repository/vote_score' is clicked on

2019-09-09 00:03:08 - [TEST_STEP][PASSED] - click(findTestObject("vote_score", ["rowNo":"3", "vote":xlsData.getValue("B6_12", row)])): Object: 'Object Repository/vote_score' is clicked on

2019-09-09 00:03:08 - [MESSAGE][PASSED] - Object: 'Object Repository/vote_score' is clicked on

2019-09-09 00:03:08 - [TEST_STEP][PASSED] - click(findTestObject("vote_score", ["rowNo":"4", "vote":xlsData.getValue("B6_13", row)])): Object: 'Object Repository/vote_score' is clicked on

2019-09-09 00:03:08 - [MESSAGE][PASSED] - Object: 'Object Repository/vote_score' is clicked on

2019-09-09 00:03:08 - [TEST_STEP][PASSED] - waitForElementVisible(findTestObject("btn_next"), time): Object 'Object Repository/btn_next' is visible

2019-09-09 00:03:08 - [MESSAGE][PASSED] - Object 'Object Repository/btn_next' is visible

2019-09-09 00:03:08 - [TEST_STEP][PASSED] - click(findTestObject("btn_next")): Object: 'Object Repository/btn_next' is clicked on

2019-09-09 00:03:08 - [MESSAGE][PASSED] - Object: 'Object Repository/btn_next' is clicked on

2019-09-09 00:03:08 - [TEST_STEP][PASSED] - click(findTestObject("vote_score", ["rowNo":"1", "vote":xlsData.getValue("B6_14", row)])): Object: 'Object Repository/vote_score' is clicked on

2019-09-09 00:03:08 - [MESSAGE][PASSED] - Object: 'Object Repository/vote_score' is clicked on

2019-09-09 00:03:08 - [TEST_STEP][PASSED] - click(findTestObject("vote_score", ["rowNo":"2", "vote":xlsData.getValue("B6_15", row)])): Object: 'Object Repository/vote_score' is clicked on

2019-09-09 00:03:08 - [MESSAGE][PASSED] - Object: 'Object Repository/vote_score' is clicked on

2019-09-09 00:03:08 - [TEST_STEP][PASSED] - waitForElementVisible(findTestObject("btn_next"), time): Object 'Object Repository/btn_next' is visible

2019-09-09 00:03:08 - [MESSAGE][PASSED] - Object 'Object Repository/btn_next' is visible

2019-09-09 00:03:08 - [TEST_STEP][PASSED] - click(findTestObject("btn_next")): Object: 'Object Repository/btn_next' is clicked on

2019-09-09 00:03:08 - [MESSAGE][PASSED] - Object: 'Object Repository/btn_next' is clicked on

2019-09-09 00:03:08 - [TEST_STEP][PASSED] - com.fb180.utilities.MyUtilities.myCheckbox1(checkBox, xlsData.getValue("O1", row)): checkbox selected Pass

2019-09-09 00:03:09 - [MESSAGE][PASSED] - checkbox selected Pass

2019-09-09 00:03:09 - [TEST_STEP][PASSED] - if (take(2).reverse() == "ON"): Text 'Test1' is set on object 'Object Repository/test_other'

2019-09-09 00:03:09 - [TEST_STEP][PASSED] - setText(findTestObject("Object Repository/test_other"), findTestData("Data_CPN_Shopper").getValue("OtherO1", row)): Text 'Test1' is set on object 'Object Repository/test_other'

2019-09-09 00:03:09 - [MESSAGE][PASSED] - Text 'Test1' is set on object 'Object Repository/test_other'

2019-09-09 00:03:09 - [TEST_STEP][PASSED] - waitForElementVisible(findTestObject("btn_next"), time): Object 'Object Repository/btn_next' is visible

2019-09-09 00:03:09 - [MESSAGE][PASSED] - Object 'Object Repository/btn_next' is visible

2019-09-09 00:03:09 - [TEST_STEP][PASSED] - org.openqa.selenium.TakesScreenshot: null

2019-09-09 00:03:09 - [TEST_STEP][PASSED] - click(findTestObject("btn_next")): Object: 'Object Repository/btn_next' is clicked on

2019-09-09 00:03:09 - [MESSAGE][PASSED] - Object: 'Object Repository/btn_next' is clicked on

2019-09-09 00:03:09 - [TEST_STEP][PASSED] - extract1 = getValue("O1", row).split(","): null

2019-09-09 00:03:09 - [TEST_STEP][PASSED] - if (extract1[1] == "ON"): Object: 'Object Repository/btn_next' is clicked on

2019-09-09 00:03:09 - [TEST_STEP][PASSED] - com.fb180.utilities.MyUtilities.myCheckbox1(checkBox, xlsData.getValue("O2", row)): checkbox selected Pass

2019-09-09 00:03:09 - [MESSAGE][PASSED] - checkbox selected Pass

2019-09-09 00:03:09 - [TEST_STEP][PASSED] - waitForElementVisible(findTestObject("btn_next"), time): Object 'Object Repository/btn_next' is visible

2019-09-09 00:03:09 - [MESSAGE][PASSED] - Object 'Object Repository/btn_next' is visible

2019-09-09 00:03:09 - [TEST_STEP][PASSED] - click(findTestObject("btn_next")): Object: 'Object Repository/btn_next' is clicked on

2019-09-09 00:03:09 - [MESSAGE][PASSED] - Object: 'Object Repository/btn_next' is clicked on

2019-09-09 00:03:09 - [TEST_STEP][PASSED] - extract2 = getValue("O2", row).split(","): null

2019-09-09 00:03:09 - [TEST_STEP][PASSED] - if (extract2[0] == "ON"): Object: 'Object Repository/btn_next' is clicked on

2019-09-09 00:03:09 - [TEST_STEP][PASSED] - com.fb180.utilities.MyUtilities.myCheckbox1(checkBox, xlsData.getValue("O2_C1", row)): checkbox selected Pass

2019-09-09 00:03:09 - [MESSAGE][PASSED] - checkbox selected Pass

2019-09-09 00:03:09 - [TEST_STEP][PASSED] - waitForElementVisible(findTestObject("btn_next"), time): Object 'Object Repository/btn_next' is visible

2019-09-09 00:03:09 - [MESSAGE][PASSED] - Object 'Object Repository/btn_next' is visible

2019-09-09 00:03:09 - [TEST_STEP][PASSED] - click(findTestObject("btn_next")): Object: 'Object Repository/btn_next' is clicked on

2019-09-09 00:03:10 - [MESSAGE][PASSED] - Object: 'Object Repository/btn_next' is clicked on

2019-09-09 00:03:10 - [TEST_STEP][PASSED] - if (extract2[1] == "ON"): Object: 'Object Repository/btn_next' is clicked on

2019-09-09 00:03:10 - [TEST_STEP][PASSED] - com.fb180.utilities.MyUtilities.myCheckbox1(checkBox, xlsData.getValue("O2_C2", row)): checkbox selected Pass

2019-09-09 00:03:10 - [MESSAGE][PASSED] - checkbox selected Pass

2019-09-09 00:03:10 - [TEST_STEP][PASSED] - waitForElementVisible(findTestObject("btn_next"), time): Object 'Object Repository/btn_next' is visible

2019-09-09 00:03:10 - [MESSAGE][PASSED] - Object 'Object Repository/btn_next' is visible

2019-09-09 00:03:10 - [TEST_STEP][PASSED] - click(findTestObject("btn_next")): Object: 'Object Repository/btn_next' is clicked on

2019-09-09 00:03:10 - [MESSAGE][PASSED] - Object: 'Object Repository/btn_next' is clicked on

2019-09-09 00:03:10 - [TEST_STEP][PASSED] - if (extract2[2] == "ON"): Object: 'Object Repository/btn_next' is clicked on

2019-09-09 00:03:10 - [TEST_STEP][PASSED] - com.fb180.utilities.MyUtilities.myCheckbox1(checkBox, xlsData.getValue("O2_C3", row)): checkbox selected Pass

2019-09-09 00:03:10 - [MESSAGE][PASSED] - checkbox selected Pass

2019-09-09 00:03:10 - [TEST_STEP][PASSED] - waitForElementVisible(findTestObject("btn_next"), time): Object 'Object Repository/btn_next' is visible

2019-09-09 00:03:10 - [MESSAGE][PASSED] - Object 'Object Repository/btn_next' is visible

2019-09-09 00:03:10 - [TEST_STEP][PASSED] - click(findTestObject("btn_next")): Object: 'Object Repository/btn_next' is clicked on

2019-09-09 00:03:10 - [MESSAGE][PASSED] - Object: 'Object Repository/btn_next' is clicked on

2019-09-09 00:03:10 - [TEST_STEP][PASSED] - if (extract2[3] == "ON"): Object: 'Object Repository/btn_next' is clicked on

2019-09-09 00:03:10 - [TEST_STEP][PASSED] - com.fb180.utilities.MyUtilities.myCheckbox1(checkBox, xlsData.getValue("O2_C4", row)): checkbox selected Pass

2019-09-09 00:03:10 - [MESSAGE][PASSED] - checkbox selected Pass

2019-09-09 00:03:10 - [TEST_STEP][PASSED] - waitForElementVisible(findTestObject("btn_next"), time): Object 'Object Repository/btn_next' is visible

2019-09-09 00:03:10 - [MESSAGE][PASSED] - Object 'Object Repository/btn_next' is visible

2019-09-09 00:03:10 - [TEST_STEP][PASSED] - click(findTestObject("btn_next")): Object: 'Object Repository/btn_next' is clicked on

2019-09-09 00:03:10 - [MESSAGE][PASSED] - Object: 'Object Repository/btn_next' is clicked on

2019-09-09 00:03:10 - [TEST_STEP][PASSED] - if (extract1[2] == "ON"): Object: 'Object Repository/btn_next' is clicked on

2019-09-09 00:03:10 - [TEST_STEP][PASSED] - com.fb180.utilities.MyUtilities.myCheckbox1(checkBox, xlsData.getValue("O3", row)): checkbox selected Pass

2019-09-09 00:03:10 - [MESSAGE][PASSED] - checkbox selected Pass

2019-09-09 00:03:10 - [TEST_STEP][PASSED] - waitForElementVisible(findTestObject("btn_next"), time): Object 'Object Repository/btn_next' is visible

2019-09-09 00:03:10 - [MESSAGE][PASSED] - Object 'Object Repository/btn_next' is visible

2019-09-09 00:03:10 - [TEST_STEP][PASSED] - click(findTestObject("btn_next")): Object: 'Object Repository/btn_next' is clicked on

2019-09-09 00:03:10 - [MESSAGE][PASSED] - Object: 'Object Repository/btn_next' is clicked on

2019-09-09 00:03:10 - [TEST_STEP][PASSED] - com.fb180.utilities.MyUtilities.myCheckbox1(checkBox, xlsData.getValue("O3_1", row)): checkbox selected Pass

2019-09-09 00:03:11 - [MESSAGE][PASSED] - checkbox selected Pass

2019-09-09 00:03:11 - [TEST_STEP][PASSED] - waitForElementVisible(findTestObject("btn_next"), time): Object 'Object Repository/btn_next' is visible

2019-09-09 00:03:11 - [MESSAGE][PASSED] - Object 'Object Repository/btn_next' is visible

2019-09-09 00:03:11 - [TEST_STEP][PASSED] - click(findTestObject("btn_next")): Object: 'Object Repository/btn_next' is clicked on

2019-09-09 00:03:11 - [MESSAGE][PASSED] - Object: 'Object Repository/btn_next' is clicked on

2019-09-09 00:03:11 - [TEST_STEP][PASSED] - if (extract1[3] == "ON"): Object: 'Object Repository/btn_next' is clicked on

2019-09-09 00:03:11 - [TEST_STEP][PASSED] - com.fb180.utilities.MyUtilities.myCheckbox1(checkBox, xlsData.getValue("O4", row)): checkbox selected Pass

2019-09-09 00:03:11 - [MESSAGE][PASSED] - checkbox selected Pass

2019-09-09 00:03:11 - [TEST_STEP][PASSED] - waitForElementVisible(findTestObject("btn_next"), time): Object 'Object Repository/btn_next' is visible

2019-09-09 00:03:11 - [MESSAGE][PASSED] - Object 'Object Repository/btn_next' is visible

2019-09-09 00:03:11 - [TEST_STEP][PASSED] - click(findTestObject("btn_next")): Object: 'Object Repository/btn_next' is clicked on

2019-09-09 00:03:11 - [MESSAGE][PASSED] - Object: 'Object Repository/btn_next' is clicked on

2019-09-09 00:03:11 - [TEST_STEP][PASSED] - setText(findTestObject("text_area2"), xlsData.getValue("S5", row)): Text 'Test TC1' is set on object 'Object Repository/text_area2'

2019-09-09 00:03:11 - [MESSAGE][PASSED] - Text 'Test TC1' is set on object 'Object Repository/text_area2'

2019-09-09 00:03:11 - [TEST_STEP][PASSED] - waitForElementVisible(findTestObject("btn_next"), time): Object 'Object Repository/btn_next' is visible

2019-09-09 00:03:11 - [MESSAGE][PASSED] - Object 'Object Repository/btn_next' is visible

2019-09-09 00:03:11 - [TEST_STEP][PASSED] - click(findTestObject("btn_next")): Object: 'Object Repository/btn_next' is clicked on

2019-09-09 00:03:11 - [MESSAGE][PASSED] - Object: 'Object Repository/btn_next' is clicked on

2019-09-09 00:03:11 - [TEST_STEP][PASSED] - setText(findTestObject("text_area3", ["text":"1"]), xlsData.getValue("P1_1", row)): Text 'Tester1' is set on object 'Object Repository/text_area3'

2019-09-09 00:03:11 - [MESSAGE][PASSED] - Text 'Tester1' is set on object 'Object Repository/text_area3'

2019-09-09 00:03:11 - [TEST_STEP][PASSED] - setText(findTestObject("text_area3", ["text":"2"]), xlsData.getValue("P1_2", row)): Text 'Testing1' is set on object 'Object Repository/text_area3'

2019-09-09 00:03:11 - [MESSAGE][PASSED] - Text 'Testing1' is set on object 'Object Repository/text_area3'

2019-09-09 00:03:11 - [TEST_STEP][PASSED] - setText(findTestObject("text_area3", ["text":"3"]), xlsData.getValue("P2", row)): Text '1234567891234' is set on object 'Object Repository/text_area3'

2019-09-09 00:03:12 - [MESSAGE][PASSED] - Text '1234567891234' is set on object 'Object Repository/text_area3'

2019-09-09 00:03:12 - [TEST_STEP][PASSED] - click(findTestObject("radio_sex", ["sex":findTestData("Data_CPN_Shopper").getValue("P3", row)])): Object: 'Object Repository/radio_sex' is clicked on

2019-09-09 00:03:12 - [MESSAGE][PASSED] - Object: 'Object Repository/radio_sex' is clicked on

2019-09-09 00:03:12 - [TEST_STEP][PASSED] - click(findTestObject("radio_salary", ["salary":findTestData("Data_CPN_Shopper").getValue("P4", row)])): Object: 'Object Repository/radio_salary' is clicked on

2019-09-09 00:03:12 - [MESSAGE][PASSED] - Object: 'Object Repository/radio_salary' is clicked on

2019-09-09 00:03:12 - [TEST_STEP][PASSED] - waitForElementVisible(findTestObject("btn_next"), time): Object 'Object Repository/btn_next' is visible

2019-09-09 00:03:12 - [MESSAGE][PASSED] - Object 'Object Repository/btn_next' is visible

2019-09-09 00:03:12 - [TEST_STEP][PASSED] - click(findTestObject("btn_next")): Object: 'Object Repository/btn_next' is clicked on

2019-09-09 00:03:12 - [MESSAGE][PASSED] - Object: 'Object Repository/btn_next' is clicked on

2019-09-09 00:03:12 - [TEST_STEP][PASSED] - closeBrowser(): Browser is closed

2019-09-09 00:03:12 - [MESSAGE][PASSED] - Browser is closed

2019-09-09 00:03:12 - [TEST_STEP][PASSED] - openBrowser(""): Browser is opened with url: ''

2019-09-09 00:03:12 - [MESSAGE][INFO] - Starting 'Chrome' driver

2019-09-09 00:03:13 - [MESSAGE][PASSED] - Browser is opened with url: ''

2019-09-09 00:03:13 - [TEST_STEP][PASSED] - maximizeWindow(): Current window maximized

2019-09-09 00:03:13 - [MESSAGE][PASSED] - Current window maximized

2019-09-09 00:03:13 - [TEST_STEP][PASSED] - navigateToUrl("https://surveyconduct.feedback180.com/2lopi32?round=5"): Navigate to 'https://surveyconduct.feedback180.com/2lopi32?round=5' successfully

2019-09-09 00:03:14 - [MESSAGE][PASSED] - Navigate to 'https://surveyconduct.feedback180.com/2lopi32?round=5' successfully

2019-09-09 00:03:14 - [TEST_STEP][PASSED] - waitForPageLoad(time): Wait for page load successfully

2019-09-09 00:03:14 - [MESSAGE][PASSED] - Wait for page load successfully

2019-09-09 00:03:14 - [TEST_STEP][PASSED] - click(findTestObject("btn_start")): Object: 'Object Repository/btn_start' is clicked on

2019-09-09 00:03:15 - [MESSAGE][PASSED] - Object: 'Object Repository/btn_start' is clicked on

2019-09-09 00:03:15 - [TEST_STEP][PASSED] - waitForElementVisible(findTestObject("btn_next"), time): Object 'Object Repository/btn_next' is visible

2019-09-09 00:03:15 - [MESSAGE][PASSED] - Object 'Object Repository/btn_next' is visible

2019-09-09 00:03:15 - [TEST_STEP][PASSED] - click(findTestObject("btn_next")): Object: 'Object Repository/btn_next' is clicked on

2019-09-09 00:03:15 - [MESSAGE][PASSED] - Object: 'Object Repository/btn_next' is clicked on

2019-09-09 00:03:15 - [TEST_STEP][PASSED] - click(findTestObject("radio_age", ["age":xlsData.getValue("S1", row)])): Object: 'Object Repository/radio_age' is clicked on

2019-09-09 00:03:15 - [MESSAGE][PASSED] - Object: 'Object Repository/radio_age' is clicked on

2019-09-09 00:03:15 - [TEST_STEP][PASSED] - waitForElementVisible(findTestObject("btn_next"), time): Object 'Object Repository/btn_next' is visible

2019-09-09 00:03:15 - [MESSAGE][PASSED] - Object 'Object Repository/btn_next' is visible

2019-09-09 00:03:15 - [TEST_STEP][PASSED] - click(findTestObject("btn_next")): Object: 'Object Repository/btn_next' is clicked on

2019-09-09 00:03:15 - [MESSAGE][PASSED] - Object: 'Object Repository/btn_next' is clicked on

2019-09-09 00:03:15 - [TEST_STEP][PASSED] - if (getValue("S1", row).equalsIgnoreCase("1")): Browser is closed

2019-09-09 00:03:15 - [TEST_STEP][PASSED] - delay(1): Delayed 1 second(s)

2019-09-09 00:03:16 - [MESSAGE][PASSED] - Delayed 1 second(s)

2019-09-09 00:03:16 - [TEST_STEP][PASSED] - closeBrowser(): Browser is closed

2019-09-09 00:03:16 - [MESSAGE][PASSED] - Browser is closed

2019-09-09 00:03:16 - [TEST_STEP][PASSED] - openBrowser(""): Browser is opened with url: ''

2019-09-09 00:03:16 - [MESSAGE][INFO] - Starting 'Chrome' driver

2019-09-09 00:03:17 - [MESSAGE][PASSED] - Browser is opened with url: ''

2019-09-09 00:03:17 - [TEST_STEP][PASSED] - maximizeWindow(): Current window maximized

2019-09-09 00:03:17 - [MESSAGE][PASSED] - Current window maximized

2019-09-09 00:03:17 - [TEST_STEP][PASSED] - navigateToUrl("https://surveyconduct.feedback180.com/2lopi32?round=5"): Navigate to 'https://surveyconduct.feedback180.com/2lopi32?round=5' successfully

2019-09-09 00:03:18 - [MESSAGE][PASSED] - Navigate to 'https://surveyconduct.feedback180.com/2lopi32?round=5' successfully

2019-09-09 00:03:18 - [TEST_STEP][PASSED] - waitForPageLoad(time): Wait for page load successfully

2019-09-09 00:03:18 - [MESSAGE][PASSED] - Wait for page load successfully

2019-09-09 00:03:18 - [TEST_STEP][PASSED] - click(findTestObject("btn_start")): Object: 'Object Repository/btn_start' is clicked on

2019-09-09 00:03:19 - [MESSAGE][PASSED] - Object: 'Object Repository/btn_start' is clicked on

2019-09-09 00:03:19 - [TEST_STEP][PASSED] - waitForElementVisible(findTestObject("btn_next"), time): Object 'Object Repository/btn_next' is visible

2019-09-09 00:03:19 - [MESSAGE][PASSED] - Object 'Object Repository/btn_next' is visible

2019-09-09 00:03:19 - [TEST_STEP][PASSED] - click(findTestObject("btn_next")): Object: 'Object Repository/btn_next' is clicked on

2019-09-09 00:03:19 - [MESSAGE][PASSED] - Object: 'Object Repository/btn_next' is clicked on

2019-09-09 00:03:19 - [TEST_STEP][PASSED] - click(findTestObject("radio_age", ["age":xlsData.getValue("S1", row)])): Object: 'Object Repository/radio_age' is clicked on

2019-09-09 00:03:19 - [MESSAGE][PASSED] - Object: 'Object Repository/radio_age' is clicked on

2019-09-09 00:03:19 - [TEST_STEP][PASSED] - waitForElementVisible(findTestObject("btn_next"), time): Object 'Object Repository/btn_next' is visible

2019-09-09 00:03:19 - [MESSAGE][PASSED] - Object 'Object Repository/btn_next' is visible

2019-09-09 00:03:19 - [TEST_STEP][PASSED] - click(findTestObject("btn_next")): Object: 'Object Repository/btn_next' is clicked on

2019-09-09 00:03:19 - [MESSAGE][PASSED] - Object: 'Object Repository/btn_next' is clicked on

2019-09-09 00:03:19 - [TEST_STEP][PASSED] - if (getValue("S1", row).equalsIgnoreCase("1")): null

2019-09-09 00:03:19 - [TEST_STEP][PASSED] - else: Browser is closed

2019-09-09 00:03:19 - [TEST_STEP][PASSED] - ansVote = Integer.valueOf(xlsData.getValue("B1_1", row)): null

2019-09-09 00:03:19 - [TEST_STEP][PASSED] - ansVote = ansVote + 1: null

2019-09-09 00:03:19 - [TEST_STEP][PASSED] - click(findTestObject("radio_vote", ["rowNo":"2", "vote":ansVote])): Object: 'Object Repository/radio_vote' is clicked on

2019-09-09 00:03:19 - [MESSAGE][PASSED] - Object: 'Object Repository/radio_vote' is clicked on

2019-09-09 00:03:19 - [TEST_STEP][PASSED] - ansVote = Integer.valueOf(xlsData.getValue("B1_2", row)): null

2019-09-09 00:03:19 - [TEST_STEP][PASSED] - ansVote = ansVote + 1: null

2019-09-09 00:03:19 - [TEST_STEP][PASSED] - click(findTestObject("radio_vote", ["rowNo":"3", "vote":ansVote])): Object: 'Object Repository/radio_vote' is clicked on

2019-09-09 00:03:19 - [MESSAGE][PASSED] - Object: 'Object Repository/radio_vote' is clicked on

2019-09-09 00:03:19 - [TEST_STEP][PASSED] - ansVote = Integer.valueOf(xlsData.getValue("B1_3", row)): null

2019-09-09 00:03:19 - [TEST_STEP][PASSED] - ansVote = ansVote + 1: null

2019-09-09 00:03:19 - [TEST_STEP][PASSED] - click(findTestObject("radio_vote", ["rowNo":"4", "vote":ansVote])): Object: 'Object Repository/radio_vote' is clicked on

2019-09-09 00:03:19 - [MESSAGE][PASSED] - Object: 'Object Repository/radio_vote' is clicked on

2019-09-09 00:03:19 - [TEST_STEP][PASSED] - ansVote = Integer.valueOf(xlsData.getValue("B1_4", row)): null

2019-09-09 00:03:19 - [TEST_STEP][PASSED] - ansVote = ansVote + 1: null

2019-09-09 00:03:19 - [TEST_STEP][PASSED] - click(findTestObject("radio_vote", ["rowNo":"5", "vote":ansVote])): Object: 'Object Repository/radio_vote' is clicked on

2019-09-09 00:03:19 - [MESSAGE][PASSED] - Object: 'Object Repository/radio_vote' is clicked on

2019-09-09 00:03:19 - [TEST_STEP][PASSED] - ansVote = Integer.valueOf(xlsData.getValue("B1_5", row)): null

2019-09-09 00:03:19 - [TEST_STEP][PASSED] - ansVote = ansVote + 1: null

2019-09-09 00:03:19 - [TEST_STEP][PASSED] - click(findTestObject("radio_vote", ["rowNo":"6", "vote":ansVote])): Object: 'Object Repository/radio_vote' is clicked on

2019-09-09 00:03:19 - [MESSAGE][PASSED] - Object: 'Object Repository/radio_vote' is clicked on

2019-09-09 00:03:19 - [TEST_STEP][PASSED] - ansVote = Integer.valueOf(xlsData.getValue("B1_6", row)): null

2019-09-09 00:03:19 - [TEST_STEP][PASSED] - ansVote = ansVote + 1: null

2019-09-09 00:03:19 - [TEST_STEP][PASSED] - click(findTestObject("radio_vote", ["rowNo":"7", "vote":ansVote])): Object: 'Object Repository/radio_vote' is clicked on

2019-09-09 00:03:20 - [MESSAGE][PASSED] - Object: 'Object Repository/radio_vote' is clicked on

2019-09-09 00:03:20 - [TEST_STEP][PASSED] - waitForElementVisible(findTestObject("btn_next"), time): Object 'Object Repository/btn_next' is visible

2019-09-09 00:03:20 - [MESSAGE][PASSED] - Object 'Object Repository/btn_next' is visible

2019-09-09 00:03:20 - [TEST_STEP][PASSED] - click(findTestObject("btn_next")): Object: 'Object Repository/btn_next' is clicked on

2019-09-09 00:03:20 - [MESSAGE][PASSED] - Object: 'Object Repository/btn_next' is clicked on

2019-09-09 00:03:20 - [TEST_STEP][PASSED] - selectOptionByLabel(findTestObject("dropdown_region"), xlsData.getValue("B2_1", row), true): All options with label 'ภาคเหนือ' are selected in object 'Object Repository/dropdown_region'  using regular expression

2019-09-09 00:03:20 - [MESSAGE][PASSED] - All options with label 'ภาคเหนือ' are selected in object 'Object Repository/dropdown_region'  using regular expression

2019-09-09 00:03:20 - [TEST_STEP][PASSED] - selectOptionByLabel(findTestObject("dropdown_branch"), xlsData.getValue("B2_2", row), true): All options with label 'เซ็นทรัลพลาซา เชียงใหม่ แอร์พอร์ต' are selected in object 'Object Repository/dropdown_branch'  using regular expression

2019-09-09 00:03:20 - [MESSAGE][PASSED] - All options with label 'เซ็นทรัลพลาซา เชียงใหม่ แอร์พอร์ต' are selected in object 'Object Repository/dropdown_branch'  using regular expression

2019-09-09 00:03:20 - [TEST_STEP][PASSED] - waitForElementVisible(findTestObject("btn_next"), time): Object 'Object Repository/btn_next' is visible

2019-09-09 00:03:20 - [MESSAGE][PASSED] - Object 'Object Repository/btn_next' is visible

2019-09-09 00:03:20 - [TEST_STEP][PASSED] - click(findTestObject("btn_next")): Object: 'Object Repository/btn_next' is clicked on

2019-09-09 00:03:20 - [MESSAGE][PASSED] - Object: 'Object Repository/btn_next' is clicked on

2019-09-09 00:03:20 - [TEST_STEP][PASSED] - click(findTestObject("vote_score", ["rowNo":"1", "vote":xlsData.getValue("B3", row)])): Object: 'Object Repository/vote_score' is clicked on

2019-09-09 00:03:20 - [MESSAGE][PASSED] - Object: 'Object Repository/vote_score' is clicked on

2019-09-09 00:03:20 - [TEST_STEP][PASSED] - click(findTestObject("vote_score", ["rowNo":"2", "vote":xlsData.getValue("B4", row)])): Object: 'Object Repository/vote_score' is clicked on

2019-09-09 00:03:20 - [MESSAGE][PASSED] - Object: 'Object Repository/vote_score' is clicked on

2019-09-09 00:03:20 - [TEST_STEP][PASSED] - waitForElementVisible(findTestObject("btn_next"), time): Object 'Object Repository/btn_next' is visible

2019-09-09 00:03:20 - [MESSAGE][PASSED] - Object 'Object Repository/btn_next' is visible

2019-09-09 00:03:20 - [TEST_STEP][PASSED] - click(findTestObject("btn_next")): Object: 'Object Repository/btn_next' is clicked on

2019-09-09 00:03:21 - [MESSAGE][PASSED] - Object: 'Object Repository/btn_next' is clicked on

2019-09-09 00:03:21 - [TEST_STEP][PASSED] - click(findTestObject("vote_score", ["rowNo":"1", "vote":xlsData.getValue("B5_1", row)])): Object: 'Object Repository/vote_score' is clicked on

2019-09-09 00:03:21 - [MESSAGE][PASSED] - Object: 'Object Repository/vote_score' is clicked on

2019-09-09 00:03:21 - [TEST_STEP][PASSED] - click(findTestObject("vote_score", ["rowNo":"2", "vote":xlsData.getValue("B5_2", row)])): Object: 'Object Repository/vote_score' is clicked on

2019-09-09 00:03:21 - [MESSAGE][PASSED] - Object: 'Object Repository/vote_score' is clicked on

2019-09-09 00:03:21 - [TEST_STEP][PASSED] - click(findTestObject("vote_score", ["rowNo":"3", "vote":xlsData.getValue("B5_3", row)])): Object: 'Object Repository/vote_score' is clicked on

2019-09-09 00:03:21 - [MESSAGE][PASSED] - Object: 'Object Repository/vote_score' is clicked on

2019-09-09 00:03:21 - [TEST_STEP][PASSED] - click(findTestObject("vote_score", ["rowNo":"4", "vote":xlsData.getValue("B5_4", row)])): Object: 'Object Repository/vote_score' is clicked on

2019-09-09 00:03:21 - [MESSAGE][PASSED] - Object: 'Object Repository/vote_score' is clicked on

2019-09-09 00:03:21 - [TEST_STEP][PASSED] - click(findTestObject("vote_score", ["rowNo":"5", "vote":xlsData.getValue("B5_5", row)])): Object: 'Object Repository/vote_score' is clicked on

2019-09-09 00:03:21 - [MESSAGE][PASSED] - Object: 'Object Repository/vote_score' is clicked on

2019-09-09 00:03:21 - [TEST_STEP][PASSED] - waitForElementVisible(findTestObject("btn_next"), time): Object 'Object Repository/btn_next' is visible

2019-09-09 00:03:21 - [MESSAGE][PASSED] - Object 'Object Repository/btn_next' is visible

2019-09-09 00:03:21 - [TEST_STEP][PASSED] - click(findTestObject("btn_next")): Object: 'Object Repository/btn_next' is clicked on

2019-09-09 00:03:21 - [MESSAGE][PASSED] - Object: 'Object Repository/btn_next' is clicked on

2019-09-09 00:03:21 - [TEST_STEP][PASSED] - click(findTestObject("vote_score", ["rowNo":"1", "vote":xlsData.getValue("B6_1", row)])): Object: 'Object Repository/vote_score' is clicked on

2019-09-09 00:03:21 - [MESSAGE][PASSED] - Object: 'Object Repository/vote_score' is clicked on

2019-09-09 00:03:21 - [TEST_STEP][PASSED] - waitForElementVisible(findTestObject("btn_next"), time): Object 'Object Repository/btn_next' is visible

2019-09-09 00:03:21 - [MESSAGE][PASSED] - Object 'Object Repository/btn_next' is visible

2019-09-09 00:03:21 - [TEST_STEP][PASSED] - click(findTestObject("btn_next")): Object: 'Object Repository/btn_next' is clicked on

2019-09-09 00:03:21 - [MESSAGE][PASSED] - Object: 'Object Repository/btn_next' is clicked on

2019-09-09 00:03:21 - [TEST_STEP][PASSED] - click(findTestObject("vote_score", ["rowNo":"1", "vote":xlsData.getValue("B6_2", row)])): Object: 'Object Repository/vote_score' is clicked on

2019-09-09 00:03:21 - [MESSAGE][PASSED] - Object: 'Object Repository/vote_score' is clicked on

2019-09-09 00:03:21 - [TEST_STEP][PASSED] - click(findTestObject("vote_score", ["rowNo":"2", "vote":xlsData.getValue("B6_3", row)])): Object: 'Object Repository/vote_score' is clicked on

2019-09-09 00:03:21 - [MESSAGE][PASSED] - Object: 'Object Repository/vote_score' is clicked on

2019-09-09 00:03:21 - [TEST_STEP][PASSED] - click(findTestObject("vote_score", ["rowNo":"3", "vote":xlsData.getValue("B6_4", row)])): Object: 'Object Repository/vote_score' is clicked on

2019-09-09 00:03:21 - [MESSAGE][PASSED] - Object: 'Object Repository/vote_score' is clicked on

2019-09-09 00:03:21 - [TEST_STEP][PASSED] - click(findTestObject("vote_score", ["rowNo":"4", "vote":xlsData.getValue("B6_5", row)])): Object: 'Object Repository/vote_score' is clicked on

2019-09-09 00:03:21 - [MESSAGE][PASSED] - Object: 'Object Repository/vote_score' is clicked on

2019-09-09 00:03:21 - [TEST_STEP][PASSED] - scrollToElement(findTestObject("vote_score", ["rowNo":"4", "vote":xlsData.getValue("B6_5", row)]), 3): Scroll to object 'Object Repository/vote_score' successfully

2019-09-09 00:03:21 - [MESSAGE][PASSED] - Scroll to object 'Object Repository/vote_score' successfully

2019-09-09 00:03:21 - [TEST_STEP][PASSED] - if (Integer.valueOf(xlsData.getValue("B6_5", row)) &lt; 3): null

2019-09-09 00:03:21 - [TEST_STEP][PASSED] - click(findTestObject("vote_score", ["rowNo":"5", "vote":xlsData.getValue("B6_6", row)])): Object: 'Object Repository/vote_score' is clicked on

2019-09-09 00:03:21 - [MESSAGE][PASSED] - Object: 'Object Repository/vote_score' is clicked on

2019-09-09 00:03:21 - [TEST_STEP][PASSED] - if (Integer.valueOf(xlsData.getValue("B6_6", row)) &lt; 3): null

2019-09-09 00:03:21 - [TEST_STEP][PASSED] - waitForElementVisible(findTestObject("btn_next"), time): Object 'Object Repository/btn_next' is visible

2019-09-09 00:03:21 - [MESSAGE][PASSED] - Object 'Object Repository/btn_next' is visible

2019-09-09 00:03:21 - [TEST_STEP][PASSED] - click(findTestObject("btn_next")): Object: 'Object Repository/btn_next' is clicked on

2019-09-09 00:03:22 - [MESSAGE][PASSED] - Object: 'Object Repository/btn_next' is clicked on

2019-09-09 00:03:22 - [TEST_STEP][PASSED] - click(findTestObject("vote_score", ["rowNo":"1", "vote":xlsData.getValue("B6_7", row)])): Object: 'Object Repository/vote_score' is clicked on

2019-09-09 00:03:22 - [MESSAGE][PASSED] - Object: 'Object Repository/vote_score' is clicked on

2019-09-09 00:03:22 - [TEST_STEP][PASSED] - click(findTestObject("vote_score", ["rowNo":"2", "vote":xlsData.getValue("B6_8", row)])): Object: 'Object Repository/vote_score' is clicked on

2019-09-09 00:03:22 - [MESSAGE][PASSED] - Object: 'Object Repository/vote_score' is clicked on

2019-09-09 00:03:22 - [TEST_STEP][PASSED] - click(findTestObject("vote_score", ["rowNo":"3", "vote":xlsData.getValue("B6_9", row)])): Object: 'Object Repository/vote_score' is clicked on

2019-09-09 00:03:22 - [MESSAGE][PASSED] - Object: 'Object Repository/vote_score' is clicked on

2019-09-09 00:03:22 - [TEST_STEP][PASSED] - waitForElementVisible(findTestObject("btn_next"), time): Object 'Object Repository/btn_next' is visible

2019-09-09 00:03:22 - [MESSAGE][PASSED] - Object 'Object Repository/btn_next' is visible

2019-09-09 00:03:22 - [TEST_STEP][PASSED] - click(findTestObject("btn_next")): Object: 'Object Repository/btn_next' is clicked on

2019-09-09 00:03:22 - [MESSAGE][PASSED] - Object: 'Object Repository/btn_next' is clicked on

2019-09-09 00:03:22 - [TEST_STEP][PASSED] - click(findTestObject("vote_score", ["rowNo":"1", "vote":xlsData.getValue("B6_10", row)])): Object: 'Object Repository/vote_score' is clicked on

2019-09-09 00:03:22 - [MESSAGE][PASSED] - Object: 'Object Repository/vote_score' is clicked on

2019-09-09 00:03:22 - [TEST_STEP][PASSED] - click(findTestObject("vote_score", ["rowNo":"2", "vote":xlsData.getValue("B6_11", row)])): Object: 'Object Repository/vote_score' is clicked on

2019-09-09 00:03:22 - [MESSAGE][PASSED] - Object: 'Object Repository/vote_score' is clicked on

2019-09-09 00:03:22 - [TEST_STEP][PASSED] - click(findTestObject("vote_score", ["rowNo":"3", "vote":xlsData.getValue("B6_12", row)])): Object: 'Object Repository/vote_score' is clicked on

2019-09-09 00:03:22 - [MESSAGE][PASSED] - Object: 'Object Repository/vote_score' is clicked on

2019-09-09 00:03:22 - [TEST_STEP][PASSED] - click(findTestObject("vote_score", ["rowNo":"4", "vote":xlsData.getValue("B6_13", row)])): Object: 'Object Repository/vote_score' is clicked on

2019-09-09 00:03:22 - [MESSAGE][PASSED] - Object: 'Object Repository/vote_score' is clicked on

2019-09-09 00:03:22 - [TEST_STEP][PASSED] - waitForElementVisible(findTestObject("btn_next"), time): Object 'Object Repository/btn_next' is visible

2019-09-09 00:03:22 - [MESSAGE][PASSED] - Object 'Object Repository/btn_next' is visible

2019-09-09 00:03:22 - [TEST_STEP][PASSED] - click(findTestObject("btn_next")): Object: 'Object Repository/btn_next' is clicked on

2019-09-09 00:03:22 - [MESSAGE][PASSED] - Object: 'Object Repository/btn_next' is clicked on

2019-09-09 00:03:22 - [TEST_STEP][PASSED] - click(findTestObject("vote_score", ["rowNo":"1", "vote":xlsData.getValue("B6_14", row)])): Object: 'Object Repository/vote_score' is clicked on

2019-09-09 00:03:22 - [MESSAGE][PASSED] - Object: 'Object Repository/vote_score' is clicked on

2019-09-09 00:03:22 - [TEST_STEP][PASSED] - click(findTestObject("vote_score", ["rowNo":"2", "vote":xlsData.getValue("B6_15", row)])): Object: 'Object Repository/vote_score' is clicked on

2019-09-09 00:03:22 - [MESSAGE][PASSED] - Object: 'Object Repository/vote_score' is clicked on

2019-09-09 00:03:22 - [TEST_STEP][PASSED] - waitForElementVisible(findTestObject("btn_next"), time): Object 'Object Repository/btn_next' is visible

2019-09-09 00:03:22 - [MESSAGE][PASSED] - Object 'Object Repository/btn_next' is visible

2019-09-09 00:03:22 - [TEST_STEP][PASSED] - click(findTestObject("btn_next")): Object: 'Object Repository/btn_next' is clicked on

2019-09-09 00:03:22 - [MESSAGE][PASSED] - Object: 'Object Repository/btn_next' is clicked on

2019-09-09 00:03:22 - [TEST_STEP][PASSED] - com.fb180.utilities.MyUtilities.myCheckbox1(checkBox, xlsData.getValue("O1", row)): checkbox selected Pass

2019-09-09 00:03:23 - [MESSAGE][PASSED] - checkbox selected Pass

2019-09-09 00:03:23 - [TEST_STEP][PASSED] - if (take(2).reverse() == "ON"): Text 'Test4' is set on object 'Object Repository/test_other'

2019-09-09 00:03:23 - [TEST_STEP][PASSED] - setText(findTestObject("Object Repository/test_other"), findTestData("Data_CPN_Shopper").getValue("OtherO1", row)): Text 'Test4' is set on object 'Object Repository/test_other'

2019-09-09 00:03:23 - [MESSAGE][PASSED] - Text 'Test4' is set on object 'Object Repository/test_other'

2019-09-09 00:03:23 - [TEST_STEP][PASSED] - waitForElementVisible(findTestObject("btn_next"), time): Object 'Object Repository/btn_next' is visible

2019-09-09 00:03:23 - [MESSAGE][PASSED] - Object 'Object Repository/btn_next' is visible

2019-09-09 00:03:23 - [TEST_STEP][PASSED] - org.openqa.selenium.TakesScreenshot: null

2019-09-09 00:03:23 - [TEST_STEP][PASSED] - click(findTestObject("btn_next")): Object: 'Object Repository/btn_next' is clicked on

2019-09-09 00:03:23 - [MESSAGE][PASSED] - Object: 'Object Repository/btn_next' is clicked on

2019-09-09 00:03:23 - [TEST_STEP][PASSED] - extract1 = getValue("O1", row).split(","): null

2019-09-09 00:03:23 - [TEST_STEP][PASSED] - if (extract1[1] == "ON"): null

2019-09-09 00:03:23 - [TEST_STEP][PASSED] - if (extract1[2] == "ON"): null

2019-09-09 00:03:23 - [TEST_STEP][PASSED] - if (extract1[3] == "ON"): null

2019-09-09 00:03:23 - [TEST_STEP][PASSED] - setText(findTestObject("text_area2"), xlsData.getValue("S5", row)): Text 'Test TC4' is set on object 'Object Repository/text_area2'

2019-09-09 00:03:23 - [MESSAGE][PASSED] - Text 'Test TC4' is set on object 'Object Repository/text_area2'

2019-09-09 00:03:23 - [TEST_STEP][PASSED] - waitForElementVisible(findTestObject("btn_next"), time): Object 'Object Repository/btn_next' is visible

2019-09-09 00:03:23 - [MESSAGE][PASSED] - Object 'Object Repository/btn_next' is visible

2019-09-09 00:03:23 - [TEST_STEP][PASSED] - click(findTestObject("btn_next")): Object: 'Object Repository/btn_next' is clicked on

2019-09-09 00:03:23 - [MESSAGE][PASSED] - Object: 'Object Repository/btn_next' is clicked on

2019-09-09 00:03:23 - [TEST_STEP][PASSED] - setText(findTestObject("text_area3", ["text":"1"]), xlsData.getValue("P1_1", row)): Text 'Tester4' is set on object 'Object Repository/text_area3'

2019-09-09 00:03:23 - [MESSAGE][PASSED] - Text 'Tester4' is set on object 'Object Repository/text_area3'

2019-09-09 00:03:23 - [TEST_STEP][PASSED] - setText(findTestObject("text_area3", ["text":"2"]), xlsData.getValue("P1_2", row)): Text 'Testing4' is set on object 'Object Repository/text_area3'

2019-09-09 00:03:23 - [MESSAGE][PASSED] - Text 'Testing4' is set on object 'Object Repository/text_area3'

2019-09-09 00:03:23 - [TEST_STEP][PASSED] - setText(findTestObject("text_area3", ["text":"3"]), xlsData.getValue("P2", row)): Text '4444444444444' is set on object 'Object Repository/text_area3'

2019-09-09 00:03:23 - [MESSAGE][PASSED] - Text '4444444444444' is set on object 'Object Repository/text_area3'

2019-09-09 00:03:23 - [TEST_STEP][PASSED] - click(findTestObject("radio_sex", ["sex":findTestData("Data_CPN_Shopper").getValue("P3", row)])): Object: 'Object Repository/radio_sex' is clicked on

2019-09-09 00:03:24 - [MESSAGE][PASSED] - Object: 'Object Repository/radio_sex' is clicked on

2019-09-09 00:03:24 - [TEST_STEP][PASSED] - click(findTestObject("radio_salary", ["salary":findTestData("Data_CPN_Shopper").getValue("P4", row)])): Object: 'Object Repository/radio_salary' is clicked on

2019-09-09 00:03:24 - [MESSAGE][PASSED] - Object: 'Object Repository/radio_salary' is clicked on

2019-09-09 00:03:24 - [TEST_STEP][PASSED] - waitForElementVisible(findTestObject("btn_next"), time): Object 'Object Repository/btn_next' is visible

2019-09-09 00:03:24 - [MESSAGE][PASSED] - Object 'Object Repository/btn_next' is visible

2019-09-09 00:03:24 - [TEST_STEP][PASSED] - click(findTestObject("btn_next")): Object: 'Object Repository/btn_next' is clicked on

2019-09-09 00:03:24 - [MESSAGE][PASSED] - Object: 'Object Repository/btn_next' is clicked on

2019-09-09 00:03:24 - [TEST_STEP][PASSED] - closeBrowser(): Browser is closed

2019-09-09 00:03:24 - [MESSAGE][PASSED] - Browser is closed

2019-09-09 00:03:24 - [TEST_STEP][PASSED] - openBrowser(""): Browser is opened with url: ''

2019-09-09 00:03:24 - [MESSAGE][INFO] - Starting 'Chrome' driver

2019-09-09 00:03:25 - [MESSAGE][PASSED] - Browser is opened with url: ''

2019-09-09 00:03:25 - [TEST_STEP][PASSED] - maximizeWindow(): Current window maximized

2019-09-09 00:03:26 - [MESSAGE][PASSED] - Current window maximized

2019-09-09 00:03:26 - [TEST_STEP][PASSED] - navigateToUrl("https://surveyconduct.feedback180.com/2lopi32?round=5"): Navigate to 'https://surveyconduct.feedback180.com/2lopi32?round=5' successfully

2019-09-09 00:03:27 - [MESSAGE][PASSED] - Navigate to 'https://surveyconduct.feedback180.com/2lopi32?round=5' successfully

2019-09-09 00:03:27 - [TEST_STEP][PASSED] - waitForPageLoad(time): Wait for page load successfully

2019-09-09 00:03:27 - [MESSAGE][PASSED] - Wait for page load successfully

2019-09-09 00:03:27 - [TEST_STEP][PASSED] - click(findTestObject("btn_start")): Object: 'Object Repository/btn_start' is clicked on

2019-09-09 00:03:28 - [MESSAGE][PASSED] - Object: 'Object Repository/btn_start' is clicked on

2019-09-09 00:03:28 - [TEST_STEP][PASSED] - waitForElementVisible(findTestObject("btn_next"), time): Object 'Object Repository/btn_next' is visible

2019-09-09 00:03:28 - [MESSAGE][PASSED] - Object 'Object Repository/btn_next' is visible

2019-09-09 00:03:28 - [TEST_STEP][PASSED] - click(findTestObject("btn_next")): Object: 'Object Repository/btn_next' is clicked on

2019-09-09 00:03:28 - [MESSAGE][PASSED] - Object: 'Object Repository/btn_next' is clicked on

2019-09-09 00:03:28 - [TEST_STEP][PASSED] - click(findTestObject("radio_age", ["age":xlsData.getValue("S1", row)])): Object: 'Object Repository/radio_age' is clicked on

2019-09-09 00:03:28 - [MESSAGE][PASSED] - Object: 'Object Repository/radio_age' is clicked on

2019-09-09 00:03:28 - [TEST_STEP][PASSED] - waitForElementVisible(findTestObject("btn_next"), time): Object 'Object Repository/btn_next' is visible

2019-09-09 00:03:29 - [MESSAGE][PASSED] - Object 'Object Repository/btn_next' is visible

2019-09-09 00:03:29 - [TEST_STEP][PASSED] - click(findTestObject("btn_next")): Object: 'Object Repository/btn_next' is clicked on

2019-09-09 00:03:29 - [MESSAGE][PASSED] - Object: 'Object Repository/btn_next' is clicked on

2019-09-09 00:03:29 - [TEST_STEP][PASSED] - if (getValue("S1", row).equalsIgnoreCase("1")): null

2019-09-09 00:03:29 - [TEST_STEP][PASSED] - else: Browser is closed

2019-09-09 00:03:29 - [TEST_STEP][PASSED] - ansVote = Integer.valueOf(xlsData.getValue("B1_1", row)): null

2019-09-09 00:03:29 - [TEST_STEP][PASSED] - ansVote = ansVote + 1: null

2019-09-09 00:03:29 - [TEST_STEP][PASSED] - click(findTestObject("radio_vote", ["rowNo":"2", "vote":ansVote])): Object: 'Object Repository/radio_vote' is clicked on

2019-09-09 00:03:29 - [MESSAGE][PASSED] - Object: 'Object Repository/radio_vote' is clicked on

2019-09-09 00:03:29 - [TEST_STEP][PASSED] - ansVote = Integer.valueOf(xlsData.getValue("B1_2", row)): null

2019-09-09 00:03:29 - [TEST_STEP][PASSED] - ansVote = ansVote + 1: null

[...]

2019-09-09 00:04:25 - [TEST_STEP][PASSED] - click(findTestObject("radio_vote", ["rowNo":"4", "vote":ansVote])): Object: 'Object Repository/radio_vote' is clicked on

2019-09-09 00:04:25 - [MESSAGE][PASSED] - Object: 'Object Repository/radio_vote' is clicked on

2019-09-09 00:04:25 - [TEST_STEP][PASSED] - ansVote = Integer.valueOf(xlsData.getValue("B1_4", row)): null

2019-09-09 00:04:25 - [TEST_STEP][PASSED] - ansVote = ansVote + 1: null

2019-09-09 00:04:25 - [TEST_STEP][PASSED] - click(findTestObject("radio_vote", ["rowNo":"5", "vote":ansVote])): Object: 'Object Repository/radio_vote' is clicked on

2019-09-09 00:04:25 - [MESSAGE][PASSED] - Object: 'Object Repository/radio_vote' is clicked on

2019-09-09 00:04:25 - [TEST_STEP][PASSED] - ansVote = Integer.valueOf(xlsData.getValue("B1_5", row)): null

2019-09-09 00:04:25 - [TEST_STEP][PASSED] - ansVote = ansVote + 1: null

2019-09-09 00:04:25 - [TEST_STEP][PASSED] - click(findTestObject("radio_vote", ["rowNo":"6", "vote":ansVote])): Object: 'Object Repository/radio_vote' is clicked on

2019-09-09 00:04:25 - [MESSAGE][PASSED] - Object: 'Object Repository/radio_vote' is clicked on

2019-09-09 00:04:25 - [TEST_STEP][PASSED] - ansVote = Integer.valueOf(xlsData.getValue("B1_6", row)): null

2019-09-09 00:04:25 - [TEST_STEP][PASSED] - ansVote = ansVote + 1: null

2019-09-09 00:04:25 - [TEST_STEP][PASSED] - click(findTestObject("radio_vote", ["rowNo":"7", "vote":ansVote])): Object: 'Object Repository/radio_vote' is clicked on

2019-09-09 00:04:25 - [MESSAGE][PASSED] - Object: 'Object Repository/radio_vote' is clicked on

2019-09-09 00:04:25 - [TEST_STEP][PASSED] - waitForElementVisible(findTestObject("btn_next"), time): Object 'Object Repository/btn_next' is visible

2019-09-09 00:04:25 - [MESSAGE][PASSED] - Object 'Object Repository/btn_next' is visible

2019-09-09 00:04:25 - [TEST_STEP][PASSED] - click(findTestObject("btn_next")): Object: 'Object Repository/btn_next' is clicked on

2019-09-09 00:04:25 - [MESSAGE][PASSED] - Object: 'Object Repository/btn_next' is clicked on

2019-09-09 00:04:25 - [TEST_STEP][PASSED] - selectOptionByLabel(findTestObject("dropdown_region"), xlsData.getValue("B2_1", row), true): All options with label 'ภาคตะวันออก' are selected in object 'Object Repository/dropdown_region'  using regular expression

2019-09-09 00:04:26 - [MESSAGE][PASSED] - All options with label 'ภาคตะวันออก' are selected in object 'Object Repository/dropdown_region'  using regular expression

2019-09-09 00:04:26 - [TEST_STEP][PASSED] - selectOptionByLabel(findTestObject("dropdown_branch"), xlsData.getValue("B2_2", row), true): All options with label 'เซ็นทรัลมารีนา' are selected in object 'Object Repository/dropdown_branch'  using regular expression

2019-09-09 00:04:26 - [MESSAGE][PASSED] - All options with label 'เซ็นทรัลมารีนา' are selected in object 'Object Repository/dropdown_branch'  using regular expression

2019-09-09 00:04:26 - [TEST_STEP][PASSED] - waitForElementVisible(findTestObject("btn_next"), time): Object 'Object Repository/btn_next' is visible

2019-09-09 00:04:26 - [MESSAGE][PASSED] - Object 'Object Repository/btn_next' is visible

2019-09-09 00:04:26 - [TEST_STEP][PASSED] - click(findTestObject("btn_next")): Object: 'Object Repository/btn_next' is clicked on

2019-09-09 00:04:26 - [MESSAGE][PASSED] - Object: 'Object Repository/btn_next' is clicked on

2019-09-09 00:04:26 - [TEST_STEP][PASSED] - click(findTestObject("vote_score", ["rowNo":"1", "vote":xlsData.getValue("B3", row)])): Object: 'Object Repository/vote_score' is clicked on

2019-09-09 00:04:26 - [MESSAGE][PASSED] - Object: 'Object Repository/vote_score' is clicked on

2019-09-09 00:04:26 - [TEST_STEP][PASSED] - click(findTestObject("vote_score", ["rowNo":"2", "vote":xlsData.getValue("B4", row)])): Object: 'Object Repository/vote_score' is clicked on

2019-09-09 00:04:26 - [MESSAGE][PASSED] - Object: 'Object Repository/vote_score' is clicked on

2019-09-09 00:04:26 - [TEST_STEP][PASSED] - waitForElementVisible(findTestObject("btn_next"), time): Object 'Object Repository/btn_next' is visible

2019-09-09 00:04:26 - [MESSAGE][PASSED] - Object 'Object Repository/btn_next' is visible

2019-09-09 00:04:26 - [TEST_STEP][PASSED] - click(findTestObject("btn_next")): Object: 'Object Repository/btn_next' is clicked on

2019-09-09 00:04:26 - [MESSAGE][PASSED] - Object: 'Object Repository/btn_next' is clicked on

2019-09-09 00:04:26 - [TEST_STEP][PASSED] - click(findTestObject("vote_score", ["rowNo":"1", "vote":xlsData.getValue("B5_1", row)])): Object: 'Object Repository/vote_score' is clicked on

2019-09-09 00:04:26 - [MESSAGE][PASSED] - Object: 'Object Repository/vote_score' is clicked on

2019-09-09 00:04:26 - [TEST_STEP][PASSED] - click(findTestObject("vote_score", ["rowNo":"2", "vote":xlsData.getValue("B5_2", row)])): Object: 'Object Repository/vote_score' is clicked on

2019-09-09 00:04:26 - [MESSAGE][PASSED] - Object: 'Object Repository/vote_score' is clicked on

2019-09-09 00:04:26 - [TEST_STEP][PASSED] - click(findTestObject("vote_score", ["rowNo":"3", "vote":xlsData.getValue("B5_3", row)])): Object: 'Object Repository/vote_score' is clicked on

2019-09-09 00:04:26 - [MESSAGE][PASSED] - Object: 'Object Repository/vote_score' is clicked on

2019-09-09 00:04:26 - [TEST_STEP][PASSED] - click(findTestObject("vote_score", ["rowNo":"4", "vote":xlsData.getValue("B5_4", row)])): Object: 'Object Repository/vote_score' is clicked on

2019-09-09 00:04:26 - [MESSAGE][PASSED] - Object: 'Object Repository/vote_score' is clicked on

2019-09-09 00:04:26 - [TEST_STEP][PASSED] - click(findTestObject("vote_score", ["rowNo":"5", "vote":xlsData.getValue("B5_5", row)])): Object: 'Object Repository/vote_score' is clicked on

2019-09-09 00:04:26 - [MESSAGE][PASSED] - Object: 'Object Repository/vote_score' is clicked on

2019-09-09 00:04:26 - [TEST_STEP][PASSED] - waitForElementVisible(findTestObject("btn_next"), time): Object 'Object Repository/btn_next' is visible

2019-09-09 00:04:26 - [MESSAGE][PASSED] - Object 'Object Repository/btn_next' is visible

2019-09-09 00:04:26 - [TEST_STEP][PASSED] - click(findTestObject("btn_next")): Object: 'Object Repository/btn_next' is clicked on

2019-09-09 00:04:26 - [MESSAGE][PASSED] - Object: 'Object Repository/btn_next' is clicked on

2019-09-09 00:04:26 - [TEST_STEP][PASSED] - click(findTestObject("vote_score", ["rowNo":"1", "vote":xlsData.getValue("B6_1", row)])): Object: 'Object Repository/vote_score' is clicked on

2019-09-09 00:04:26 - [MESSAGE][PASSED] - Object: 'Object Repository/vote_score' is clicked on

2019-09-09 00:04:26 - [TEST_STEP][PASSED] - waitForElementVisible(findTestObject("btn_next"), time): Object 'Object Repository/btn_next' is visible

2019-09-09 00:04:26 - [MESSAGE][PASSED] - Object 'Object Repository/btn_next' is visible

2019-09-09 00:04:26 - [TEST_STEP][PASSED] - click(findTestObject("btn_next")): Object: 'Object Repository/btn_next' is clicked on

2019-09-09 00:04:26 - [MESSAGE][PASSED] - Object: 'Object Repository/btn_next' is clicked on

2019-09-09 00:04:26 - [TEST_STEP][PASSED] - click(findTestObject("vote_score", ["rowNo":"1", "vote":xlsData.getValue("B6_2", row)])): Object: 'Object Repository/vote_score' is clicked on

2019-09-09 00:04:26 - [MESSAGE][PASSED] - Object: 'Object Repository/vote_score' is clicked on

2019-09-09 00:04:26 - [TEST_STEP][PASSED] - click(findTestObject("vote_score", ["rowNo":"2", "vote":xlsData.getValue("B6_3", row)])): Object: 'Object Repository/vote_score' is clicked on

2019-09-09 00:04:27 - [MESSAGE][PASSED] - Object: 'Object Repository/vote_score' is clicked on

2019-09-09 00:04:27 - [TEST_STEP][PASSED] - click(findTestObject("vote_score", ["rowNo":"3", "vote":xlsData.getValue("B6_4", row)])): Object: 'Object Repository/vote_score' is clicked on

2019-09-09 00:04:27 - [MESSAGE][PASSED] - Object: 'Object Repository/vote_score' is clicked on

2019-09-09 00:04:27 - [TEST_STEP][PASSED] - click(findTestObject("vote_score", ["rowNo":"4", "vote":xlsData.getValue("B6_5", row)])): Object: 'Object Repository/vote_score' is clicked on

2019-09-09 00:04:27 - [MESSAGE][PASSED] - Object: 'Object Repository/vote_score' is clicked on

2019-09-09 00:04:27 - [TEST_STEP][PASSED] - scrollToElement(findTestObject("vote_score", ["rowNo":"4", "vote":xlsData.getValue("B6_5", row)]), 3): Scroll to object 'Object Repository/vote_score' successfully

2019-09-09 00:04:27 - [MESSAGE][PASSED] - Scroll to object 'Object Repository/vote_score' successfully

2019-09-09 00:04:27 - [TEST_STEP][PASSED] - if (Integer.valueOf(xlsData.getValue("B6_5", row)) &lt; 3): null

2019-09-09 00:04:27 - [TEST_STEP][PASSED] - click(findTestObject("vote_score", ["rowNo":"5", "vote":xlsData.getValue("B6_6", row)])): Object: 'Object Repository/vote_score' is clicked on

2019-09-09 00:04:27 - [MESSAGE][PASSED] - Object: 'Object Repository/vote_score' is clicked on

2019-09-09 00:04:27 - [TEST_STEP][PASSED] - if (Integer.valueOf(xlsData.getValue("B6_6", row)) &lt; 3): null

2019-09-09 00:04:27 - [TEST_STEP][PASSED] - waitForElementVisible(findTestObject("btn_next"), time): Object 'Object Repository/btn_next' is visible

2019-09-09 00:04:27 - [MESSAGE][PASSED] - Object 'Object Repository/btn_next' is visible

2019-09-09 00:04:27 - [TEST_STEP][PASSED] - click(findTestObject("btn_next")): Object: 'Object Repository/btn_next' is clicked on

2019-09-09 00:04:27 - [MESSAGE][PASSED] - Object: 'Object Repository/btn_next' is clicked on

2019-09-09 00:04:27 - [TEST_STEP][PASSED] - click(findTestObject("vote_score", ["rowNo":"1", "vote":xlsData.getValue("B6_7", row)])): Object: 'Object Repository/vote_score' is clicked on

2019-09-09 00:04:27 - [MESSAGE][PASSED] - Object: 'Object Repository/vote_score' is clicked on

2019-09-09 00:04:27 - [TEST_STEP][PASSED] - click(findTestObject("vote_score", ["rowNo":"2", "vote":xlsData.getValue("B6_8", row)])): Object: 'Object Repository/vote_score' is clicked on

2019-09-09 00:04:27 - [MESSAGE][PASSED] - Object: 'Object Repository/vote_score' is clicked on

2019-09-09 00:04:27 - [TEST_STEP][PASSED] - click(findTestObject("vote_score", ["rowNo":"3", "vote":xlsData.getValue("B6_9", row)])): Object: 'Object Repository/vote_score' is clicked on

2019-09-09 00:04:27 - [MESSAGE][PASSED] - Object: 'Object Repository/vote_score' is clicked on

2019-09-09 00:04:27 - [TEST_STEP][PASSED] - waitForElementVisible(findTestObject("btn_next"), time): Object 'Object Repository/btn_next' is visible

2019-09-09 00:04:27 - [MESSAGE][PASSED] - Object 'Object Repository/btn_next' is visible

2019-09-09 00:04:27 - [TEST_STEP][PASSED] - click(findTestObject("btn_next")): Object: 'Object Repository/btn_next' is clicked on

2019-09-09 00:04:27 - [MESSAGE][PASSED] - Object: 'Object Repository/btn_next' is clicked on

2019-09-09 00:04:27 - [TEST_STEP][PASSED] - click(findTestObject("vote_score", ["rowNo":"1", "vote":xlsData.getValue("B6_10", row)])): Object: 'Object Repository/vote_score' is clicked on

2019-09-09 00:04:27 - [MESSAGE][PASSED] - Object: 'Object Repository/vote_score' is clicked on

2019-09-09 00:04:27 - [TEST_STEP][PASSED] - click(findTestObject("vote_score", ["rowNo":"2", "vote":xlsData.getValue("B6_11", row)])): Object: 'Object Repository/vote_score' is clicked on

2019-09-09 00:04:27 - [MESSAGE][PASSED] - Object: 'Object Repository/vote_score' is clicked on

2019-09-09 00:04:27 - [TEST_STEP][PASSED] - click(findTestObject("vote_score", ["rowNo":"3", "vote":xlsData.getValue("B6_12", row)])): Object: 'Object Repository/vote_score' is clicked on

2019-09-09 00:04:27 - [MESSAGE][PASSED] - Object: 'Object Repository/vote_score' is clicked on

2019-09-09 00:04:27 - [TEST_STEP][PASSED] - click(findTestObject("vote_score", ["rowNo":"4", "vote":xlsData.getValue("B6_13", row)])): Object: 'Object Repository/vote_score' is clicked on

2019-09-09 00:04:27 - [MESSAGE][PASSED] - Object: 'Object Repository/vote_score' is clicked on

2019-09-09 00:04:27 - [TEST_STEP][PASSED] - waitForElementVisible(findTestObject("btn_next"), time): Object 'Object Repository/btn_next' is visible

2019-09-09 00:04:27 - [MESSAGE][PASSED] - Object 'Object Repository/btn_next' is visible

2019-09-09 00:04:27 - [TEST_STEP][PASSED] - click(findTestObject("btn_next")): Object: 'Object Repository/btn_next' is clicked on

2019-09-09 00:04:27 - [MESSAGE][PASSED] - Object: 'Object Repository/btn_next' is clicked on

2019-09-09 00:04:27 - [TEST_STEP][PASSED] - click(findTestObject("vote_score", ["rowNo":"1", "vote":xlsData.getValue("B6_14", row)])): Object: 'Object Repository/vote_score' is clicked on

2019-09-09 00:04:27 - [MESSAGE][PASSED] - Object: 'Object Repository/vote_score' is clicked on

2019-09-09 00:04:27 - [TEST_STEP][PASSED] - click(findTestObject("vote_score", ["rowNo":"2", "vote":xlsData.getValue("B6_15", row)])): Object: 'Object Repository/vote_score' is clicked on

2019-09-09 00:04:27 - [MESSAGE][PASSED] - Object: 'Object Repository/vote_score' is clicked on

2019-09-09 00:04:27 - [TEST_STEP][PASSED] - waitForElementVisible(findTestObject("btn_next"), time): Object 'Object Repository/btn_next' is visible

2019-09-09 00:04:27 - [MESSAGE][PASSED] - Object 'Object Repository/btn_next' is visible

2019-09-09 00:04:27 - [TEST_STEP][PASSED] - click(findTestObject("btn_next")): Object: 'Object Repository/btn_next' is clicked on

2019-09-09 00:04:27 - [MESSAGE][PASSED] - Object: 'Object Repository/btn_next' is clicked on

2019-09-09 00:04:27 - [TEST_STEP][PASSED] - com.fb180.utilities.MyUtilities.myCheckbox1(checkBox, xlsData.getValue("O1", row)): checkbox selected Pass

2019-09-09 00:04:28 - [MESSAGE][PASSED] - checkbox selected Pass

2019-09-09 00:04:28 - [TEST_STEP][PASSED] - if (take(2).reverse() == "ON"): Text 'Test12' is set on object 'Object Repository/test_other'

2019-09-09 00:04:28 - [TEST_STEP][PASSED] - setText(findTestObject("Object Repository/test_other"), findTestData("Data_CPN_Shopper").getValue("OtherO1", row)): Text 'Test12' is set on object 'Object Repository/test_other'

2019-09-09 00:04:28 - [MESSAGE][PASSED] - Text 'Test12' is set on object 'Object Repository/test_other'

2019-09-09 00:04:28 - [TEST_STEP][PASSED] - waitForElementVisible(findTestObject("btn_next"), time): Object 'Object Repository/btn_next' is visible

2019-09-09 00:04:28 - [MESSAGE][PASSED] - Object 'Object Repository/btn_next' is visible

2019-09-09 00:04:28 - [TEST_STEP][PASSED] - org.openqa.selenium.TakesScreenshot: null

2019-09-09 00:04:28 - [TEST_STEP][PASSED] - click(findTestObject("btn_next")): Object: 'Object Repository/btn_next' is clicked on

2019-09-09 00:04:28 - [MESSAGE][PASSED] - Object: 'Object Repository/btn_next' is clicked on

2019-09-09 00:04:28 - [TEST_STEP][PASSED] - extract1 = getValue("O1", row).split(","): null

2019-09-09 00:04:28 - [TEST_STEP][PASSED] - if (extract1[1] == "ON"): Object: 'Object Repository/btn_next' is clicked on

2019-09-09 00:04:28 - [TEST_STEP][PASSED] - com.fb180.utilities.MyUtilities.myCheckbox1(checkBox, xlsData.getValue("O2", row)): checkbox selected Pass

2019-09-09 00:04:28 - [MESSAGE][PASSED] - checkbox selected Pass

2019-09-09 00:04:28 - [TEST_STEP][PASSED] - waitForElementVisible(findTestObject("btn_next"), time): Object 'Object Repository/btn_next' is visible

2019-09-09 00:04:28 - [MESSAGE][PASSED] - Object 'Object Repository/btn_next' is visible

2019-09-09 00:04:28 - [TEST_STEP][PASSED] - click(findTestObject("btn_next")): Object: 'Object Repository/btn_next' is clicked on

2019-09-09 00:04:28 - [MESSAGE][PASSED] - Object: 'Object Repository/btn_next' is clicked on

2019-09-09 00:04:28 - [TEST_STEP][PASSED] - extract2 = getValue("O2", row).split(","): null

2019-09-09 00:04:28 - [TEST_STEP][PASSED] - if (extract2[0] == "ON"): null

2019-09-09 00:04:28 - [TEST_STEP][PASSED] - if (extract2[1] == "ON"): null

2019-09-09 00:04:28 - [TEST_STEP][PASSED] - if (extract2[2] == "ON"): null

2019-09-09 00:04:28 - [TEST_STEP][PASSED] - if (extract2[3] == "ON"): Object: 'Object Repository/btn_next' is clicked on

2019-09-09 00:04:28 - [TEST_STEP][PASSED] - com.fb180.utilities.MyUtilities.myCheckbox1(checkBox, xlsData.getValue("O2_C4", row)): checkbox selected Pass

2019-09-09 00:04:28 - [MESSAGE][PASSED] - checkbox selected Pass

2019-09-09 00:04:28 - [TEST_STEP][PASSED] - waitForElementVisible(findTestObject("btn_next"), time): Object 'Object Repository/btn_next' is visible

2019-09-09 00:04:28 - [MESSAGE][PASSED] - Object 'Object Repository/btn_next' is visible

2019-09-09 00:04:28 - [TEST_STEP][PASSED] - click(findTestObject("btn_next")): Object: 'Object Repository/btn_next' is clicked on

2019-09-09 00:04:28 - [MESSAGE][PASSED] - Object: 'Object Repository/btn_next' is clicked on

2019-09-09 00:04:28 - [TEST_STEP][PASSED] - if (extract1[2] == "ON"): null

2019-09-09 00:04:28 - [TEST_STEP][PASSED] - if (extract1[3] == "ON"): null

2019-09-09 00:04:28 - [TEST_STEP][PASSED] - setText(findTestObject("text_area2"), xlsData.getValue("S5", row)): Text 'Test TC12' is set on object 'Object Repository/text_area2'

2019-09-09 00:04:28 - [MESSAGE][PASSED] - Text 'Test TC12' is set on object 'Object Repository/text_area2'

2019-09-09 00:04:28 - [TEST_STEP][PASSED] - waitForElementVisible(findTestObject("btn_next"), time): Object 'Object Repository/btn_next' is visible

2019-09-09 00:04:28 - [MESSAGE][PASSED] - Object 'Object Repository/btn_next' is visible

2019-09-09 00:04:28 - [TEST_STEP][PASSED] - click(findTestObject("btn_next")): Object: 'Object Repository/btn_next' is clicked on

2019-09-09 00:04:28 - [MESSAGE][PASSED] - Object: 'Object Repository/btn_next' is clicked on

2019-09-09 00:04:28 - [TEST_STEP][PASSED] - setText(findTestObject("text_area3", ["text":"1"]), xlsData.getValue("P1_1", row)): Text 'Tester12' is set on object 'Object Repository/text_area3'

2019-09-09 00:04:28 - [MESSAGE][PASSED] - Text 'Tester12' is set on object 'Object Repository/text_area3'

2019-09-09 00:04:28 - [TEST_STEP][PASSED] - setText(findTestObject("text_area3", ["text":"2"]), xlsData.getValue("P1_2", row)): Text 'Testing12' is set on object 'Object Repository/text_area3'

2019-09-09 00:04:28 - [MESSAGE][PASSED] - Text 'Testing12' is set on object 'Object Repository/text_area3'

2019-09-09 00:04:28 - [TEST_STEP][PASSED] - setText(findTestObject("text_area3", ["text":"3"]), xlsData.getValue("P2", row)): Text '6666666666666' is set on object 'Object Repository/text_area3'

2019-09-09 00:04:28 - [MESSAGE][PASSED] - Text '6666666666666' is set on object 'Object Repository/text_area3'

2019-09-09 00:04:28 - [TEST_STEP][PASSED] - click(findTestObject("radio_sex", ["sex":findTestData("Data_CPN_Shopper").getValue("P3", row)])): Object: 'Object Repository/radio_sex' is clicked on

2019-09-09 00:04:29 - [MESSAGE][PASSED] - Object: 'Object Repository/radio_sex' is clicked on

2019-09-09 00:04:29 - [TEST_STEP][PASSED] - click(findTestObject("radio_salary", ["salary":findTestData("Data_CPN_Shopper").getValue("P4", row)])): Object: 'Object Repository/radio_salary' is clicked on

2019-09-09 00:04:29 - [MESSAGE][PASSED] - Object: 'Object Repository/radio_salary' is clicked on

2019-09-09 00:04:29 - [TEST_STEP][PASSED] - waitForElementVisible(findTestObject("btn_next"), time): Object 'Object Repository/btn_next' is visible

2019-09-09 00:04:29 - [MESSAGE][PASSED] - Object 'Object Repository/btn_next' is visible

2019-09-09 00:04:29 - [TEST_STEP][PASSED] - click(findTestObject("btn_next")): Object: 'Object Repository/btn_next' is clicked on

2019-09-09 00:04:29 - [MESSAGE][PASSED] - Object: 'Object Repository/btn_next' is clicked on

2019-09-09 00:04:29 - [TEST_STEP][PASSED] - closeBrowser(): Browser is closed

2019-09-09 00:04:29 - [MESSAGE][PASSED] - Browser is closed</system-out>
            <system-err></system-err>
        </testcase>
        <system-out>2019-09-09 00:02:50 - [TEST_SUITE][INCOMPLETE] - TC-01: null</system-out>
        <system-err>2019-09-09 00:02:50 - [TEST_SUITE][INCOMPLETE] - TC-01: null</system-err>
    </testsuite>
</testsuites>
