<?xml version="1.0" encoding="UTF-8" standalone="yes"?>
<testsuites name="TC-02" time="92" tests="0" failures="1" errors="0">
    <testsuite name="TC-02" tests="0" failures="1" errors="0" time="92" timestamp="2019-09-08 22:22:16" hostname="natty - 10.37.129.2" id="Test Suites/TC-02">
        <properties>
            <property name="deviceName" value=""/>
            <property name="devicePlatform" value=""/>
            <property name="logFolder" value="/Users/natty/Katalon Studio/CPN_R5/Reports/TC-02/20190908_222215"/>
            <property name="logFiles" value="/Users/natty/Katalon Studio/CPN_R5/Reports/TC-02/20190908_222215/execution0.log"/>
            <property name="attachments" value="/Users/natty/Katalon Studio/CPN_R5/Reports/TC-02/20190908_222215/1567956191790.png, /Users/natty/Katalon Studio/CPN_R5/Reports/TC-02/20190908_222215/1567956203110.png, /Users/natty/Katalon Studio/CPN_R5/Reports/TC-02/20190908_222215/1567956217012.png, /Users/natty/Katalon Studio/CPN_R5/Reports/TC-02/20190908_222215/1567956228252.png"/>
            <property name="hostName" value="natty - 10.37.129.2"/>
            <property name="os" value="Mac OS X 64bit"/>
            <property name="katalonVersion" value="6.1.5.3"/>
            <property name="browser" value="Chrome 76.0.3809.132"/>
            <property name="hostAddress" value="10.37.129.2"/>
            <property name="sessionId" value="20e50283dd311c4b2ddf7f6ce6369996"/>
            <property name="seleniumVersion" value="3.7.1"/>
            <property name="proxyInformation" value="ProxyInformation{proxyOption=NO_PROXY, proxyServerType=HTTP, password=, proxyServerAddress=, proxyServerPort=0}"/>
            <property name="platform" value="Mac OS X"/>
        </properties>
        <testcase name="Test Cases/TC-02_CPN_Tenants" classname="Test Cases/TC-02_CPN_Tenants" status="FAILED">
            <failure type="FAILED" message="Test Cases/TC-02_CPN_Tenants FAILED.&#xA;Reason:&#xA;com.kms.katalon.core.exception.StepFailedException: Unable to click on object 'Object Repository/vote_score' (Root cause: com.kms.katalon.core.exception.StepFailedException: Unable to click on object 'Object Repository/vote_score'&#xA;&#x9;at com.kms.katalon.core.webui.keyword.internal.WebUIKeywordMain.stepFailed(WebUIKeywordMain.groovy:64)&#xA;&#x9;at com.kms.katalon.core.webui.keyword.internal.WebUIKeywordMain.runKeyword(WebUIKeywordMain.groovy:26)&#xA;&#x9;at com.kms.katalon.core.webui.keyword.builtin.ClickKeyword.click(ClickKeyword.groovy:86)&#xA;&#x9;at com.kms.katalon.core.webui.keyword.builtin.ClickKeyword.execute(ClickKeyword.groovy:67)&#xA;&#x9;at com.kms.katalon.core.keyword.internal.KeywordExecutor.executeKeywordForPlatform(KeywordExecutor.groovy:56)&#xA;&#x9;at com.kms.katalon.core.webui.keyword.WebUiBuiltInKeywords.click(WebUiBuiltInKeywords.groovy:616)&#xA;&#x9;at com.kms.katalon.core.webui.keyword.WebUiBuiltInKeywords$click$2.call(Unknown Source)&#xA;&#x9;at TC-02_CPN_Tenants.run(TC-02_CPN_Tenants:154)&#xA;&#x9;at com.kms.katalon.core.main.ScriptEngine.run(ScriptEngine.java:194)&#xA;&#x9;at com.kms.katalon.core.main.ScriptEngine.runScriptAsRawText(ScriptEngine.java:119)&#xA;&#x9;at com.kms.katalon.core.main.TestCaseExecutor.runScript(TestCaseExecutor.java:337)&#xA;&#x9;at com.kms.katalon.core.main.TestCaseExecutor.doExecute(TestCaseExecutor.java:328)&#xA;&#x9;at com.kms.katalon.core.main.TestCaseExecutor.processExecutionPhase(TestCaseExecutor.java:307)&#xA;&#x9;at com.kms.katalon.core.main.TestCaseExecutor.accessMainPhase(TestCaseExecutor.java:299)&#xA;&#x9;at com.kms.katalon.core.main.TestCaseExecutor.execute(TestCaseExecutor.java:233)&#xA;&#x9;at com.kms.katalon.core.main.TestSuiteExecutor.accessTestCaseMainPhase(TestSuiteExecutor.java:133)&#xA;&#x9;at com.kms.katalon.core.main.TestSuiteExecutor.accessTestSuiteMainPhase(TestSuiteExecutor.java:116)&#xA;&#x9;at com.kms.katalon.core.main.TestSuiteExecutor.execute(TestSuiteExecutor.java:83)&#xA;&#x9;at com.kms.katalon.core.main.TestCaseMain.startTestSuite(TestCaseMain.java:157)&#xA;&#x9;at com.kms.katalon.core.main.TestCaseMain$startTestSuite$0.call(Unknown Source)&#xA;&#x9;at TempTestSuite1567956135314.run(TempTestSuite1567956135314.groovy:35)&#xA;Caused by: org.openqa.selenium.ElementClickInterceptedException: element click intercepted: Element &lt;span class=&quot;checkmark&quot;&gt;&lt;/span&gt; is not clickable at point (764, 227). Other element would receive the click: &lt;b&gt;...&lt;/b&gt;&#xA;  (Session info: chrome=76.0.3809.132)&#xA;Build info: version: '3.7.1', revision: '8a0099a', time: '2017-11-06T21:07:36.161Z'&#xA;System info: host: 'Nattys-MacBook-Pro.local', ip: 'fe80:0:0:0:10b8:8c7d:f38d:5dff%en0', os.name: 'Mac OS X', os.arch: 'x86_64', os.version: '10.14.6', java.version: '1.8.0_181'&#xA;Driver info: com.kms.katalon.selenium.driver.CChromeDriver&#xA;Capabilities {acceptInsecureCerts: false, browserName: chrome, browserVersion: 76.0.3809.132, chrome: {chromedriverVersion: 76.0.3809.126 (d80a294506b4..., userDataDir: /var/folders/qf/w8hk90rj4s7...}, goog:chromeOptions: {debuggerAddress: localhost:62885}, javascriptEnabled: true, networkConnectionEnabled: false, pageLoadStrategy: normal, platform: MAC, platformName: MAC, proxy: Proxy(direct), setWindowRect: true, strictFileInteractability: false, timeouts: {implicit: 0, pageLoad: 300000, script: 30000}, unhandledPromptBehavior: dismiss and notify}&#xA;Session ID: ca7eab6326935b8e32fb9959e688bf7f&#xA;&#x9;at org.openqa.selenium.remote.http.W3CHttpResponseCodec.createException(W3CHttpResponseCodec.java:187)&#xA;&#x9;at org.openqa.selenium.remote.http.W3CHttpResponseCodec.decode(W3CHttpResponseCodec.java:122)&#xA;&#x9;at org.openqa.selenium.remote.http.W3CHttpResponseCodec.decode(W3CHttpResponseCodec.java:49)&#xA;&#x9;at org.openqa.selenium.remote.HttpCommandExecutor.execute(HttpCommandExecutor.java:164)&#xA;&#x9;at org.openqa.selenium.remote.service.DriverCommandExecutor.execute(DriverCommandExecutor.java:83)&#xA;&#x9;at org.openqa.selenium.remote.RemoteWebDriver.execute(RemoteWebDriver.java:600)&#xA;&#x9;at com.kms.katalon.selenium.driver.CChromeDriver.execute(CChromeDriver.java:20)&#xA;&#x9;at org.openqa.selenium.remote.RemoteWebElement.execute(RemoteWebElement.java:279)&#xA;&#x9;at org.openqa.selenium.remote.RemoteWebElement.click(RemoteWebElement.java:83)&#xA;&#x9;at com.kms.katalon.core.webui.keyword.builtin.ClickKeyword$_click_closure1.doCall(ClickKeyword.groovy:79)&#xA;&#x9;at com.kms.katalon.core.webui.keyword.builtin.ClickKeyword$_click_closure1.call(ClickKeyword.groovy)&#xA;&#x9;at com.kms.katalon.core.webui.keyword.internal.WebUIKeywordMain.runKeyword(WebUIKeywordMain.groovy:20)&#xA;&#x9;at com.kms.katalon.core.webui.keyword.builtin.ClickKeyword.click(ClickKeyword.groovy:86)&#xA;&#x9;at com.kms.katalon.core.webui.keyword.builtin.ClickKeyword.execute(ClickKeyword.groovy:67)&#xA;&#x9;at com.kms.katalon.core.keyword.internal.KeywordExecutor.executeKeywordForPlatform(KeywordExecutor.groovy:56)&#xA;&#x9;at com.kms.katalon.core.webui.keyword.WebUiBuiltInKeywords.click(WebUiBuiltInKeywords.groovy:616)&#xA;&#x9;at com.kms.katalon.core.webui.keyword.WebUiBuiltInKeywords$click$2.call(Unknown Source)&#xA;&#x9;at Script1567831760172.run(Script1567831760172.groovy:154)&#xA;&#x9;... 13 more&#xA;)&#xA;&#x9;at com.kms.katalon.core.keyword.internal.KeywordMain.stepFailed(KeywordMain.groovy:39)&#xA;&#x9;at com.kms.katalon.core.webui.keyword.internal.WebUIKeywordMain.stepFailed(WebUIKeywordMain.groovy:64)&#xA;&#x9;at com.kms.katalon.core.webui.keyword.internal.WebUIKeywordMain.runKeyword(WebUIKeywordMain.groovy:26)&#xA;&#x9;at com.kms.katalon.core.webui.keyword.builtin.ClickKeyword.click(ClickKeyword.groovy:86)&#xA;&#x9;at com.kms.katalon.core.webui.keyword.builtin.ClickKeyword.execute(ClickKeyword.groovy:67)&#xA;&#x9;at com.kms.katalon.core.keyword.internal.KeywordExecutor.executeKeywordForPlatform(KeywordExecutor.groovy:56)&#xA;&#x9;at com.kms.katalon.core.webui.keyword.WebUiBuiltInKeywords.click(WebUiBuiltInKeywords.groovy:616)&#xA;&#x9;at com.kms.katalon.core.webui.keyword.WebUiBuiltInKeywords$click$2.call(Unknown Source)&#xA;&#x9;at TC-02_CPN_Tenants.run(TC-02_CPN_Tenants:154)&#xA;&#x9;at com.kms.katalon.core.main.ScriptEngine.run(ScriptEngine.java:194)&#xA;&#x9;at com.kms.katalon.core.main.ScriptEngine.runScriptAsRawText(ScriptEngine.java:119)&#xA;&#x9;at com.kms.katalon.core.main.TestCaseExecutor.runScript(TestCaseExecutor.java:337)&#xA;&#x9;at com.kms.katalon.core.main.TestCaseExecutor.doExecute(TestCaseExecutor.java:328)&#xA;&#x9;at com.kms.katalon.core.main.TestCaseExecutor.processExecutionPhase(TestCaseExecutor.java:307)&#xA;&#x9;at com.kms.katalon.core.main.TestCaseExecutor.accessMainPhase(TestCaseExecutor.java:299)&#xA;&#x9;at com.kms.katalon.core.main.TestCaseExecutor.execute(TestCaseExecutor.java:233)&#xA;&#x9;at com.kms.katalon.core.main.TestSuiteExecutor.accessTestCaseMainPhase(TestSuiteExecutor.java:133)&#xA;&#x9;at com.kms.katalon.core.main.TestSuiteExecutor.accessTestSuiteMainPhase(TestSuiteExecutor.java:116)&#xA;&#x9;at com.kms.katalon.core.main.TestSuiteExecutor.execute(TestSuiteExecutor.java:83)&#xA;&#x9;at com.kms.katalon.core.main.TestCaseMain.startTestSuite(TestCaseMain.java:157)&#xA;&#x9;at com.kms.katalon.core.main.TestCaseMain$startTestSuite$0.call(Unknown Source)&#xA;&#x9;at TempTestSuite1567956135314.run(TempTestSuite1567956135314.groovy:35)&#xA;Caused by: com.kms.katalon.core.exception.StepFailedException: Unable to click on object 'Object Repository/vote_score'&#xA;&#x9;... 21 more&#xA;Caused by: org.openqa.selenium.ElementClickInterceptedException: element click intercepted: Element &lt;span class=&quot;checkmark&quot;&gt;&lt;/span&gt; is not clickable at point (764, 227). Other element would receive the click: &lt;b&gt;...&lt;/b&gt;&#xA;  (Session info: chrome=76.0.3809.132)&#xA;Build info: version: '3.7.1', revision: '8a0099a', time: '2017-11-06T21:07:36.161Z'&#xA;System info: host: 'Nattys-MacBook-Pro.local', ip: 'fe80:0:0:0:10b8:8c7d:f38d:5dff%en0', os.name: 'Mac OS X', os.arch: 'x86_64', os.version: '10.14.6', java.version: '1.8.0_181'&#xA;Driver info: com.kms.katalon.selenium.driver.CChromeDriver&#xA;Capabilities {acceptInsecureCerts: false, browserName: chrome, browserVersion: 76.0.3809.132, chrome: {chromedriverVersion: 76.0.3809.126 (d80a294506b4..., userDataDir: /var/folders/qf/w8hk90rj4s7...}, goog:chromeOptions: {debuggerAddress: localhost:62885}, javascriptEnabled: true, networkConnectionEnabled: false, pageLoadStrategy: normal, platform: MAC, platformName: MAC, proxy: Proxy(direct), setWindowRect: true, strictFileInteractability: false, timeouts: {implicit: 0, pageLoad: 300000, script: 30000}, unhandledPromptBehavior: dismiss and notify}&#xA;Session ID: ca7eab6326935b8e32fb9959e688bf7f&#xA;&#x9;at org.openqa.selenium.remote.http.W3CHttpResponseCodec.createException(W3CHttpResponseCodec.java:187)&#xA;&#x9;at org.openqa.selenium.remote.http.W3CHttpResponseCodec.decode(W3CHttpResponseCodec.java:122)&#xA;&#x9;at org.openqa.selenium.remote.http.W3CHttpResponseCodec.decode(W3CHttpResponseCodec.java:49)&#xA;&#x9;at org.openqa.selenium.remote.HttpCommandExecutor.execute(HttpCommandExecutor.java:164)&#xA;&#x9;at org.openqa.selenium.remote.service.DriverCommandExecutor.execute(DriverCommandExecutor.java:83)&#xA;&#x9;at org.openqa.selenium.remote.RemoteWebDriver.execute(RemoteWebDriver.java:600)&#xA;&#x9;at com.kms.katalon.selenium.driver.CChromeDriver.execute(CChromeDriver.java:20)&#xA;&#x9;at org.openqa.selenium.remote.RemoteWebElement.execute(RemoteWebElement.java:279)&#xA;&#x9;at org.openqa.selenium.remote.RemoteWebElement.click(RemoteWebElement.java:83)&#xA;&#x9;at com.kms.katalon.core.webui.keyword.builtin.ClickKeyword$_click_closure1.doCall(ClickKeyword.groovy:79)&#xA;&#x9;at com.kms.katalon.core.webui.keyword.builtin.ClickKeyword$_click_closure1.call(ClickKeyword.groovy)&#xA;&#x9;at com.kms.katalon.core.webui.keyword.internal.WebUIKeywordMain.runKeyword(WebUIKeywordMain.groovy:20)&#xA;&#x9;... 19 more&#xA;"/>
            <system-out>2019-09-08 22:22:16 - [TEST_CASE][FAILED] - Test Cases/TC-02_CPN_Tenants: Test Cases/TC-02_CPN_Tenants FAILED.
Reason:
com.kms.katalon.core.exception.StepFailedException: Unable to click on object 'Object Repository/vote_score' (Root cause: com.kms.katalon.core.exception.StepFailedException: Unable to click on object 'Object Repository/vote_score'
	at com.kms.katalon.core.webui.keyword.internal.WebUIKeywordMain.stepFailed(WebUIKeywordMain.groovy:64)
	at com.kms.katalon.core.webui.keyword.internal.WebUIKeywordMain.runKeyword(WebUIKeywordMain.groovy:26)
	at com.kms.katalon.core.webui.keyword.builtin.ClickKeyword.click(ClickKeyword.groovy:86)
	at com.kms.katalon.core.webui.keyword.builtin.ClickKeyword.execute(ClickKeyword.groovy:67)
	at com.kms.katalon.core.keyword.internal.KeywordExecutor.executeKeywordForPlatform(KeywordExecutor.groovy:56)
	at com.kms.katalon.core.webui.keyword.WebUiBuiltInKeywords.click(WebUiBuiltInKeywords.groovy:616)
	at com.kms.katalon.core.webui.keyword.WebUiBuiltInKeywords$click$2.call(Unknown Source)
	at TC-02_CPN_Tenants.run(TC-02_CPN_Tenants:154)
	at com.kms.katalon.core.main.ScriptEngine.run(ScriptEngine.java:194)
	at com.kms.katalon.core.main.ScriptEngine.runScriptAsRawText(ScriptEngine.java:119)
	at com.kms.katalon.core.main.TestCaseExecutor.runScript(TestCaseExecutor.java:337)
	at com.kms.katalon.core.main.TestCaseExecutor.doExecute(TestCaseExecutor.java:328)
	at com.kms.katalon.core.main.TestCaseExecutor.processExecutionPhase(TestCaseExecutor.java:307)
	at com.kms.katalon.core.main.TestCaseExecutor.accessMainPhase(TestCaseExecutor.java:299)
	at com.kms.katalon.core.main.TestCaseExecutor.execute(TestCaseExecutor.java:233)
	at com.kms.katalon.core.main.TestSuiteExecutor.accessTestCaseMainPhase(TestSuiteExecutor.java:133)
	at com.kms.katalon.core.main.TestSuiteExecutor.accessTestSuiteMainPhase(TestSuiteExecutor.java:116)
	at com.kms.katalon.core.main.TestSuiteExecutor.execute(TestSuiteExecutor.java:83)
	at com.kms.katalon.core.main.TestCaseMain.startTestSuite(TestCaseMain.java:157)
	at com.kms.katalon.core.main.TestCaseMain$startTestSuite$0.call(Unknown Source)
	at TempTestSuite1567956135314.run(TempTestSuite1567956135314.groovy:35)
Caused by: org.openqa.selenium.ElementClickInterceptedException: element click intercepted: Element &lt;span class="checkmark"&gt;&lt;/span&gt; is not clickable at point (764, 227). Other element would receive the click: &lt;b&gt;...&lt;/b&gt;
  (Session info: chrome=76.0.3809.132)
Build info: version: '3.7.1', revision: '8a0099a', time: '2017-11-06T21:07:36.161Z'
System info: host: 'Nattys-MacBook-Pro.local', ip: 'fe80:0:0:0:10b8:8c7d:f38d:5dff%en0', os.name: 'Mac OS X', os.arch: 'x86_64', os.version: '10.14.6', java.version: '1.8.0_181'
Driver info: com.kms.katalon.selenium.driver.CChromeDriver
Capabilities {acceptInsecureCerts: false, browserName: chrome, browserVersion: 76.0.3809.132, chrome: {chromedriverVersion: 76.0.3809.126 (d80a294506b4..., userDataDir: /var/folders/qf/w8hk90rj4s7...}, goog:chromeOptions: {debuggerAddress: localhost:62885}, javascriptEnabled: true, networkConnectionEnabled: false, pageLoadStrategy: normal, platform: MAC, platformName: MAC, proxy: Proxy(direct), setWindowRect: true, strictFileInteractability: false, timeouts: {implicit: 0, pageLoad: 300000, script: 30000}, unhandledPromptBehavior: dismiss and notify}
Session ID: ca7eab6326935b8e32fb9959e688bf7f
	at org.openqa.selenium.remote.http.W3CHttpResponseCodec.createException(W3CHttpResponseCodec.java:187)
	at org.openqa.selenium.remote.http.W3CHttpResponseCodec.decode(W3CHttpResponseCodec.java:122)
	at org.openqa.selenium.remote.http.W3CHttpResponseCodec.decode(W3CHttpResponseCodec.java:49)
	at org.openqa.selenium.remote.HttpCommandExecutor.execute(HttpCommandExecutor.java:164)
	at org.openqa.selenium.remote.service.DriverCommandExecutor.execute(DriverCommandExecutor.java:83)
	at org.openqa.selenium.remote.RemoteWebDriver.execute(RemoteWebDriver.java:600)
	at com.kms.katalon.selenium.driver.CChromeDriver.execute(CChromeDriver.java:20)
	at org.openqa.selenium.remote.RemoteWebElement.execute(RemoteWebElement.java:279)
	at org.openqa.selenium.remote.RemoteWebElement.click(RemoteWebElement.java:83)
	at com.kms.katalon.core.webui.keyword.builtin.ClickKeyword$_click_closure1.doCall(ClickKeyword.groovy:79)
	at com.kms.katalon.core.webui.keyword.builtin.ClickKeyword$_click_closure1.call(ClickKeyword.groovy)
	at com.kms.katalon.core.webui.keyword.internal.WebUIKeywordMain.runKeyword(WebUIKeywordMain.groovy:20)
	at com.kms.katalon.core.webui.keyword.builtin.ClickKeyword.click(ClickKeyword.groovy:86)
	at com.kms.katalon.core.webui.keyword.builtin.ClickKeyword.execute(ClickKeyword.groovy:67)
	at com.kms.katalon.core.keyword.internal.KeywordExecutor.executeKeywordForPlatform(KeywordExecutor.groovy:56)
	at com.kms.katalon.core.webui.keyword.WebUiBuiltInKeywords.click(WebUiBuiltInKeywords.groovy:616)
	at com.kms.katalon.core.webui.keyword.WebUiBuiltInKeywords$click$2.call(Unknown Source)
	at Script1567831760172.run(Script1567831760172.groovy:154)
	... 13 more
)
	at com.kms.katalon.core.keyword.internal.KeywordMain.stepFailed(KeywordMain.groovy:39)
	at com.kms.katalon.core.webui.keyword.internal.WebUIKeywordMain.stepFailed(WebUIKeywordMain.groovy:64)
	at com.kms.katalon.core.webui.keyword.internal.WebUIKeywordMain.runKeyword(WebUIKeywordMain.groovy:26)
	at com.kms.katalon.core.webui.keyword.builtin.ClickKeyword.click(ClickKeyword.groovy:86)
	at com.kms.katalon.core.webui.keyword.builtin.ClickKeyword.execute(ClickKeyword.groovy:67)
	at com.kms.katalon.core.keyword.internal.KeywordExecutor.executeKeywordForPlatform(KeywordExecutor.groovy:56)
	at com.kms.katalon.core.webui.keyword.WebUiBuiltInKeywords.click(WebUiBuiltInKeywords.groovy:616)
	at com.kms.katalon.core.webui.keyword.WebUiBuiltInKeywords$click$2.call(Unknown Source)
	at TC-02_CPN_Tenants.run(TC-02_CPN_Tenants:154)
	at com.kms.katalon.core.main.ScriptEngine.run(ScriptEngine.java:194)
	at com.kms.katalon.core.main.ScriptEngine.runScriptAsRawText(ScriptEngine.java:119)
	at com.kms.katalon.core.main.TestCaseExecutor.runScript(TestCaseExecutor.java:337)
	at com.kms.katalon.core.main.TestCaseExecutor.doExecute(TestCaseExecutor.java:328)
	at com.kms.katalon.core.main.TestCaseExecutor.processExecutionPhase(TestCaseExecutor.java:307)
	at com.kms.katalon.core.main.TestCaseExecutor.accessMainPhase(TestCaseExecutor.java:299)
	at com.kms.katalon.core.main.TestCaseExecutor.execute(TestCaseExecutor.java:233)
	at com.kms.katalon.core.main.TestSuiteExecutor.accessTestCaseMainPhase(TestSuiteExecutor.java:133)
	at com.kms.katalon.core.main.TestSuiteExecutor.accessTestSuiteMainPhase(TestSuiteExecutor.java:116)
	at com.kms.katalon.core.main.TestSuiteExecutor.execute(TestSuiteExecutor.java:83)
	at com.kms.katalon.core.main.TestCaseMain.startTestSuite(TestCaseMain.java:157)
	at com.kms.katalon.core.main.TestCaseMain$startTestSuite$0.call(Unknown Source)
	at TempTestSuite1567956135314.run(TempTestSuite1567956135314.groovy:35)
Caused by: com.kms.katalon.core.exception.StepFailedException: Unable to click on object 'Object Repository/vote_score'
	... 21 more
Caused by: org.openqa.selenium.ElementClickInterceptedException: element click intercepted: Element &lt;span class="checkmark"&gt;&lt;/span&gt; is not clickable at point (764, 227). Other element would receive the click: &lt;b&gt;...&lt;/b&gt;
  (Session info: chrome=76.0.3809.132)
Build info: version: '3.7.1', revision: '8a0099a', time: '2017-11-06T21:07:36.161Z'
System info: host: 'Nattys-MacBook-Pro.local', ip: 'fe80:0:0:0:10b8:8c7d:f38d:5dff%en0', os.name: 'Mac OS X', os.arch: 'x86_64', os.version: '10.14.6', java.version: '1.8.0_181'
Driver info: com.kms.katalon.selenium.driver.CChromeDriver
Capabilities {acceptInsecureCerts: false, browserName: chrome, browserVersion: 76.0.3809.132, chrome: {chromedriverVersion: 76.0.3809.126 (d80a294506b4..., userDataDir: /var/folders/qf/w8hk90rj4s7...}, goog:chromeOptions: {debuggerAddress: localhost:62885}, javascriptEnabled: true, networkConnectionEnabled: false, pageLoadStrategy: normal, platform: MAC, platformName: MAC, proxy: Proxy(direct), setWindowRect: true, strictFileInteractability: false, timeouts: {implicit: 0, pageLoad: 300000, script: 30000}, unhandledPromptBehavior: dismiss and notify}
Session ID: ca7eab6326935b8e32fb9959e688bf7f
	at org.openqa.selenium.remote.http.W3CHttpResponseCodec.createException(W3CHttpResponseCodec.java:187)
	at org.openqa.selenium.remote.http.W3CHttpResponseCodec.decode(W3CHttpResponseCodec.java:122)
	at org.openqa.selenium.remote.http.W3CHttpResponseCodec.decode(W3CHttpResponseCodec.java:49)
	at org.openqa.selenium.remote.HttpCommandExecutor.execute(HttpCommandExecutor.java:164)
	at org.openqa.selenium.remote.service.DriverCommandExecutor.execute(DriverCommandExecutor.java:83)
	at org.openqa.selenium.remote.RemoteWebDriver.execute(RemoteWebDriver.java:600)
	at com.kms.katalon.selenium.driver.CChromeDriver.execute(CChromeDriver.java:20)
	at org.openqa.selenium.remote.RemoteWebElement.execute(RemoteWebElement.java:279)
	at org.openqa.selenium.remote.RemoteWebElement.click(RemoteWebElement.java:83)
	at com.kms.katalon.core.webui.keyword.builtin.ClickKeyword$_click_closure1.doCall(ClickKeyword.groovy:79)
	at com.kms.katalon.core.webui.keyword.builtin.ClickKeyword$_click_closure1.call(ClickKeyword.groovy)
	at com.kms.katalon.core.webui.keyword.internal.WebUIKeywordMain.runKeyword(WebUIKeywordMain.groovy:20)
	... 19 more


2019-09-08 22:22:17 - [TEST_STEP][PASSED] - xlsData = findTestData("Data_CPN_Tenants"): null

2019-09-08 22:22:17 - [TEST_STEP][FAILED] - for ([row = 1, row &lt;= xlsData.getRowNumbers(), (row++)]): Browser is closed

2019-09-08 22:22:17 - [TEST_STEP][PASSED] - openBrowser(""): Browser is opened with url: ''

2019-09-08 22:22:17 - [MESSAGE][INFO] - Starting 'Chrome' driver

2019-09-08 22:22:17 - [MESSAGE][INFO] - Action delay is set to 0 seconds

2019-09-08 22:22:19 - [MESSAGE][PASSED] - Browser is opened with url: ''

2019-09-08 22:22:19 - [TEST_STEP][PASSED] - maximizeWindow(): Current window maximized

2019-09-08 22:22:20 - [MESSAGE][PASSED] - Current window maximized

2019-09-08 22:22:20 - [TEST_STEP][PASSED] - navigateToUrl("https://surveyconduct.feedback180.com/2loxunw?round=5"): Navigate to 'https://surveyconduct.feedback180.com/2loxunw?round=5' successfully

2019-09-08 22:22:24 - [MESSAGE][PASSED] - Navigate to 'https://surveyconduct.feedback180.com/2loxunw?round=5' successfully

2019-09-08 22:22:24 - [TEST_STEP][PASSED] - click(findTestObject("btn_start")): Object: 'Object Repository/btn_start' is clicked on

2019-09-08 22:22:25 - [MESSAGE][PASSED] - Object: 'Object Repository/btn_start' is clicked on

2019-09-08 22:22:25 - [TEST_STEP][PASSED] - waitForElementVisible(findTestObject("dropdown_region"), time): Object 'Object Repository/dropdown_region' is visible

2019-09-08 22:22:25 - [MESSAGE][PASSED] - Object 'Object Repository/dropdown_region' is visible

2019-09-08 22:22:25 - [TEST_STEP][PASSED] - selectOptionByLabel(findTestObject("dropdown_region"), xlsData.getValue("B2_1", row), true): All options with label 'ภาคตะวันออกเฉียงเหนือ' are selected in object 'Object Repository/dropdown_region'  using regular expression

2019-09-08 22:22:25 - [MESSAGE][PASSED] - All options with label 'ภาคตะวันออกเฉียงเหนือ' are selected in object 'Object Repository/dropdown_region'  using regular expression

2019-09-08 22:22:25 - [TEST_STEP][PASSED] - waitForElementVisible(findTestObject("dropdown_branch"), time): Object 'Object Repository/dropdown_branch' is visible

2019-09-08 22:22:25 - [MESSAGE][PASSED] - Object 'Object Repository/dropdown_branch' is visible

2019-09-08 22:22:25 - [TEST_STEP][PASSED] - selectOptionByLabel(findTestObject("dropdown_branch"), xlsData.getValue("B2_2", row), true): All options with label 'เซ็นทรัลพลาซา  อุบลราชธานี' are selected in object 'Object Repository/dropdown_branch'  using regular expression

2019-09-08 22:22:26 - [MESSAGE][PASSED] - All options with label 'เซ็นทรัลพลาซา  อุบลราชธานี' are selected in object 'Object Repository/dropdown_branch'  using regular expression

2019-09-08 22:22:26 - [TEST_STEP][PASSED] - waitForElementVisible(findTestObject("btn_next"), time): Object 'Object Repository/btn_next' is visible

2019-09-08 22:22:26 - [MESSAGE][PASSED] - Object 'Object Repository/btn_next' is visible

2019-09-08 22:22:26 - [TEST_STEP][PASSED] - click(findTestObject("btn_next")): Object: 'Object Repository/btn_next' is clicked on

2019-09-08 22:22:26 - [MESSAGE][PASSED] - Object: 'Object Repository/btn_next' is clicked on

2019-09-08 22:22:26 - [TEST_STEP][PASSED] - click(findTestObject("radio_age", ["age":xlsData.getValue("T2", row)])): Object: 'Object Repository/radio_age' is clicked on

2019-09-08 22:22:26 - [MESSAGE][PASSED] - Object: 'Object Repository/radio_age' is clicked on

2019-09-08 22:22:26 - [TEST_STEP][PASSED] - waitForElementVisible(findTestObject("btn_next"), time): Object 'Object Repository/btn_next' is visible

2019-09-08 22:22:26 - [MESSAGE][PASSED] - Object 'Object Repository/btn_next' is visible

2019-09-08 22:22:26 - [TEST_STEP][PASSED] - click(findTestObject("btn_next")): Object: 'Object Repository/btn_next' is clicked on

2019-09-08 22:22:26 - [MESSAGE][PASSED] - Object: 'Object Repository/btn_next' is clicked on

2019-09-08 22:22:26 - [TEST_STEP][PASSED] - click(findTestObject("radio_age", ["age":xlsData.getValue("T3", row)])): Object: 'Object Repository/radio_age' is clicked on

2019-09-08 22:22:26 - [MESSAGE][PASSED] - Object: 'Object Repository/radio_age' is clicked on

2019-09-08 22:22:26 - [TEST_STEP][PASSED] - waitForElementVisible(findTestObject("btn_next"), time): Object 'Object Repository/btn_next' is visible

2019-09-08 22:22:26 - [MESSAGE][PASSED] - Object 'Object Repository/btn_next' is visible

2019-09-08 22:22:26 - [TEST_STEP][PASSED] - click(findTestObject("btn_next")): Object: 'Object Repository/btn_next' is clicked on

2019-09-08 22:22:26 - [MESSAGE][PASSED] - Object: 'Object Repository/btn_next' is clicked on

2019-09-08 22:22:26 - [TEST_STEP][PASSED] - click(findTestObject("vote_score", ["rowNo":"1", "vote":xlsData.getValue("S1", row)])): Object: 'Object Repository/vote_score' is clicked on

2019-09-08 22:22:26 - [MESSAGE][PASSED] - Object: 'Object Repository/vote_score' is clicked on

2019-09-08 22:22:26 - [TEST_STEP][PASSED] - waitForElementVisible(findTestObject("btn_next"), time): Object 'Object Repository/btn_next' is visible

2019-09-08 22:22:26 - [MESSAGE][PASSED] - Object 'Object Repository/btn_next' is visible

2019-09-08 22:22:26 - [TEST_STEP][PASSED] - click(findTestObject("btn_next")): Object: 'Object Repository/btn_next' is clicked on

2019-09-08 22:22:26 - [MESSAGE][PASSED] - Object: 'Object Repository/btn_next' is clicked on

2019-09-08 22:22:26 - [TEST_STEP][PASSED] - click(findTestObject("radio_age", ["age":xlsData.getValue("S2", row)])): Object: 'Object Repository/radio_age' is clicked on

2019-09-08 22:22:26 - [MESSAGE][PASSED] - Object: 'Object Repository/radio_age' is clicked on

2019-09-08 22:22:26 - [TEST_STEP][PASSED] - waitForElementVisible(findTestObject("btn_next"), time): Object 'Object Repository/btn_next' is visible

2019-09-08 22:22:26 - [MESSAGE][PASSED] - Object 'Object Repository/btn_next' is visible

2019-09-08 22:22:26 - [TEST_STEP][PASSED] - click(findTestObject("btn_next")): Object: 'Object Repository/btn_next' is clicked on

2019-09-08 22:22:26 - [MESSAGE][PASSED] - Object: 'Object Repository/btn_next' is clicked on

2019-09-08 22:22:26 - [TEST_STEP][PASSED] - "สำหรับเจ้าหน้าที่ศูนย์การค้าในข้างต้นคุณมีความพึงพอใจต่อการให้บริการในด้านต่อไปนี้ระดับใด?": null

2019-09-08 22:22:26 - [TEST_STEP][PASSED] - click(findTestObject("vote_score", ["rowNo":"1", "vote":xlsData.getValue("S3_1", row)])): Object: 'Object Repository/vote_score' is clicked on

2019-09-08 22:22:26 - [MESSAGE][PASSED] - Object: 'Object Repository/vote_score' is clicked on

2019-09-08 22:22:26 - [TEST_STEP][PASSED] - click(findTestObject("vote_score", ["rowNo":"2", "vote":xlsData.getValue("S3_2", row)])): Object: 'Object Repository/vote_score' is clicked on

2019-09-08 22:22:26 - [MESSAGE][PASSED] - Object: 'Object Repository/vote_score' is clicked on

2019-09-08 22:22:26 - [TEST_STEP][PASSED] - click(findTestObject("vote_score", ["rowNo":"3", "vote":xlsData.getValue("S3_3", row)])): Object: 'Object Repository/vote_score' is clicked on

2019-09-08 22:22:26 - [MESSAGE][PASSED] - Object: 'Object Repository/vote_score' is clicked on

2019-09-08 22:22:26 - [TEST_STEP][PASSED] - click(findTestObject("vote_score", ["rowNo":"4", "vote":xlsData.getValue("S3_4", row)])): Object: 'Object Repository/vote_score' is clicked on

2019-09-08 22:22:26 - [MESSAGE][PASSED] - Object: 'Object Repository/vote_score' is clicked on

2019-09-08 22:22:26 - [TEST_STEP][PASSED] - click(findTestObject("vote_score", ["rowNo":"5", "vote":xlsData.getValue("S3_5", row)])): Object: 'Object Repository/vote_score' is clicked on

2019-09-08 22:22:27 - [MESSAGE][PASSED] - Object: 'Object Repository/vote_score' is clicked on

2019-09-08 22:22:27 - [TEST_STEP][PASSED] - waitForElementVisible(findTestObject("btn_next"), time): Object 'Object Repository/btn_next' is visible

2019-09-08 22:22:27 - [MESSAGE][PASSED] - Object 'Object Repository/btn_next' is visible

2019-09-08 22:22:27 - [TEST_STEP][PASSED] - click(findTestObject("btn_next")): Object: 'Object Repository/btn_next' is clicked on

2019-09-08 22:22:27 - [MESSAGE][PASSED] - Object: 'Object Repository/btn_next' is clicked on

2019-09-08 22:22:27 - [TEST_STEP][PASSED] - "อีเว้นท์และโปรโมชั่นส่งเสริมการขาย": null

2019-09-08 22:22:27 - [TEST_STEP][PASSED] - click(findTestObject("vote_score", ["rowNo":"1", "vote":xlsData.getValue("S4_1", row)])): Object: 'Object Repository/vote_score' is clicked on

2019-09-08 22:22:27 - [MESSAGE][PASSED] - Object: 'Object Repository/vote_score' is clicked on

2019-09-08 22:22:27 - [TEST_STEP][PASSED] - click(findTestObject("vote_score", ["rowNo":"2", "vote":xlsData.getValue("S4_2", row)])): Object: 'Object Repository/vote_score' is clicked on

2019-09-08 22:22:27 - [MESSAGE][PASSED] - Object: 'Object Repository/vote_score' is clicked on

2019-09-08 22:22:27 - [TEST_STEP][PASSED] - click(findTestObject("vote_score", ["rowNo":"3", "vote":xlsData.getValue("S4_3", row)])): Object: 'Object Repository/vote_score' is clicked on

2019-09-08 22:22:27 - [MESSAGE][PASSED] - Object: 'Object Repository/vote_score' is clicked on

2019-09-08 22:22:27 - [TEST_STEP][PASSED] - click(findTestObject("vote_score", ["rowNo":"4", "vote":xlsData.getValue("S4_4", row)])): Object: 'Object Repository/vote_score' is clicked on

2019-09-08 22:22:27 - [MESSAGE][PASSED] - Object: 'Object Repository/vote_score' is clicked on

2019-09-08 22:22:27 - [TEST_STEP][PASSED] - click(findTestObject("vote_score", ["rowNo":"5", "vote":xlsData.getValue("S4_5", row)])): Object: 'Object Repository/vote_score' is clicked on

2019-09-08 22:22:27 - [MESSAGE][PASSED] - Object: 'Object Repository/vote_score' is clicked on

2019-09-08 22:22:27 - [TEST_STEP][PASSED] - waitForElementVisible(findTestObject("btn_next"), time): Object 'Object Repository/btn_next' is visible

2019-09-08 22:22:27 - [MESSAGE][PASSED] - Object 'Object Repository/btn_next' is visible

2019-09-08 22:22:27 - [TEST_STEP][PASSED] - click(findTestObject("btn_next")): Object: 'Object Repository/btn_next' is clicked on

2019-09-08 22:22:27 - [MESSAGE][PASSED] - Object: 'Object Repository/btn_next' is clicked on

2019-09-08 22:22:27 - [TEST_STEP][PASSED] - click(findTestObject("radio_age", ["age":xlsData.getValue("S4-1", row)])): Object: 'Object Repository/radio_age' is clicked on

2019-09-08 22:22:27 - [MESSAGE][PASSED] - Object: 'Object Repository/radio_age' is clicked on

2019-09-08 22:22:27 - [TEST_STEP][PASSED] - waitForElementVisible(findTestObject("btn_next"), time): Object 'Object Repository/btn_next' is visible

2019-09-08 22:22:27 - [MESSAGE][PASSED] - Object 'Object Repository/btn_next' is visible

2019-09-08 22:22:27 - [TEST_STEP][PASSED] - click(findTestObject("btn_next")): Object: 'Object Repository/btn_next' is clicked on

2019-09-08 22:22:27 - [MESSAGE][PASSED] - Object: 'Object Repository/btn_next' is clicked on

2019-09-08 22:22:27 - [TEST_STEP][PASSED] - if (getValue("S4-1", row).equalsIgnoreCase("1")): Object: 'Object Repository/btn_next' is clicked on

2019-09-08 22:22:27 - [TEST_STEP][PASSED] - click(findTestObject("vote_score", ["rowNo":"1", "vote":xlsData.getValue("S4_6", row)])): Object: 'Object Repository/vote_score' is clicked on

2019-09-08 22:22:27 - [MESSAGE][PASSED] - Object: 'Object Repository/vote_score' is clicked on

2019-09-08 22:22:27 - [TEST_STEP][PASSED] - click(findTestObject("vote_score", ["rowNo":"2", "vote":xlsData.getValue("S4_7", row)])): Object: 'Object Repository/vote_score' is clicked on

2019-09-08 22:22:27 - [MESSAGE][PASSED] - Object: 'Object Repository/vote_score' is clicked on

2019-09-08 22:22:27 - [TEST_STEP][PASSED] - click(findTestObject("vote_score", ["rowNo":"3", "vote":xlsData.getValue("S4_8", row)])): Object: 'Object Repository/vote_score' is clicked on

2019-09-08 22:22:27 - [MESSAGE][PASSED] - Object: 'Object Repository/vote_score' is clicked on

2019-09-08 22:22:27 - [TEST_STEP][PASSED] - click(findTestObject("vote_score", ["rowNo":"4", "vote":xlsData.getValue("S4_9", row)])): Object: 'Object Repository/vote_score' is clicked on

2019-09-08 22:22:27 - [MESSAGE][PASSED] - Object: 'Object Repository/vote_score' is clicked on

2019-09-08 22:22:27 - [TEST_STEP][PASSED] - waitForElementVisible(findTestObject("btn_next"), time): Object 'Object Repository/btn_next' is visible

2019-09-08 22:22:27 - [MESSAGE][PASSED] - Object 'Object Repository/btn_next' is visible

2019-09-08 22:22:27 - [TEST_STEP][PASSED] - click(findTestObject("btn_next")): Object: 'Object Repository/btn_next' is clicked on

2019-09-08 22:22:27 - [MESSAGE][PASSED] - Object: 'Object Repository/btn_next' is clicked on

2019-09-08 22:22:27 - [TEST_STEP][PASSED] - "สภาพแวดล้อมบริเวณหน้าร้านค้าและภายในศูนย์การค้า": null

2019-09-08 22:22:27 - [TEST_STEP][PASSED] - click(findTestObject("vote_score", ["rowNo":"1", "vote":xlsData.getValue("S4_11", row)])): Object: 'Object Repository/vote_score' is clicked on

2019-09-08 22:22:27 - [MESSAGE][PASSED] - Object: 'Object Repository/vote_score' is clicked on

2019-09-08 22:22:27 - [TEST_STEP][PASSED] - click(findTestObject("vote_score", ["rowNo":"2", "vote":xlsData.getValue("S4_12", row)])): Object: 'Object Repository/vote_score' is clicked on

2019-09-08 22:22:28 - [MESSAGE][PASSED] - Object: 'Object Repository/vote_score' is clicked on

2019-09-08 22:22:28 - [TEST_STEP][PASSED] - click(findTestObject("vote_score", ["rowNo":"3", "vote":xlsData.getValue("S4_13", row)])): Object: 'Object Repository/vote_score' is clicked on

2019-09-08 22:22:28 - [MESSAGE][PASSED] - Object: 'Object Repository/vote_score' is clicked on

2019-09-08 22:22:28 - [TEST_STEP][PASSED] - click(findTestObject("vote_score", ["rowNo":"4", "vote":xlsData.getValue("S4_14", row)])): Object: 'Object Repository/vote_score' is clicked on

2019-09-08 22:22:28 - [MESSAGE][PASSED] - Object: 'Object Repository/vote_score' is clicked on

2019-09-08 22:22:28 - [TEST_STEP][PASSED] - click(findTestObject("vote_score", ["rowNo":"5", "vote":xlsData.getValue("S4_15.1", row)])): Object: 'Object Repository/vote_score' is clicked on

2019-09-08 22:22:28 - [MESSAGE][PASSED] - Object: 'Object Repository/vote_score' is clicked on

2019-09-08 22:22:28 - [TEST_STEP][PASSED] - click(findTestObject("vote_score", ["rowNo":"6", "vote":xlsData.getValue("S4_15.2", row)])): Object: 'Object Repository/vote_score' is clicked on

2019-09-08 22:22:28 - [MESSAGE][PASSED] - Object: 'Object Repository/vote_score' is clicked on

2019-09-08 22:22:28 - [TEST_STEP][PASSED] - waitForElementVisible(findTestObject("btn_next"), time): Object 'Object Repository/btn_next' is visible

2019-09-08 22:22:28 - [MESSAGE][PASSED] - Object 'Object Repository/btn_next' is visible

2019-09-08 22:22:28 - [TEST_STEP][PASSED] - click(findTestObject("btn_next")): Object: 'Object Repository/btn_next' is clicked on

2019-09-08 22:22:28 - [MESSAGE][PASSED] - Object: 'Object Repository/btn_next' is clicked on

2019-09-08 22:22:28 - [TEST_STEP][PASSED] - "การบริหารจัดการศูนย์การค้า": null

2019-09-08 22:22:28 - [TEST_STEP][PASSED] - click(findTestObject("vote_score", ["rowNo":"1", "vote":xlsData.getValue("S4_16", row)])): Object: 'Object Repository/vote_score' is clicked on

2019-09-08 22:22:28 - [MESSAGE][PASSED] - Object: 'Object Repository/vote_score' is clicked on

2019-09-08 22:22:28 - [TEST_STEP][PASSED] - click(findTestObject("vote_score", ["rowNo":"2", "vote":xlsData.getValue("S4_17", row)])): Object: 'Object Repository/vote_score' is clicked on

2019-09-08 22:22:28 - [MESSAGE][PASSED] - Object: 'Object Repository/vote_score' is clicked on

2019-09-08 22:22:28 - [TEST_STEP][PASSED] - click(findTestObject("vote_score", ["rowNo":"3", "vote":xlsData.getValue("S4_18", row)])): Object: 'Object Repository/vote_score' is clicked on

2019-09-08 22:22:28 - [MESSAGE][PASSED] - Object: 'Object Repository/vote_score' is clicked on

2019-09-08 22:22:28 - [TEST_STEP][PASSED] - waitForElementVisible(findTestObject("btn_next"), time): Object 'Object Repository/btn_next' is visible

2019-09-08 22:22:28 - [MESSAGE][PASSED] - Object 'Object Repository/btn_next' is visible

2019-09-08 22:22:28 - [TEST_STEP][PASSED] - click(findTestObject("btn_next")): Object: 'Object Repository/btn_next' is clicked on

2019-09-08 22:22:28 - [MESSAGE][PASSED] - Object: 'Object Repository/btn_next' is clicked on

2019-09-08 22:22:28 - [TEST_STEP][PASSED] - setText(findTestObject("text_area2"), xlsData.getValue("S5", row)): Text 'Test1' is set on object 'Object Repository/text_area2'

2019-09-08 22:22:28 - [MESSAGE][PASSED] - Text 'Test1' is set on object 'Object Repository/text_area2'

2019-09-08 22:22:28 - [TEST_STEP][PASSED] - waitForElementVisible(findTestObject("btn_next"), time): Object 'Object Repository/btn_next' is visible

2019-09-08 22:22:28 - [MESSAGE][PASSED] - Object 'Object Repository/btn_next' is visible

2019-09-08 22:22:28 - [TEST_STEP][PASSED] - click(findTestObject("btn_next")): Object: 'Object Repository/btn_next' is clicked on

2019-09-08 22:22:28 - [MESSAGE][PASSED] - Object: 'Object Repository/btn_next' is clicked on

2019-09-08 22:22:28 - [TEST_STEP][PASSED] - closeBrowser(): Browser is closed

2019-09-08 22:22:28 - [MESSAGE][PASSED] - Browser is closed

2019-09-08 22:22:28 - [TEST_STEP][PASSED] - openBrowser(""): Browser is opened with url: ''

2019-09-08 22:22:28 - [MESSAGE][INFO] - Starting 'Chrome' driver

2019-09-08 22:22:29 - [MESSAGE][PASSED] - Browser is opened with url: ''

2019-09-08 22:22:29 - [TEST_STEP][PASSED] - maximizeWindow(): Current window maximized

2019-09-08 22:22:30 - [MESSAGE][PASSED] - Current window maximized

2019-09-08 22:22:30 - [TEST_STEP][PASSED] - navigateToUrl("https://surveyconduct.feedback180.com/2loxunw?round=5"): Navigate to 'https://surveyconduct.feedback180.com/2loxunw?round=5' successfully

2019-09-08 22:22:31 - [MESSAGE][PASSED] - Navigate to 'https://surveyconduct.feedback180.com/2loxunw?round=5' successfully

2019-09-08 22:22:31 - [TEST_STEP][PASSED] - click(findTestObject("btn_start")): Object: 'Object Repository/btn_start' is clicked on

2019-09-08 22:22:31 - [MESSAGE][PASSED] - Object: 'Object Repository/btn_start' is clicked on

2019-09-08 22:22:31 - [TEST_STEP][PASSED] - waitForElementVisible(findTestObject("dropdown_region"), time): Object 'Object Repository/dropdown_region' is visible

2019-09-08 22:22:31 - [MESSAGE][PASSED] - Object 'Object Repository/dropdown_region' is visible

2019-09-08 22:22:31 - [TEST_STEP][PASSED] - selectOptionByLabel(findTestObject("dropdown_region"), xlsData.getValue("B2_1", row), true): All options with label 'ภาคเหนือ' are selected in object 'Object Repository/dropdown_region'  using regular expression

2019-09-08 22:22:32 - [MESSAGE][PASSED] - All options with label 'ภาคเหนือ' are selected in object 'Object Repository/dropdown_region'  using regular expression

2019-09-08 22:22:32 - [TEST_STEP][PASSED] - waitForElementVisible(findTestObject("dropdown_branch"), time): Object 'Object Repository/dropdown_branch' is visible

2019-09-08 22:22:32 - [MESSAGE][PASSED] - Object 'Object Repository/dropdown_branch' is visible

2019-09-08 22:22:32 - [TEST_STEP][PASSED] - selectOptionByLabel(findTestObject("dropdown_branch"), xlsData.getValue("B2_2", row), true): All options with label 'เซ็นทรัลพลาซา  ลำปาง' are selected in object 'Object Repository/dropdown_branch'  using regular expression

2019-09-08 22:22:32 - [MESSAGE][PASSED] - All options with label 'เซ็นทรัลพลาซา  ลำปาง' are selected in object 'Object Repository/dropdown_branch'  using regular expression

2019-09-08 22:22:32 - [TEST_STEP][PASSED] - waitForElementVisible(findTestObject("btn_next"), time): Object 'Object Repository/btn_next' is visible

2019-09-08 22:22:32 - [MESSAGE][PASSED] - Object 'Object Repository/btn_next' is visible

2019-09-08 22:22:32 - [TEST_STEP][PASSED] - click(findTestObject("btn_next")): Object: 'Object Repository/btn_next' is clicked on

2019-09-08 22:22:32 - [MESSAGE][PASSED] - Object: 'Object Repository/btn_next' is clicked on

2019-09-08 22:22:32 - [TEST_STEP][PASSED] - click(findTestObject("radio_age", ["age":xlsData.getValue("T2", row)])): Object: 'Object Repository/radio_age' is clicked on

2019-09-08 22:22:32 - [MESSAGE][PASSED] - Object: 'Object Repository/radio_age' is clicked on

2019-09-08 22:22:32 - [TEST_STEP][PASSED] - waitForElementVisible(findTestObject("btn_next"), time): Object 'Object Repository/btn_next' is visible

2019-09-08 22:22:32 - [MESSAGE][PASSED] - Object 'Object Repository/btn_next' is visible

2019-09-08 22:22:32 - [TEST_STEP][PASSED] - click(findTestObject("btn_next")): Object: 'Object Repository/btn_next' is clicked on

2019-09-08 22:22:32 - [MESSAGE][PASSED] - Object: 'Object Repository/btn_next' is clicked on

2019-09-08 22:22:32 - [TEST_STEP][PASSED] - click(findTestObject("radio_age", ["age":xlsData.getValue("T3", row)])): Object: 'Object Repository/radio_age' is clicked on

2019-09-08 22:22:32 - [MESSAGE][PASSED] - Object: 'Object Repository/radio_age' is clicked on

2019-09-08 22:22:32 - [TEST_STEP][PASSED] - waitForElementVisible(findTestObject("btn_next"), time): Object 'Object Repository/btn_next' is visible

2019-09-08 22:22:32 - [MESSAGE][PASSED] - Object 'Object Repository/btn_next' is visible

2019-09-08 22:22:32 - [TEST_STEP][PASSED] - click(findTestObject("btn_next")): Object: 'Object Repository/btn_next' is clicked on

2019-09-08 22:22:32 - [MESSAGE][PASSED] - Object: 'Object Repository/btn_next' is clicked on

2019-09-08 22:22:32 - [TEST_STEP][PASSED] - click(findTestObject("vote_score", ["rowNo":"1", "vote":xlsData.getValue("S1", row)])): Object: 'Object Repository/vote_score' is clicked on

2019-09-08 22:22:32 - [MESSAGE][PASSED] - Object: 'Object Repository/vote_score' is clicked on

2019-09-08 22:22:32 - [TEST_STEP][PASSED] - waitForElementVisible(findTestObject("btn_next"), time): Object 'Object Repository/btn_next' is visible

2019-09-08 22:22:32 - [MESSAGE][PASSED] - Object 'Object Repository/btn_next' is visible

2019-09-08 22:22:32 - [TEST_STEP][PASSED] - click(findTestObject("btn_next")): Object: 'Object Repository/btn_next' is clicked on

2019-09-08 22:22:32 - [MESSAGE][PASSED] - Object: 'Object Repository/btn_next' is clicked on

2019-09-08 22:22:32 - [TEST_STEP][PASSED] - click(findTestObject("radio_age", ["age":xlsData.getValue("S2", row)])): Object: 'Object Repository/radio_age' is clicked on

2019-09-08 22:22:32 - [MESSAGE][PASSED] - Object: 'Object Repository/radio_age' is clicked on

2019-09-08 22:22:32 - [TEST_STEP][PASSED] - waitForElementVisible(findTestObject("btn_next"), time): Object 'Object Repository/btn_next' is visible

2019-09-08 22:22:32 - [MESSAGE][PASSED] - Object 'Object Repository/btn_next' is visible

2019-09-08 22:22:32 - [TEST_STEP][PASSED] - click(findTestObject("btn_next")): Object: 'Object Repository/btn_next' is clicked on

2019-09-08 22:22:32 - [MESSAGE][PASSED] - Object: 'Object Repository/btn_next' is clicked on

2019-09-08 22:22:32 - [TEST_STEP][PASSED] - "สำหรับเจ้าหน้าที่ศูนย์การค้าในข้างต้นคุณมีความพึงพอใจต่อการให้บริการในด้านต่อไปนี้ระดับใด?": null

2019-09-08 22:22:32 - [TEST_STEP][PASSED] - click(findTestObject("vote_score", ["rowNo":"1", "vote":xlsData.getValue("S3_1", row)])): Object: 'Object Repository/vote_score' is clicked on

2019-09-08 22:22:32 - [MESSAGE][PASSED] - Object: 'Object Repository/vote_score' is clicked on

2019-09-08 22:22:32 - [TEST_STEP][PASSED] - click(findTestObject("vote_score", ["rowNo":"2", "vote":xlsData.getValue("S3_2", row)])): Object: 'Object Repository/vote_score' is clicked on

2019-09-08 22:22:32 - [MESSAGE][PASSED] - Object: 'Object Repository/vote_score' is clicked on

2019-09-08 22:22:32 - [TEST_STEP][PASSED] - click(findTestObject("vote_score", ["rowNo":"3", "vote":xlsData.getValue("S3_3", row)])): Object: 'Object Repository/vote_score' is clicked on

2019-09-08 22:22:32 - [MESSAGE][PASSED] - Object: 'Object Repository/vote_score' is clicked on

2019-09-08 22:22:32 - [TEST_STEP][PASSED] - click(findTestObject("vote_score", ["rowNo":"4", "vote":xlsData.getValue("S3_4", row)])): Object: 'Object Repository/vote_score' is clicked on

2019-09-08 22:22:33 - [MESSAGE][PASSED] - Object: 'Object Repository/vote_score' is clicked on

2019-09-08 22:22:33 - [TEST_STEP][PASSED] - click(findTestObject("vote_score", ["rowNo":"5", "vote":xlsData.getValue("S3_5", row)])): Object: 'Object Repository/vote_score' is clicked on

2019-09-08 22:22:33 - [MESSAGE][PASSED] - Object: 'Object Repository/vote_score' is clicked on

2019-09-08 22:22:33 - [TEST_STEP][PASSED] - waitForElementVisible(findTestObject("btn_next"), time): Object 'Object Repository/btn_next' is visible

2019-09-08 22:22:33 - [MESSAGE][PASSED] - Object 'Object Repository/btn_next' is visible

2019-09-08 22:22:33 - [TEST_STEP][PASSED] - click(findTestObject("btn_next")): Object: 'Object Repository/btn_next' is clicked on

2019-09-08 22:22:33 - [MESSAGE][PASSED] - Object: 'Object Repository/btn_next' is clicked on

2019-09-08 22:22:33 - [TEST_STEP][PASSED] - "อีเว้นท์และโปรโมชั่นส่งเสริมการขาย": null

2019-09-08 22:22:33 - [TEST_STEP][PASSED] - click(findTestObject("vote_score", ["rowNo":"1", "vote":xlsData.getValue("S4_1", row)])): Object: 'Object Repository/vote_score' is clicked on

2019-09-08 22:22:33 - [MESSAGE][PASSED] - Object: 'Object Repository/vote_score' is clicked on

2019-09-08 22:22:33 - [TEST_STEP][PASSED] - click(findTestObject("vote_score", ["rowNo":"2", "vote":xlsData.getValue("S4_2", row)])): Object: 'Object Repository/vote_score' is clicked on

2019-09-08 22:22:33 - [MESSAGE][PASSED] - Object: 'Object Repository/vote_score' is clicked on

2019-09-08 22:22:33 - [TEST_STEP][PASSED] - click(findTestObject("vote_score", ["rowNo":"3", "vote":xlsData.getValue("S4_3", row)])): Object: 'Object Repository/vote_score' is clicked on

2019-09-08 22:22:33 - [MESSAGE][PASSED] - Object: 'Object Repository/vote_score' is clicked on

2019-09-08 22:22:33 - [TEST_STEP][PASSED] - click(findTestObject("vote_score", ["rowNo":"4", "vote":xlsData.getValue("S4_4", row)])): Object: 'Object Repository/vote_score' is clicked on

2019-09-08 22:22:33 - [MESSAGE][PASSED] - Object: 'Object Repository/vote_score' is clicked on

2019-09-08 22:22:33 - [TEST_STEP][PASSED] - click(findTestObject("vote_score", ["rowNo":"5", "vote":xlsData.getValue("S4_5", row)])): Object: 'Object Repository/vote_score' is clicked on

2019-09-08 22:22:33 - [MESSAGE][PASSED] - Object: 'Object Repository/vote_score' is clicked on

2019-09-08 22:22:33 - [TEST_STEP][PASSED] - waitForElementVisible(findTestObject("btn_next"), time): Object 'Object Repository/btn_next' is visible

2019-09-08 22:22:33 - [MESSAGE][PASSED] - Object 'Object Repository/btn_next' is visible

2019-09-08 22:22:33 - [TEST_STEP][PASSED] - click(findTestObject("btn_next")): Object: 'Object Repository/btn_next' is clicked on

2019-09-08 22:22:33 - [MESSAGE][PASSED] - Object: 'Object Repository/btn_next' is clicked on

2019-09-08 22:22:33 - [TEST_STEP][PASSED] - click(findTestObject("radio_age", ["age":xlsData.getValue("S4-1", row)])): Object: 'Object Repository/radio_age' is clicked on

2019-09-08 22:22:33 - [MESSAGE][PASSED] - Object: 'Object Repository/radio_age' is clicked on

2019-09-08 22:22:33 - [TEST_STEP][PASSED] - waitForElementVisible(findTestObject("btn_next"), time): Object 'Object Repository/btn_next' is visible

2019-09-08 22:22:33 - [MESSAGE][PASSED] - Object 'Object Repository/btn_next' is visible

2019-09-08 22:22:33 - [TEST_STEP][PASSED] - click(findTestObject("btn_next")): Object: 'Object Repository/btn_next' is clicked on

2019-09-08 22:22:33 - [MESSAGE][PASSED] - Object: 'Object Repository/btn_next' is clicked on

2019-09-08 22:22:33 - [TEST_STEP][PASSED] - if (getValue("S4-1", row).equalsIgnoreCase("1")): Object: 'Object Repository/btn_next' is clicked on

2019-09-08 22:22:33 - [TEST_STEP][PASSED] - click(findTestObject("vote_score", ["rowNo":"1", "vote":xlsData.getValue("S4_6", row)])): Object: 'Object Repository/vote_score' is clicked on

2019-09-08 22:22:33 - [MESSAGE][PASSED] - Object: 'Object Repository/vote_score' is clicked on

2019-09-08 22:22:33 - [TEST_STEP][PASSED] - click(findTestObject("vote_score", ["rowNo":"2", "vote":xlsData.getValue("S4_7", row)])): Object: 'Object Repository/vote_score' is clicked on

2019-09-08 22:22:33 - [MESSAGE][PASSED] - Object: 'Object Repository/vote_score' is clicked on

2019-09-08 22:22:33 - [TEST_STEP][PASSED] - click(findTestObject("vote_score", ["rowNo":"3", "vote":xlsData.getValue("S4_8", row)])): Object: 'Object Repository/vote_score' is clicked on

2019-09-08 22:22:33 - [MESSAGE][PASSED] - Object: 'Object Repository/vote_score' is clicked on

2019-09-08 22:22:33 - [TEST_STEP][PASSED] - click(findTestObject("vote_score", ["rowNo":"4", "vote":xlsData.getValue("S4_9", row)])): Object: 'Object Repository/vote_score' is clicked on

2019-09-08 22:22:33 - [MESSAGE][PASSED] - Object: 'Object Repository/vote_score' is clicked on

2019-09-08 22:22:33 - [TEST_STEP][PASSED] - waitForElementVisible(findTestObject("btn_next"), time): Object 'Object Repository/btn_next' is visible

2019-09-08 22:22:33 - [MESSAGE][PASSED] - Object 'Object Repository/btn_next' is visible

2019-09-08 22:22:33 - [TEST_STEP][PASSED] - click(findTestObject("btn_next")): Object: 'Object Repository/btn_next' is clicked on

2019-09-08 22:22:34 - [MESSAGE][PASSED] - Object: 'Object Repository/btn_next' is clicked on

2019-09-08 22:22:34 - [TEST_STEP][PASSED] - "สภาพแวดล้อมบริเวณหน้าร้านค้าและภายในศูนย์การค้า": null

2019-09-08 22:22:34 - [TEST_STEP][PASSED] - click(findTestObject("vote_score", ["rowNo":"1", "vote":xlsData.getValue("S4_11", row)])): Object: 'Object Repository/vote_score' is clicked on

2019-09-08 22:22:34 - [MESSAGE][PASSED] - Object: 'Object Repository/vote_score' is clicked on

2019-09-08 22:22:34 - [TEST_STEP][PASSED] - click(findTestObject("vote_score", ["rowNo":"2", "vote":xlsData.getValue("S4_12", row)])): Object: 'Object Repository/vote_score' is clicked on

2019-09-08 22:22:34 - [MESSAGE][PASSED] - Object: 'Object Repository/vote_score' is clicked on

2019-09-08 22:22:34 - [TEST_STEP][PASSED] - click(findTestObject("vote_score", ["rowNo":"3", "vote":xlsData.getValue("S4_13", row)])): Object: 'Object Repository/vote_score' is clicked on

2019-09-08 22:22:34 - [MESSAGE][PASSED] - Object: 'Object Repository/vote_score' is clicked on

2019-09-08 22:22:34 - [TEST_STEP][PASSED] - click(findTestObject("vote_score", ["rowNo":"4", "vote":xlsData.getValue("S4_14", row)])): Object: 'Object Repository/vote_score' is clicked on

2019-09-08 22:22:34 - [MESSAGE][PASSED] - Object: 'Object Repository/vote_score' is clicked on

2019-09-08 22:22:34 - [TEST_STEP][PASSED] - click(findTestObject("vote_score", ["rowNo":"5", "vote":xlsData.getValue("S4_15.1", row)])): Object: 'Object Repository/vote_score' is clicked on

2019-09-08 22:22:34 - [MESSAGE][PASSED] - Object: 'Object Repository/vote_score' is clicked on

2019-09-08 22:22:34 - [TEST_STEP][PASSED] - click(findTestObject("vote_score", ["rowNo":"6", "vote":xlsData.getValue("S4_15.2", row)])): Object: 'Object Repository/vote_score' is clicked on

2019-09-08 22:22:34 - [MESSAGE][PASSED] - Object: 'Object Repository/vote_score' is clicked on

2019-09-08 22:22:34 - [TEST_STEP][PASSED] - waitForElementVisible(findTestObject("btn_next"), time): Object 'Object Repository/btn_next' is visible

2019-09-08 22:22:34 - [MESSAGE][PASSED] - Object 'Object Repository/btn_next' is visible

2019-09-08 22:22:34 - [TEST_STEP][PASSED] - click(findTestObject("btn_next")): Object: 'Object Repository/btn_next' is clicked on

2019-09-08 22:22:34 - [MESSAGE][PASSED] - Object: 'Object Repository/btn_next' is clicked on

2019-09-08 22:22:34 - [TEST_STEP][PASSED] - "การบริหารจัดการศูนย์การค้า": null

2019-09-08 22:22:34 - [TEST_STEP][PASSED] - click(findTestObject("vote_score", ["rowNo":"1", "vote":xlsData.getValue("S4_16", row)])): Object: 'Object Repository/vote_score' is clicked on

2019-09-08 22:22:34 - [MESSAGE][PASSED] - Object: 'Object Repository/vote_score' is clicked on

2019-09-08 22:22:34 - [TEST_STEP][PASSED] - click(findTestObject("vote_score", ["rowNo":"2", "vote":xlsData.getValue("S4_17", row)])): Object: 'Object Repository/vote_score' is clicked on

2019-09-08 22:22:34 - [MESSAGE][PASSED] - Object: 'Object Repository/vote_score' is clicked on

2019-09-08 22:22:34 - [TEST_STEP][PASSED] - click(findTestObject("vote_score", ["rowNo":"3", "vote":xlsData.getValue("S4_18", row)])): Object: 'Object Repository/vote_score' is clicked on

2019-09-08 22:22:34 - [MESSAGE][PASSED] - Object: 'Object Repository/vote_score' is clicked on

2019-09-08 22:22:34 - [TEST_STEP][PASSED] - waitForElementVisible(findTestObject("btn_next"), time): Object 'Object Repository/btn_next' is visible

2019-09-08 22:22:34 - [MESSAGE][PASSED] - Object 'Object Repository/btn_next' is visible

2019-09-08 22:22:34 - [TEST_STEP][PASSED] - click(findTestObject("btn_next")): Object: 'Object Repository/btn_next' is clicked on

2019-09-08 22:22:34 - [MESSAGE][PASSED] - Object: 'Object Repository/btn_next' is clicked on

2019-09-08 22:22:34 - [TEST_STEP][PASSED] - setText(findTestObject("text_area2"), xlsData.getValue("S5", row)): Text 'Test2' is set on object 'Object Repository/text_area2'

2019-09-08 22:22:34 - [MESSAGE][PASSED] - Text 'Test2' is set on object 'Object Repository/text_area2'

2019-09-08 22:22:34 - [TEST_STEP][PASSED] - waitForElementVisible(findTestObject("btn_next"), time): Object 'Object Repository/btn_next' is visible

2019-09-08 22:22:34 - [MESSAGE][PASSED] - Object 'Object Repository/btn_next' is visible

2019-09-08 22:22:34 - [TEST_STEP][PASSED] - click(findTestObject("btn_next")): Object: 'Object Repository/btn_next' is clicked on

2019-09-08 22:22:34 - [MESSAGE][PASSED] - Object: 'Object Repository/btn_next' is clicked on

2019-09-08 22:22:34 - [TEST_STEP][PASSED] - closeBrowser(): Browser is closed

2019-09-08 22:22:34 - [MESSAGE][PASSED] - Browser is closed

2019-09-08 22:22:34 - [TEST_STEP][PASSED] - openBrowser(""): Browser is opened with url: ''

2019-09-08 22:22:34 - [MESSAGE][INFO] - Starting 'Chrome' driver

2019-09-08 22:22:35 - [MESSAGE][PASSED] - Browser is opened with url: ''

2019-09-08 22:22:35 - [TEST_STEP][PASSED] - maximizeWindow(): Current window maximized

2019-09-08 22:22:36 - [MESSAGE][PASSED] - Current window maximized

2019-09-08 22:22:36 - [TEST_STEP][PASSED] - navigateToUrl("https://surveyconduct.feedback180.com/2loxunw?round=5"): Navigate to 'https://surveyconduct.feedback180.com/2loxunw?round=5' successfully

2019-09-08 22:22:37 - [MESSAGE][PASSED] - Navigate to 'https://surveyconduct.feedback180.com/2loxunw?round=5' successfully

2019-09-08 22:22:37 - [TEST_STEP][PASSED] - click(findTestObject("btn_start")): Object: 'Object Repository/btn_start' is clicked on

2019-09-08 22:22:37 - [MESSAGE][PASSED] - Object: 'Object Repository/btn_start' is clicked on

2019-09-08 22:22:37 - [TEST_STEP][PASSED] - waitForElementVisible(findTestObject("dropdown_region"), time): Object 'Object Repository/dropdown_region' is visible

2019-09-08 22:22:38 - [MESSAGE][PASSED] - Object 'Object Repository/dropdown_region' is visible

2019-09-08 22:22:38 - [TEST_STEP][PASSED] - selectOptionByLabel(findTestObject("dropdown_region"), xlsData.getValue("B2_1", row), true): All options with label 'ภาคตะวันออกเฉียงเหนือ' are selected in object 'Object Repository/dropdown_region'  using regular expression

2019-09-08 22:22:38 - [MESSAGE][PASSED] - All options with label 'ภาคตะวันออกเฉียงเหนือ' are selected in object 'Object Repository/dropdown_region'  using regular expression

2019-09-08 22:22:38 - [TEST_STEP][PASSED] - waitForElementVisible(findTestObject("dropdown_branch"), time): Object 'Object Repository/dropdown_branch' is visible

2019-09-08 22:22:38 - [MESSAGE][PASSED] - Object 'Object Repository/dropdown_branch' is visible

2019-09-08 22:22:38 - [TEST_STEP][PASSED] - selectOptionByLabel(findTestObject("dropdown_branch"), xlsData.getValue("B2_2", row), true): All options with label 'เซ็นทรัลพลาซา อุดรธานี' are selected in object 'Object Repository/dropdown_branch'  using regular expression

2019-09-08 22:22:38 - [MESSAGE][PASSED] - All options with label 'เซ็นทรัลพลาซา อุดรธานี' are selected in object 'Object Repository/dropdown_branch'  using regular expression

2019-09-08 22:22:38 - [TEST_STEP][PASSED] - waitForElementVisible(findTestObject("btn_next"), time): Object 'Object Repository/btn_next' is visible

2019-09-08 22:22:38 - [MESSAGE][PASSED] - Object 'Object Repository/btn_next' is visible

2019-09-08 22:22:38 - [TEST_STEP][PASSED] - click(findTestObject("btn_next")): Object: 'Object Repository/btn_next' is clicked on

2019-09-08 22:22:38 - [MESSAGE][PASSED] - Object: 'Object Repository/btn_next' is clicked on

2019-09-08 22:22:38 - [TEST_STEP][PASSED] - click(findTestObject("radio_age", ["age":xlsData.getValue("T2", row)])): Object: 'Object Repository/radio_age' is clicked on

2019-09-08 22:22:38 - [MESSAGE][PASSED] - Object: 'Object Repository/radio_age' is clicked on

2019-09-08 22:22:38 - [TEST_STEP][PASSED] - waitForElementVisible(findTestObject("btn_next"), time): Object 'Object Repository/btn_next' is visible

2019-09-08 22:22:38 - [MESSAGE][PASSED] - Object 'Object Repository/btn_next' is visible

2019-09-08 22:22:38 - [TEST_STEP][PASSED] - click(findTestObject("btn_next")): Object: 'Object Repository/btn_next' is clicked on

2019-09-08 22:22:38 - [MESSAGE][PASSED] - Object: 'Object Repository/btn_next' is clicked on

2019-09-08 22:22:38 - [TEST_STEP][PASSED] - click(findTestObject("radio_age", ["age":xlsData.getValue("T3", row)])): Object: 'Object Repository/radio_age' is clicked on

2019-09-08 22:22:38 - [MESSAGE][PASSED] - Object: 'Object Repository/radio_age' is clicked on

2019-09-08 22:22:38 - [TEST_STEP][PASSED] - waitForElementVisible(findTestObject("btn_next"), time): Object 'Object Repository/btn_next' is visible

2019-09-08 22:22:38 - [MESSAGE][PASSED] - Object 'Object Repository/btn_next' is visible

2019-09-08 22:22:38 - [TEST_STEP][PASSED] - click(findTestObject("btn_next")): Object: 'Object Repository/btn_next' is clicked on

2019-09-08 22:22:38 - [MESSAGE][PASSED] - Object: 'Object Repository/btn_next' is clicked on

2019-09-08 22:22:38 - [TEST_STEP][PASSED] - click(findTestObject("vote_score", ["rowNo":"1", "vote":xlsData.getValue("S1", row)])): Object: 'Object Repository/vote_score' is clicked on

2019-09-08 22:22:38 - [MESSAGE][PASSED] - Object: 'Object Repository/vote_score' is clicked on

2019-09-08 22:22:38 - [TEST_STEP][PASSED] - waitForElementVisible(findTestObject("btn_next"), time): Object 'Object Repository/btn_next' is visible

2019-09-08 22:22:38 - [MESSAGE][PASSED] - Object 'Object Repository/btn_next' is visible

2019-09-08 22:22:38 - [TEST_STEP][PASSED] - click(findTestObject("btn_next")): Object: 'Object Repository/btn_next' is clicked on

2019-09-08 22:22:38 - [MESSAGE][PASSED] - Object: 'Object Repository/btn_next' is clicked on

2019-09-08 22:22:38 - [TEST_STEP][PASSED] - click(findTestObject("radio_age", ["age":xlsData.getValue("S2", row)])): Object: 'Object Repository/radio_age' is clicked on

2019-09-08 22:22:38 - [MESSAGE][PASSED] - Object: 'Object Repository/radio_age' is clicked on

2019-09-08 22:22:38 - [TEST_STEP][PASSED] - waitForElementVisible(findTestObject("btn_next"), time): Object 'Object Repository/btn_next' is visible

2019-09-08 22:22:38 - [MESSAGE][PASSED] - Object 'Object Repository/btn_next' is visible

2019-09-08 22:22:38 - [TEST_STEP][PASSED] - click(findTestObject("btn_next")): Object: 'Object Repository/btn_next' is clicked on

2019-09-08 22:22:39 - [MESSAGE][PASSED] - Object: 'Object Repository/btn_next' is clicked on

2019-09-08 22:22:39 - [TEST_STEP][PASSED] - "สำหรับเจ้าหน้าที่ศูนย์การค้าในข้างต้นคุณมีความพึงพอใจต่อการให้บริการในด้านต่อไปนี้ระดับใด?": null

2019-09-08 22:22:39 - [TEST_STEP][PASSED] - click(findTestObject("vote_score", ["rowNo":"1", "vote":xlsData.getValue("S3_1", row)])): Object: 'Object Repository/vote_score' is clicked on

2019-09-08 22:22:39 - [MESSAGE][PASSED] - Object: 'Object Repository/vote_score' is clicked on

2019-09-08 22:22:39 - [TEST_STEP][PASSED] - click(findTestObject("vote_score", ["rowNo":"2", "vote":xlsData.getValue("S3_2", row)])): Object: 'Object Repository/vote_score' is clicked on

2019-09-08 22:22:39 - [MESSAGE][PASSED] - Object: 'Object Repository/vote_score' is clicked on

2019-09-08 22:22:39 - [TEST_STEP][PASSED] - click(findTestObject("vote_score", ["rowNo":"3", "vote":xlsData.getValue("S3_3", row)])): Object: 'Object Repository/vote_score' is clicked on

2019-09-08 22:22:39 - [MESSAGE][PASSED] - Object: 'Object Repository/vote_score' is clicked on

2019-09-08 22:22:39 - [TEST_STEP][PASSED] - click(findTestObject("vote_score", ["rowNo":"4", "vote":xlsData.getValue("S3_4", row)])): Object: 'Object Repository/vote_score' is clicked on

2019-09-08 22:22:39 - [MESSAGE][PASSED] - Object: 'Object Repository/vote_score' is clicked on

2019-09-08 22:22:39 - [TEST_STEP][PASSED] - click(findTestObject("vote_score", ["rowNo":"5", "vote":xlsData.getValue("S3_5", row)])): Object: 'Object Repository/vote_score' is clicked on

2019-09-08 22:22:39 - [MESSAGE][PASSED] - Object: 'Object Repository/vote_score' is clicked on

2019-09-08 22:22:39 - [TEST_STEP][PASSED] - waitForElementVisible(findTestObject("btn_next"), time): Object 'Object Repository/btn_next' is visible

2019-09-08 22:22:39 - [MESSAGE][PASSED] - Object 'Object Repository/btn_next' is visible

2019-09-08 22:22:39 - [TEST_STEP][PASSED] - click(findTestObject("btn_next")): Object: 'Object Repository/btn_next' is clicked on

2019-09-08 22:22:39 - [MESSAGE][PASSED] - Object: 'Object Repository/btn_next' is clicked on

2019-09-08 22:22:39 - [TEST_STEP][PASSED] - "อีเว้นท์และโปรโมชั่นส่งเสริมการขาย": null

2019-09-08 22:22:39 - [TEST_STEP][PASSED] - click(findTestObject("vote_score", ["rowNo":"1", "vote":xlsData.getValue("S4_1", row)])): Object: 'Object Repository/vote_score' is clicked on

2019-09-08 22:22:39 - [MESSAGE][PASSED] - Object: 'Object Repository/vote_score' is clicked on

2019-09-08 22:22:39 - [TEST_STEP][PASSED] - click(findTestObject("vote_score", ["rowNo":"2", "vote":xlsData.getValue("S4_2", row)])): Object: 'Object Repository/vote_score' is clicked on

2019-09-08 22:22:39 - [MESSAGE][PASSED] - Object: 'Object Repository/vote_score' is clicked on

2019-09-08 22:22:39 - [TEST_STEP][PASSED] - click(findTestObject("vote_score", ["rowNo":"3", "vote":xlsData.getValue("S4_3", row)])): Object: 'Object Repository/vote_score' is clicked on

2019-09-08 22:22:39 - [MESSAGE][PASSED] - Object: 'Object Repository/vote_score' is clicked on

2019-09-08 22:22:39 - [TEST_STEP][PASSED] - click(findTestObject("vote_score", ["rowNo":"4", "vote":xlsData.getValue("S4_4", row)])): Object: 'Object Repository/vote_score' is clicked on

2019-09-08 22:22:39 - [MESSAGE][PASSED] - Object: 'Object Repository/vote_score' is clicked on

2019-09-08 22:22:39 - [TEST_STEP][PASSED] - click(findTestObject("vote_score", ["rowNo":"5", "vote":xlsData.getValue("S4_5", row)])): Object: 'Object Repository/vote_score' is clicked on

2019-09-08 22:22:39 - [MESSAGE][PASSED] - Object: 'Object Repository/vote_score' is clicked on

2019-09-08 22:22:39 - [TEST_STEP][PASSED] - waitForElementVisible(findTestObject("btn_next"), time): Object 'Object Repository/btn_next' is visible

2019-09-08 22:22:39 - [MESSAGE][PASSED] - Object 'Object Repository/btn_next' is visible

2019-09-08 22:22:39 - [TEST_STEP][PASSED] - click(findTestObject("btn_next")): Object: 'Object Repository/btn_next' is clicked on

2019-09-08 22:22:39 - [MESSAGE][PASSED] - Object: 'Object Repository/btn_next' is clicked on

2019-09-08 22:22:39 - [TEST_STEP][PASSED] - click(findTestObject("radio_age", ["age":xlsData.getValue("S4-1", row)])): Object: 'Object Repository/radio_age' is clicked on

2019-09-08 22:22:39 - [MESSAGE][PASSED] - Object: 'Object Repository/radio_age' is clicked on

2019-09-08 22:22:39 - [TEST_STEP][PASSED] - waitForElementVisible(findTestObject("btn_next"), time): Object 'Object Repository/btn_next' is visible

2019-09-08 22:22:39 - [MESSAGE][PASSED] - Object 'Object Repository/btn_next' is visible

2019-09-08 22:22:39 - [TEST_STEP][PASSED] - click(findTestObject("btn_next")): Object: 'Object Repository/btn_next' is clicked on

2019-09-08 22:22:39 - [MESSAGE][PASSED] - Object: 'Object Repository/btn_next' is clicked on

2019-09-08 22:22:39 - [TEST_STEP][PASSED] - if (getValue("S4-1", row).equalsIgnoreCase("1")): Object: 'Object Repository/btn_next' is clicked on

2019-09-08 22:22:39 - [TEST_STEP][PASSED] - click(findTestObject("vote_score", ["rowNo":"1", "vote":xlsData.getValue("S4_6", row)])): Object: 'Object Repository/vote_score' is clicked on

2019-09-08 22:22:39 - [MESSAGE][PASSED] - Object: 'Object Repository/vote_score' is clicked on

2019-09-08 22:22:39 - [TEST_STEP][PASSED] - click(findTestObject("vote_score", ["rowNo":"2", "vote":xlsData.getValue("S4_7", row)])): Object: 'Object Repository/vote_score' is clicked on

2019-09-08 22:22:39 - [MESSAGE][PASSED] - Object: 'Object Repository/vote_score' is clicked on

2019-09-08 22:22:39 - [TEST_STEP][PASSED] - click(findTestObject("vote_score", ["rowNo":"3", "vote":xlsData.getValue("S4_8", row)])): Object: 'Object Repository/vote_score' is clicked on

2019-09-08 22:22:40 - [MESSAGE][PASSED] - Object: 'Object Repository/vote_score' is clicked on

2019-09-08 22:22:40 - [TEST_STEP][PASSED] - click(findTestObject("vote_score", ["rowNo":"4", "vote":xlsData.getValue("S4_9", row)])): Object: 'Object Repository/vote_score' is clicked on

2019-09-08 22:22:40 - [MESSAGE][PASSED] - Object: 'Object Repository/vote_score' is clicked on

2019-09-08 22:22:40 - [TEST_STEP][PASSED] - waitForElementVisible(findTestObject("btn_next"), time): Object 'Object Repository/btn_next' is visible

2019-09-08 22:22:40 - [MESSAGE][PASSED] - Object 'Object Repository/btn_next' is visible

2019-09-08 22:22:40 - [TEST_STEP][PASSED] - click(findTestObject("btn_next")): Object: 'Object Repository/btn_next' is clicked on

2019-09-08 22:22:40 - [MESSAGE][PASSED] - Object: 'Object Repository/btn_next' is clicked on

2019-09-08 22:22:40 - [TEST_STEP][PASSED] - "สภาพแวดล้อมบริเวณหน้าร้านค้าและภายในศูนย์การค้า": null

2019-09-08 22:22:40 - [TEST_STEP][PASSED] - click(findTestObject("vote_score", ["rowNo":"1", "vote":xlsData.getValue("S4_11", row)])): Object: 'Object Repository/vote_score' is clicked on

2019-09-08 22:22:40 - [MESSAGE][PASSED] - Object: 'Object Repository/vote_score' is clicked on

2019-09-08 22:22:40 - [TEST_STEP][PASSED] - click(findTestObject("vote_score", ["rowNo":"2", "vote":xlsData.getValue("S4_12", row)])): Object: 'Object Repository/vote_score' is clicked on

2019-09-08 22:22:40 - [MESSAGE][PASSED] - Object: 'Object Repository/vote_score' is clicked on

2019-09-08 22:22:40 - [TEST_STEP][PASSED] - click(findTestObject("vote_score", ["rowNo":"3", "vote":xlsData.getValue("S4_13", row)])): Object: 'Object Repository/vote_score' is clicked on

2019-09-08 22:22:40 - [MESSAGE][PASSED] - Object: 'Object Repository/vote_score' is clicked on

2019-09-08 22:22:40 - [TEST_STEP][PASSED] - click(findTestObject("vote_score", ["rowNo":"4", "vote":xlsData.getValue("S4_14", row)])): Object: 'Object Repository/vote_score' is clicked on

2019-09-08 22:22:40 - [MESSAGE][PASSED] - Object: 'Object Repository/vote_score' is clicked on

2019-09-08 22:22:40 - [TEST_STEP][PASSED] - click(findTestObject("vote_score", ["rowNo":"5", "vote":xlsData.getValue("S4_15.1", row)])): Object: 'Object Repository/vote_score' is clicked on

2019-09-08 22:22:40 - [MESSAGE][PASSED] - Object: 'Object Repository/vote_score' is clicked on

2019-09-08 22:22:40 - [TEST_STEP][PASSED] - click(findTestObject("vote_score", ["rowNo":"6", "vote":xlsData.getValue("S4_15.2", row)])): Object: 'Object Repository/vote_score' is clicked on

2019-09-08 22:22:40 - [MESSAGE][PASSED] - Object: 'Object Repository/vote_score' is clicked on

2019-09-08 22:22:40 - [TEST_STEP][PASSED] - waitForElementVisible(findTestObject("btn_next"), time): Object 'Object Repository/btn_next' is visible

2019-09-08 22:22:40 - [MESSAGE][PASSED] - Object 'Object Repository/btn_next' is visible

2019-09-08 22:22:40 - [TEST_STEP][PASSED] - click(findTestObject("btn_next")): Object: 'Object Repository/btn_next' is clicked on

2019-09-08 22:22:40 - [MESSAGE][PASSED] - Object: 'Object Repository/btn_next' is clicked on

2019-09-08 22:22:40 - [TEST_STEP][PASSED] - "การบริหารจัดการศูนย์การค้า": null

2019-09-08 22:22:40 - [TEST_STEP][PASSED] - click(findTestObject("vote_score", ["rowNo":"1", "vote":xlsData.getValue("S4_16", row)])): Object: 'Object Repository/vote_score' is clicked on

2019-09-08 22:22:40 - [MESSAGE][PASSED] - Object: 'Object Repository/vote_score' is clicked on

2019-09-08 22:22:40 - [TEST_STEP][PASSED] - click(findTestObject("vote_score", ["rowNo":"2", "vote":xlsData.getValue("S4_17", row)])): Object: 'Object Repository/vote_score' is clicked on

2019-09-08 22:22:40 - [MESSAGE][PASSED] - Object: 'Object Repository/vote_score' is clicked on

2019-09-08 22:22:40 - [TEST_STEP][PASSED] - click(findTestObject("vote_score", ["rowNo":"3", "vote":xlsData.getValue("S4_18", row)])): Object: 'Object Repository/vote_score' is clicked on

2019-09-08 22:22:40 - [MESSAGE][PASSED] - Object: 'Object Repository/vote_score' is clicked on

2019-09-08 22:22:40 - [TEST_STEP][PASSED] - waitForElementVisible(findTestObject("btn_next"), time): Object 'Object Repository/btn_next' is visible

2019-09-08 22:22:40 - [MESSAGE][PASSED] - Object 'Object Repository/btn_next' is visible

2019-09-08 22:22:40 - [TEST_STEP][PASSED] - click(findTestObject("btn_next")): Object: 'Object Repository/btn_next' is clicked on

2019-09-08 22:22:40 - [MESSAGE][PASSED] - Object: 'Object Repository/btn_next' is clicked on

2019-09-08 22:22:40 - [TEST_STEP][PASSED] - setText(findTestObject("text_area2"), xlsData.getValue("S5", row)): Text 'Test3' is set on object 'Object Repository/text_area2'

2019-09-08 22:22:40 - [MESSAGE][PASSED] - Text 'Test3' is set on object 'Object Repository/text_area2'

2019-09-08 22:22:40 - [TEST_STEP][PASSED] - waitForElementVisible(findTestObject("btn_next"), time): Object 'Object Repository/btn_next' is visible

2019-09-08 22:22:40 - [MESSAGE][PASSED] - Object 'Object Repository/btn_next' is visible

2019-09-08 22:22:40 - [TEST_STEP][PASSED] - click(findTestObject("btn_next")): Object: 'Object Repository/btn_next' is clicked on

2019-09-08 22:22:41 - [MESSAGE][PASSED] - Object: 'Object Repository/btn_next' is clicked on

2019-09-08 22:22:41 - [TEST_STEP][PASSED] - closeBrowser(): Browser is closed

2019-09-08 22:22:41 - [MESSAGE][PASSED] - Browser is closed

2019-09-08 22:22:41 - [TEST_STEP][PASSED] - openBrowser(""): Browser is opened with url: ''

2019-09-08 22:22:41 - [MESSAGE][INFO] - Starting 'Chrome' driver

2019-09-08 22:22:42 - [MESSAGE][PASSED] - Browser is opened with url: ''

2019-09-08 22:22:42 - [TEST_STEP][PASSED] - maximizeWindow(): Current window maximized

2019-09-08 22:22:42 - [MESSAGE][PASSED] - Current window maximized

2019-09-08 22:22:42 - [TEST_STEP][PASSED] - navigateToUrl("https://surveyconduct.feedback180.com/2loxunw?round=5"): Navigate to 'https://surveyconduct.feedback180.com/2loxunw?round=5' successfully

2019-09-08 22:22:43 - [MESSAGE][PASSED] - Navigate to 'https://surveyconduct.feedback180.com/2loxunw?round=5' successfully

2019-09-08 22:22:43 - [TEST_STEP][PASSED] - click(findTestObject("btn_start")): Object: 'Object Repository/btn_start' is clicked on

2019-09-08 22:22:43 - [MESSAGE][PASSED] - Object: 'Object Repository/btn_start' is clicked on

2019-09-08 22:22:43 - [TEST_STEP][PASSED] - waitForElementVisible(findTestObject("dropdown_region"), time): Object 'Object Repository/dropdown_region' is visible

2019-09-08 22:22:43 - [MESSAGE][PASSED] - Object 'Object Repository/dropdown_region' is visible

2019-09-08 22:22:43 - [TEST_STEP][PASSED] - selectOptionByLabel(findTestObject("dropdown_region"), xlsData.getValue("B2_1", row), true): All options with label 'กรุงเทพฯ' are selected in object 'Object Repository/dropdown_region'  using regular expression

2019-09-08 22:22:43 - [MESSAGE][PASSED] - All options with label 'กรุงเทพฯ' are selected in object 'Object Repository/dropdown_region'  using regular expression

2019-09-08 22:22:43 - [TEST_STEP][PASSED] - waitForElementVisible(findTestObject("dropdown_branch"), time): Object 'Object Repository/dropdown_branch' is visible

2019-09-08 22:22:43 - [MESSAGE][PASSED] - Object 'Object Repository/dropdown_branch' is visible

2019-09-08 22:22:43 - [TEST_STEP][PASSED] - selectOptionByLabel(findTestObject("dropdown_branch"), xlsData.getValue("B2_2", row), true): All options with label 'เซ็นทรัลพลาซา  รัตนาธิเบศร์' are selected in object 'Object Repository/dropdown_branch'  using regular expression

2019-09-08 22:22:44 - [MESSAGE][PASSED] - All options with label 'เซ็นทรัลพลาซา  รัตนาธิเบศร์' are selected in object 'Object Repository/dropdown_branch'  using regular expression

2019-09-08 22:22:44 - [TEST_STEP][PASSED] - waitForElementVisible(findTestObject("btn_next"), time): Object 'Object Repository/btn_next' is visible

2019-09-08 22:22:44 - [MESSAGE][PASSED] - Object 'Object Repository/btn_next' is visible

2019-09-08 22:22:44 - [TEST_STEP][PASSED] - click(findTestObject("btn_next")): Object: 'Object Repository/btn_next' is clicked on

2019-09-08 22:22:44 - [MESSAGE][PASSED] - Object: 'Object Repository/btn_next' is clicked on

2019-09-08 22:22:44 - [TEST_STEP][PASSED] - click(findTestObject("radio_age", ["age":xlsData.getValue("T2", row)])): Object: 'Object Repository/radio_age' is clicked on

2019-09-08 22:22:44 - [MESSAGE][PASSED] - Object: 'Object Repository/radio_age' is clicked on

2019-09-08 22:22:44 - [TEST_STEP][PASSED] - waitForElementVisible(findTestObject("btn_next"), time): Object 'Object Repository/btn_next' is visible

2019-09-08 22:22:44 - [MESSAGE][PASSED] - Object 'Object Repository/btn_next' is visible

2019-09-08 22:22:44 - [TEST_STEP][PASSED] - click(findTestObject("btn_next")): Object: 'Object Repository/btn_next' is clicked on

2019-09-08 22:22:44 - [MESSAGE][PASSED] - Object: 'Object Repository/btn_next' is clicked on

2019-09-08 22:22:44 - [TEST_STEP][PASSED] - click(findTestObject("radio_age", ["age":xlsData.getValue("T3", row)])): Object: 'Object Repository/radio_age' is clicked on

2019-09-08 22:22:44 - [MESSAGE][PASSED] - Object: 'Object Repository/radio_age' is clicked on

2019-09-08 22:22:44 - [TEST_STEP][PASSED] - waitForElementVisible(findTestObject("btn_next"), time): Object 'Object Repository/btn_next' is visible

2019-09-08 22:22:44 - [MESSAGE][PASSED] - Object 'Object Repository/btn_next' is visible

2019-09-08 22:22:44 - [TEST_STEP][PASSED] - click(findTestObject("btn_next")): Object: 'Object Repository/btn_next' is clicked on

2019-09-08 22:22:44 - [MESSAGE][PASSED] - Object: 'Object Repository/btn_next' is clicked on

2019-09-08 22:22:44 - [TEST_STEP][PASSED] - click(findTestObject("vote_score", ["rowNo":"1", "vote":xlsData.getValue("S1", row)])): Object: 'Object Repository/vote_score' is clicked on

2019-09-08 22:22:44 - [MESSAGE][PASSED] - Object: 'Object Repository/vote_score' is clicked on

2019-09-08 22:22:44 - [TEST_STEP][PASSED] - waitForElementVisible(findTestObject("btn_next"), time): Object 'Object Repository/btn_next' is visible

2019-09-08 22:22:44 - [MESSAGE][PASSED] - Object 'Object Repository/btn_next' is visible

2019-09-08 22:22:44 - [TEST_STEP][PASSED] - click(findTestObject("btn_next")): Object: 'Object Repository/btn_next' is clicked on

2019-09-08 22:22:44 - [MESSAGE][PASSED] - Object: 'Object Repository/btn_next' is clicked on

2019-09-08 22:22:44 - [TEST_STEP][PASSED] - click(findTestObject("radio_age", ["age":xlsData.getValue("S2", row)])): Object: 'Object Repository/radio_age' is clicked on

2019-09-08 22:22:44 - [MESSAGE][PASSED] - Object: 'Object Repository/radio_age' is clicked on

2019-09-08 22:22:44 - [TEST_STEP][PASSED] - waitForElementVisible(findTestObject("btn_next"), time): Object 'Object Repository/btn_next' is visible

2019-09-08 22:22:44 - [MESSAGE][PASSED] - Object 'Object Repository/btn_next' is visible

2019-09-08 22:22:44 - [TEST_STEP][PASSED] - click(findTestObject("btn_next")): Object: 'Object Repository/btn_next' is clicked on

2019-09-08 22:22:44 - [MESSAGE][PASSED] - Object: 'Object Repository/btn_next' is clicked on

2019-09-08 22:22:44 - [TEST_STEP][PASSED] - "สำหรับเจ้าหน้าที่ศูนย์การค้าในข้างต้นคุณมีความพึงพอใจต่อการให้บริการในด้านต่อไปนี้ระดับใด?": null

2019-09-08 22:22:44 - [TEST_STEP][PASSED] - click(findTestObject("vote_score", ["rowNo":"1", "vote":xlsData.getValue("S3_1", row)])): Object: 'Object Repository/vote_score' is clicked on

2019-09-08 22:22:44 - [MESSAGE][PASSED] - Object: 'Object Repository/vote_score' is clicked on

2019-09-08 22:22:44 - [TEST_STEP][PASSED] - click(findTestObject("vote_score", ["rowNo":"2", "vote":xlsData.getValue("S3_2", row)])): Object: 'Object Repository/vote_score' is clicked on

2019-09-08 22:22:45 - [MESSAGE][PASSED] - Object: 'Object Repository/vote_score' is clicked on

2019-09-08 22:22:45 - [TEST_STEP][PASSED] - click(findTestObject("vote_score", ["rowNo":"3", "vote":xlsData.getValue("S3_3", row)])): Object: 'Object Repository/vote_score' is clicked on

2019-09-08 22:22:45 - [MESSAGE][PASSED] - Object: 'Object Repository/vote_score' is clicked on

2019-09-08 22:22:45 - [TEST_STEP][PASSED] - click(findTestObject("vote_score", ["rowNo":"4", "vote":xlsData.getValue("S3_4", row)])): Object: 'Object Repository/vote_score' is clicked on

2019-09-08 22:22:45 - [MESSAGE][PASSED] - Object: 'Object Repository/vote_score' is clicked on

2019-09-08 22:22:45 - [TEST_STEP][PASSED] - click(findTestObject("vote_score", ["rowNo":"5", "vote":xlsData.getValue("S3_5", row)])): Object: 'Object Repository/vote_score' is clicked on

2019-09-08 22:22:45 - [MESSAGE][PASSED] - Object: 'Object Repository/vote_score' is clicked on

2019-09-08 22:22:45 - [TEST_STEP][PASSED] - waitForElementVisible(findTestObject("btn_next"), time): Object 'Object Repository/btn_next' is visible

2019-09-08 22:22:45 - [MESSAGE][PASSED] - Object 'Object Repository/btn_next' is visible

2019-09-08 22:22:45 - [TEST_STEP][PASSED] - click(findTestObject("btn_next")): Object: 'Object Repository/btn_next' is clicked on

2019-09-08 22:22:45 - [MESSAGE][PASSED] - Object: 'Object Repository/btn_next' is clicked on

[...]

2019-09-08 22:23:37 - [MESSAGE][PASSED] - Object: 'Object Repository/vote_score' is clicked on

2019-09-08 22:23:37 - [TEST_STEP][PASSED] - waitForElementVisible(findTestObject("btn_next"), time): Object 'Object Repository/btn_next' is visible

2019-09-08 22:23:37 - [MESSAGE][PASSED] - Object 'Object Repository/btn_next' is visible

2019-09-08 22:23:37 - [TEST_STEP][PASSED] - click(findTestObject("btn_next")): Object: 'Object Repository/btn_next' is clicked on

2019-09-08 22:23:37 - [MESSAGE][PASSED] - Object: 'Object Repository/btn_next' is clicked on

2019-09-08 22:23:37 - [TEST_STEP][PASSED] - "การบริหารจัดการศูนย์การค้า": null

2019-09-08 22:23:37 - [TEST_STEP][PASSED] - click(findTestObject("vote_score", ["rowNo":"1", "vote":xlsData.getValue("S4_16", row)])): Object: 'Object Repository/vote_score' is clicked on

2019-09-08 22:23:37 - [MESSAGE][PASSED] - Object: 'Object Repository/vote_score' is clicked on

2019-09-08 22:23:37 - [TEST_STEP][PASSED] - click(findTestObject("vote_score", ["rowNo":"2", "vote":xlsData.getValue("S4_17", row)])): Object: 'Object Repository/vote_score' is clicked on

2019-09-08 22:23:37 - [MESSAGE][PASSED] - Object: 'Object Repository/vote_score' is clicked on

2019-09-08 22:23:37 - [TEST_STEP][PASSED] - click(findTestObject("vote_score", ["rowNo":"3", "vote":xlsData.getValue("S4_18", row)])): Object: 'Object Repository/vote_score' is clicked on

2019-09-08 22:23:37 - [MESSAGE][PASSED] - Object: 'Object Repository/vote_score' is clicked on

2019-09-08 22:23:37 - [TEST_STEP][PASSED] - waitForElementVisible(findTestObject("btn_next"), time): Object 'Object Repository/btn_next' is visible

2019-09-08 22:23:37 - [MESSAGE][PASSED] - Object 'Object Repository/btn_next' is visible

2019-09-08 22:23:37 - [TEST_STEP][PASSED] - click(findTestObject("btn_next")): Object: 'Object Repository/btn_next' is clicked on

2019-09-08 22:23:38 - [MESSAGE][PASSED] - Object: 'Object Repository/btn_next' is clicked on

2019-09-08 22:23:38 - [TEST_STEP][FAILED] - setText(findTestObject("text_area2"), xlsData.getValue("S5", row)): Unable to set text 'Test10' of object 'Object Repository/text_area2' (Root cause: com.kms.katalon.core.exception.StepFailedException: Unable to set text 'Test10' of object 'Object Repository/text_area2'
	at com.kms.katalon.core.webui.keyword.internal.WebUIKeywordMain.stepFailed(WebUIKeywordMain.groovy:64)
	at com.kms.katalon.core.webui.keyword.internal.WebUIKeywordMain.runKeyword(WebUIKeywordMain.groovy:26)
	at com.kms.katalon.core.webui.keyword.builtin.SetTextKeyword.setText(SetTextKeyword.groovy:66)
	at com.kms.katalon.core.webui.keyword.builtin.SetTextKeyword.execute(SetTextKeyword.groovy:37)
	at com.kms.katalon.core.keyword.internal.KeywordExecutor.executeKeywordForPlatform(KeywordExecutor.groovy:56)
	at com.kms.katalon.core.webui.keyword.WebUiBuiltInKeywords.setText(WebUiBuiltInKeywords.groovy:950)
	at com.kms.katalon.core.webui.keyword.WebUiBuiltInKeywords$setText$5.call(Unknown Source)
	at TC-02_CPN_Tenants.run(TC-02_CPN_Tenants:186)
	at com.kms.katalon.core.main.ScriptEngine.run(ScriptEngine.java:194)
	at com.kms.katalon.core.main.ScriptEngine.runScriptAsRawText(ScriptEngine.java:119)
	at com.kms.katalon.core.main.TestCaseExecutor.runScript(TestCaseExecutor.java:337)
	at com.kms.katalon.core.main.TestCaseExecutor.doExecute(TestCaseExecutor.java:328)
	at com.kms.katalon.core.main.TestCaseExecutor.processExecutionPhase(TestCaseExecutor.java:307)
	at com.kms.katalon.core.main.TestCaseExecutor.accessMainPhase(TestCaseExecutor.java:299)
	at com.kms.katalon.core.main.TestCaseExecutor.execute(TestCaseExecutor.java:233)
	at com.kms.katalon.core.main.TestSuiteExecutor.accessTestCaseMainPhase(TestSuiteExecutor.java:133)
	at com.kms.katalon.core.main.TestSuiteExecutor.accessTestSuiteMainPhase(TestSuiteExecutor.java:116)
	at com.kms.katalon.core.main.TestSuiteExecutor.execute(TestSuiteExecutor.java:83)
	at com.kms.katalon.core.main.TestCaseMain.startTestSuite(TestCaseMain.java:157)
	at com.kms.katalon.core.main.TestCaseMain$startTestSuite$0.call(Unknown Source)
	at TempTestSuite1567956135314.run(TempTestSuite1567956135314.groovy:35)
Caused by: com.kms.katalon.core.webui.exception.WebElementNotFoundException: Web element with id: 'Object Repository/text_area2' located by 'By.xpath: //div[@class='question_element']/descendant::textarea' not found
	at com.kms.katalon.core.webui.common.WebUiCommonHelper.findWebElement(WebUiCommonHelper.java:1097)
	at com.kms.katalon.core.webui.keyword.internal.WebUIAbstractKeyword.findWebElement(WebUIAbstractKeyword.groovy:27)
	at com.kms.katalon.core.webui.keyword.internal.WebUIAbstractKeyword.findWebElement(WebUIAbstractKeyword.groovy:26)
	at com.kms.katalon.core.webui.keyword.builtin.SetTextKeyword$_setText_closure1.doCall(SetTextKeyword.groovy:51)
	at com.kms.katalon.core.webui.keyword.builtin.SetTextKeyword$_setText_closure1.call(SetTextKeyword.groovy)
	at com.kms.katalon.core.webui.keyword.internal.WebUIKeywordMain.runKeyword(WebUIKeywordMain.groovy:20)
	at com.kms.katalon.core.webui.keyword.builtin.SetTextKeyword.setText(SetTextKeyword.groovy:66)
	at com.kms.katalon.core.webui.keyword.builtin.SetTextKeyword.execute(SetTextKeyword.groovy:37)
	at com.kms.katalon.core.keyword.internal.KeywordExecutor.executeKeywordForPlatform(KeywordExecutor.groovy:56)
	at com.kms.katalon.core.webui.keyword.WebUiBuiltInKeywords.setText(WebUiBuiltInKeywords.groovy:950)
	at com.kms.katalon.core.webui.keyword.WebUiBuiltInKeywords$setText$5.call(Unknown Source)
	at Script1567831760172.run(Script1567831760172.groovy:186)
	... 13 more
)

2019-09-08 22:23:48 - [MESSAGE][INFO] - Unable to find the element located by 'By.xpath: //div[@class='question_element']/descendant::textarea'. Please recheck the objects properties to make sure the desired element is located. 

2019-09-08 22:23:48 - [MESSAGE][FAILED] - Unable to set text 'Test10' of object 'Object Repository/text_area2' (Root cause: com.kms.katalon.core.exception.StepFailedException: Unable to set text 'Test10' of object 'Object Repository/text_area2'
	at com.kms.katalon.core.webui.keyword.internal.WebUIKeywordMain.stepFailed(WebUIKeywordMain.groovy:64)
	at com.kms.katalon.core.webui.keyword.internal.WebUIKeywordMain.runKeyword(WebUIKeywordMain.groovy:26)
	at com.kms.katalon.core.webui.keyword.builtin.SetTextKeyword.setText(SetTextKeyword.groovy:66)
	at com.kms.katalon.core.webui.keyword.builtin.SetTextKeyword.execute(SetTextKeyword.groovy:37)
	at com.kms.katalon.core.keyword.internal.KeywordExecutor.executeKeywordForPlatform(KeywordExecutor.groovy:56)
	at com.kms.katalon.core.webui.keyword.WebUiBuiltInKeywords.setText(WebUiBuiltInKeywords.groovy:950)
	at com.kms.katalon.core.webui.keyword.WebUiBuiltInKeywords$setText$5.call(Unknown Source)
	at TC-02_CPN_Tenants.run(TC-02_CPN_Tenants:186)
	at com.kms.katalon.core.main.ScriptEngine.run(ScriptEngine.java:194)
	at com.kms.katalon.core.main.ScriptEngine.runScriptAsRawText(ScriptEngine.java:119)
	at com.kms.katalon.core.main.TestCaseExecutor.runScript(TestCaseExecutor.java:337)
	at com.kms.katalon.core.main.TestCaseExecutor.doExecute(TestCaseExecutor.java:328)
	at com.kms.katalon.core.main.TestCaseExecutor.processExecutionPhase(TestCaseExecutor.java:307)
	at com.kms.katalon.core.main.TestCaseExecutor.accessMainPhase(TestCaseExecutor.java:299)
	at com.kms.katalon.core.main.TestCaseExecutor.execute(TestCaseExecutor.java:233)
	at com.kms.katalon.core.main.TestSuiteExecutor.accessTestCaseMainPhase(TestSuiteExecutor.java:133)
	at com.kms.katalon.core.main.TestSuiteExecutor.accessTestSuiteMainPhase(TestSuiteExecutor.java:116)
	at com.kms.katalon.core.main.TestSuiteExecutor.execute(TestSuiteExecutor.java:83)
	at com.kms.katalon.core.main.TestCaseMain.startTestSuite(TestCaseMain.java:157)
	at com.kms.katalon.core.main.TestCaseMain$startTestSuite$0.call(Unknown Source)
	at TempTestSuite1567956135314.run(TempTestSuite1567956135314.groovy:35)
Caused by: com.kms.katalon.core.webui.exception.WebElementNotFoundException: Web element with id: 'Object Repository/text_area2' located by 'By.xpath: //div[@class='question_element']/descendant::textarea' not found
	at com.kms.katalon.core.webui.common.WebUiCommonHelper.findWebElement(WebUiCommonHelper.java:1097)
	at com.kms.katalon.core.webui.keyword.internal.WebUIAbstractKeyword.findWebElement(WebUIAbstractKeyword.groovy:27)
	at com.kms.katalon.core.webui.keyword.internal.WebUIAbstractKeyword.findWebElement(WebUIAbstractKeyword.groovy:26)
	at com.kms.katalon.core.webui.keyword.builtin.SetTextKeyword$_setText_closure1.doCall(SetTextKeyword.groovy:51)
	at com.kms.katalon.core.webui.keyword.builtin.SetTextKeyword$_setText_closure1.call(SetTextKeyword.groovy)
	at com.kms.katalon.core.webui.keyword.internal.WebUIKeywordMain.runKeyword(WebUIKeywordMain.groovy:20)
	at com.kms.katalon.core.webui.keyword.builtin.SetTextKeyword.setText(SetTextKeyword.groovy:66)
	at com.kms.katalon.core.webui.keyword.builtin.SetTextKeyword.execute(SetTextKeyword.groovy:37)
	at com.kms.katalon.core.keyword.internal.KeywordExecutor.executeKeywordForPlatform(KeywordExecutor.groovy:56)
	at com.kms.katalon.core.webui.keyword.WebUiBuiltInKeywords.setText(WebUiBuiltInKeywords.groovy:950)
	at com.kms.katalon.core.webui.keyword.WebUiBuiltInKeywords$setText$5.call(Unknown Source)
	at Script1567831760172.run(Script1567831760172.groovy:186)
	... 13 more
)
[[ATTACHMENT|/Users/natty/Katalon Studio/CPN_R5/Reports/TC-02/20190908_222215/1567956228252.png]]

2019-09-08 22:23:48 - [TEST_STEP][PASSED] - waitForElementVisible(findTestObject("btn_next"), time): Object 'Object Repository/btn_next' is visible

2019-09-08 22:23:48 - [MESSAGE][PASSED] - Object 'Object Repository/btn_next' is visible

2019-09-08 22:23:48 - [TEST_STEP][PASSED] - click(findTestObject("btn_next")): Object: 'Object Repository/btn_next' is clicked on

2019-09-08 22:23:48 - [MESSAGE][PASSED] - Object: 'Object Repository/btn_next' is clicked on

2019-09-08 22:23:48 - [TEST_STEP][PASSED] - closeBrowser(): Browser is closed

2019-09-08 22:23:48 - [MESSAGE][PASSED] - Browser is closed</system-out>
            <system-err>2019-09-08 22:22:16 - [TEST_CASE][FAILED] - Test Cases/TC-02_CPN_Tenants: Test Cases/TC-02_CPN_Tenants FAILED.
Reason:
com.kms.katalon.core.exception.StepFailedException: Unable to click on object 'Object Repository/vote_score' (Root cause: com.kms.katalon.core.exception.StepFailedException: Unable to click on object 'Object Repository/vote_score'
	at com.kms.katalon.core.webui.keyword.internal.WebUIKeywordMain.stepFailed(WebUIKeywordMain.groovy:64)
	at com.kms.katalon.core.webui.keyword.internal.WebUIKeywordMain.runKeyword(WebUIKeywordMain.groovy:26)
	at com.kms.katalon.core.webui.keyword.builtin.ClickKeyword.click(ClickKeyword.groovy:86)
	at com.kms.katalon.core.webui.keyword.builtin.ClickKeyword.execute(ClickKeyword.groovy:67)
	at com.kms.katalon.core.keyword.internal.KeywordExecutor.executeKeywordForPlatform(KeywordExecutor.groovy:56)
	at com.kms.katalon.core.webui.keyword.WebUiBuiltInKeywords.click(WebUiBuiltInKeywords.groovy:616)
	at com.kms.katalon.core.webui.keyword.WebUiBuiltInKeywords$click$2.call(Unknown Source)
	at TC-02_CPN_Tenants.run(TC-02_CPN_Tenants:154)
	at com.kms.katalon.core.main.ScriptEngine.run(ScriptEngine.java:194)
	at com.kms.katalon.core.main.ScriptEngine.runScriptAsRawText(ScriptEngine.java:119)
	at com.kms.katalon.core.main.TestCaseExecutor.runScript(TestCaseExecutor.java:337)
	at com.kms.katalon.core.main.TestCaseExecutor.doExecute(TestCaseExecutor.java:328)
	at com.kms.katalon.core.main.TestCaseExecutor.processExecutionPhase(TestCaseExecutor.java:307)
	at com.kms.katalon.core.main.TestCaseExecutor.accessMainPhase(TestCaseExecutor.java:299)
	at com.kms.katalon.core.main.TestCaseExecutor.execute(TestCaseExecutor.java:233)
	at com.kms.katalon.core.main.TestSuiteExecutor.accessTestCaseMainPhase(TestSuiteExecutor.java:133)
	at com.kms.katalon.core.main.TestSuiteExecutor.accessTestSuiteMainPhase(TestSuiteExecutor.java:116)
	at com.kms.katalon.core.main.TestSuiteExecutor.execute(TestSuiteExecutor.java:83)
	at com.kms.katalon.core.main.TestCaseMain.startTestSuite(TestCaseMain.java:157)
	at com.kms.katalon.core.main.TestCaseMain$startTestSuite$0.call(Unknown Source)
	at TempTestSuite1567956135314.run(TempTestSuite1567956135314.groovy:35)
Caused by: org.openqa.selenium.ElementClickInterceptedException: element click intercepted: Element &lt;span class="checkmark"&gt;&lt;/span&gt; is not clickable at point (764, 227). Other element would receive the click: &lt;b&gt;...&lt;/b&gt;
  (Session info: chrome=76.0.3809.132)
Build info: version: '3.7.1', revision: '8a0099a', time: '2017-11-06T21:07:36.161Z'
System info: host: 'Nattys-MacBook-Pro.local', ip: 'fe80:0:0:0:10b8:8c7d:f38d:5dff%en0', os.name: 'Mac OS X', os.arch: 'x86_64', os.version: '10.14.6', java.version: '1.8.0_181'
Driver info: com.kms.katalon.selenium.driver.CChromeDriver
Capabilities {acceptInsecureCerts: false, browserName: chrome, browserVersion: 76.0.3809.132, chrome: {chromedriverVersion: 76.0.3809.126 (d80a294506b4..., userDataDir: /var/folders/qf/w8hk90rj4s7...}, goog:chromeOptions: {debuggerAddress: localhost:62885}, javascriptEnabled: true, networkConnectionEnabled: false, pageLoadStrategy: normal, platform: MAC, platformName: MAC, proxy: Proxy(direct), setWindowRect: true, strictFileInteractability: false, timeouts: {implicit: 0, pageLoad: 300000, script: 30000}, unhandledPromptBehavior: dismiss and notify}
Session ID: ca7eab6326935b8e32fb9959e688bf7f
	at org.openqa.selenium.remote.http.W3CHttpResponseCodec.createException(W3CHttpResponseCodec.java:187)
	at org.openqa.selenium.remote.http.W3CHttpResponseCodec.decode(W3CHttpResponseCodec.java:122)
	at org.openqa.selenium.remote.http.W3CHttpResponseCodec.decode(W3CHttpResponseCodec.java:49)
	at org.openqa.selenium.remote.HttpCommandExecutor.execute(HttpCommandExecutor.java:164)
	at org.openqa.selenium.remote.service.DriverCommandExecutor.execute(DriverCommandExecutor.java:83)
	at org.openqa.selenium.remote.RemoteWebDriver.execute(RemoteWebDriver.java:600)
	at com.kms.katalon.selenium.driver.CChromeDriver.execute(CChromeDriver.java:20)
	at org.openqa.selenium.remote.RemoteWebElement.execute(RemoteWebElement.java:279)
	at org.openqa.selenium.remote.RemoteWebElement.click(RemoteWebElement.java:83)
	at com.kms.katalon.core.webui.keyword.builtin.ClickKeyword$_click_closure1.doCall(ClickKeyword.groovy:79)
	at com.kms.katalon.core.webui.keyword.builtin.ClickKeyword$_click_closure1.call(ClickKeyword.groovy)
	at com.kms.katalon.core.webui.keyword.internal.WebUIKeywordMain.runKeyword(WebUIKeywordMain.groovy:20)
	at com.kms.katalon.core.webui.keyword.builtin.ClickKeyword.click(ClickKeyword.groovy:86)
	at com.kms.katalon.core.webui.keyword.builtin.ClickKeyword.execute(ClickKeyword.groovy:67)
	at com.kms.katalon.core.keyword.internal.KeywordExecutor.executeKeywordForPlatform(KeywordExecutor.groovy:56)
	at com.kms.katalon.core.webui.keyword.WebUiBuiltInKeywords.click(WebUiBuiltInKeywords.groovy:616)
	at com.kms.katalon.core.webui.keyword.WebUiBuiltInKeywords$click$2.call(Unknown Source)
	at Script1567831760172.run(Script1567831760172.groovy:154)
	... 13 more
)
	at com.kms.katalon.core.keyword.internal.KeywordMain.stepFailed(KeywordMain.groovy:39)
	at com.kms.katalon.core.webui.keyword.internal.WebUIKeywordMain.stepFailed(WebUIKeywordMain.groovy:64)
	at com.kms.katalon.core.webui.keyword.internal.WebUIKeywordMain.runKeyword(WebUIKeywordMain.groovy:26)
	at com.kms.katalon.core.webui.keyword.builtin.ClickKeyword.click(ClickKeyword.groovy:86)
	at com.kms.katalon.core.webui.keyword.builtin.ClickKeyword.execute(ClickKeyword.groovy:67)
	at com.kms.katalon.core.keyword.internal.KeywordExecutor.executeKeywordForPlatform(KeywordExecutor.groovy:56)
	at com.kms.katalon.core.webui.keyword.WebUiBuiltInKeywords.click(WebUiBuiltInKeywords.groovy:616)
	at com.kms.katalon.core.webui.keyword.WebUiBuiltInKeywords$click$2.call(Unknown Source)
	at TC-02_CPN_Tenants.run(TC-02_CPN_Tenants:154)
	at com.kms.katalon.core.main.ScriptEngine.run(ScriptEngine.java:194)
	at com.kms.katalon.core.main.ScriptEngine.runScriptAsRawText(ScriptEngine.java:119)
	at com.kms.katalon.core.main.TestCaseExecutor.runScript(TestCaseExecutor.java:337)
	at com.kms.katalon.core.main.TestCaseExecutor.doExecute(TestCaseExecutor.java:328)
	at com.kms.katalon.core.main.TestCaseExecutor.processExecutionPhase(TestCaseExecutor.java:307)
	at com.kms.katalon.core.main.TestCaseExecutor.accessMainPhase(TestCaseExecutor.java:299)
	at com.kms.katalon.core.main.TestCaseExecutor.execute(TestCaseExecutor.java:233)
	at com.kms.katalon.core.main.TestSuiteExecutor.accessTestCaseMainPhase(TestSuiteExecutor.java:133)
	at com.kms.katalon.core.main.TestSuiteExecutor.accessTestSuiteMainPhase(TestSuiteExecutor.java:116)
	at com.kms.katalon.core.main.TestSuiteExecutor.execute(TestSuiteExecutor.java:83)
	at com.kms.katalon.core.main.TestCaseMain.startTestSuite(TestCaseMain.java:157)
	at com.kms.katalon.core.main.TestCaseMain$startTestSuite$0.call(Unknown Source)
	at TempTestSuite1567956135314.run(TempTestSuite1567956135314.groovy:35)
Caused by: com.kms.katalon.core.exception.StepFailedException: Unable to click on object 'Object Repository/vote_score'
	... 21 more
Caused by: org.openqa.selenium.ElementClickInterceptedException: element click intercepted: Element &lt;span class="checkmark"&gt;&lt;/span&gt; is not clickable at point (764, 227). Other element would receive the click: &lt;b&gt;...&lt;/b&gt;
  (Session info: chrome=76.0.3809.132)
Build info: version: '3.7.1', revision: '8a0099a', time: '2017-11-06T21:07:36.161Z'
System info: host: 'Nattys-MacBook-Pro.local', ip: 'fe80:0:0:0:10b8:8c7d:f38d:5dff%en0', os.name: 'Mac OS X', os.arch: 'x86_64', os.version: '10.14.6', java.version: '1.8.0_181'
Driver info: com.kms.katalon.selenium.driver.CChromeDriver
Capabilities {acceptInsecureCerts: false, browserName: chrome, browserVersion: 76.0.3809.132, chrome: {chromedriverVersion: 76.0.3809.126 (d80a294506b4..., userDataDir: /var/folders/qf/w8hk90rj4s7...}, goog:chromeOptions: {debuggerAddress: localhost:62885}, javascriptEnabled: true, networkConnectionEnabled: false, pageLoadStrategy: normal, platform: MAC, platformName: MAC, proxy: Proxy(direct), setWindowRect: true, strictFileInteractability: false, timeouts: {implicit: 0, pageLoad: 300000, script: 30000}, unhandledPromptBehavior: dismiss and notify}
Session ID: ca7eab6326935b8e32fb9959e688bf7f
	at org.openqa.selenium.remote.http.W3CHttpResponseCodec.createException(W3CHttpResponseCodec.java:187)
	at org.openqa.selenium.remote.http.W3CHttpResponseCodec.decode(W3CHttpResponseCodec.java:122)
	at org.openqa.selenium.remote.http.W3CHttpResponseCodec.decode(W3CHttpResponseCodec.java:49)
	at org.openqa.selenium.remote.HttpCommandExecutor.execute(HttpCommandExecutor.java:164)
	at org.openqa.selenium.remote.service.DriverCommandExecutor.execute(DriverCommandExecutor.java:83)
	at org.openqa.selenium.remote.RemoteWebDriver.execute(RemoteWebDriver.java:600)
	at com.kms.katalon.selenium.driver.CChromeDriver.execute(CChromeDriver.java:20)
	at org.openqa.selenium.remote.RemoteWebElement.execute(RemoteWebElement.java:279)
	at org.openqa.selenium.remote.RemoteWebElement.click(RemoteWebElement.java:83)
	at com.kms.katalon.core.webui.keyword.builtin.ClickKeyword$_click_closure1.doCall(ClickKeyword.groovy:79)
	at com.kms.katalon.core.webui.keyword.builtin.ClickKeyword$_click_closure1.call(ClickKeyword.groovy)
	at com.kms.katalon.core.webui.keyword.internal.WebUIKeywordMain.runKeyword(WebUIKeywordMain.groovy:20)
	... 19 more</system-err>
        </testcase>
        <system-out>2019-09-08 22:22:16 - [TEST_SUITE][INCOMPLETE] - TC-02: null</system-out>
        <system-err>2019-09-08 22:22:16 - [TEST_SUITE][INCOMPLETE] - TC-02: null</system-err>
    </testsuite>
</testsuites>
